CRITICAL - 2023-05-22 11:06:18 --> Call to undefined function form_open()
#0 C:\Users\Proprietaire\Desktop\ppe_chopesgames\system\View\View.php(214): include()
#1 C:\Users\Proprietaire\Desktop\ppe_chopesgames\system\View\View.php(217): CodeIgniter\View\View->CodeIgniter\View\{closure}()
#2 C:\Users\Proprietaire\Desktop\ppe_chopesgames\system\Common.php(1097): CodeIgniter\View\View->render('templates/foote...', Array, true)
#3 C:\Users\Proprietaire\Desktop\ppe_chopesgames\app\Controllers\Visiteur.php(28): view('templates/foote...')
#4 C:\Users\Proprietaire\Desktop\ppe_chopesgames\system\CodeIgniter.php(824): App\Controllers\Visiteur->accueil()
#5 C:\Users\Proprietaire\Desktop\ppe_chopesgames\system\CodeIgniter.php(410): CodeIgniter\CodeIgniter->runController(Object(App\Controllers\Visiteur))
#6 C:\Users\Proprietaire\Desktop\ppe_chopesgames\system\CodeIgniter.php(318): CodeIgniter\CodeIgniter->handleRequest(NULL, Object(Config\Cache), false)
#7 C:\Users\Proprietaire\Desktop\ppe_chopesgames\public\index.php(37): CodeIgniter\CodeIgniter->run()
#8 C:\Users\Proprietaire\Desktop\ppe_chopesgames\system\Commands\Server\rewrite.php(43): require_once('C:\\Users\\Propri...')
#9 {main}
CRITICAL - 2023-05-22 11:06:23 --> Call to undefined function form_open()
#0 C:\Users\Proprietaire\Desktop\ppe_chopesgames\system\View\View.php(214): include()
#1 C:\Users\Proprietaire\Desktop\ppe_chopesgames\system\View\View.php(217): CodeIgniter\View\View->CodeIgniter\View\{closure}()
#2 C:\Users\Proprietaire\Desktop\ppe_chopesgames\system\Common.php(1097): CodeIgniter\View\View->render('templates/foote...', Array, true)
#3 C:\Users\Proprietaire\Desktop\ppe_chopesgames\app\Controllers\Visiteur.php(28): view('templates/foote...')
#4 C:\Users\Proprietaire\Desktop\ppe_chopesgames\system\CodeIgniter.php(824): App\Controllers\Visiteur->accueil()
#5 C:\Users\Proprietaire\Desktop\ppe_chopesgames\system\CodeIgniter.php(410): CodeIgniter\CodeIgniter->runController(Object(App\Controllers\Visiteur))
#6 C:\Users\Proprietaire\Desktop\ppe_chopesgames\system\CodeIgniter.php(318): CodeIgniter\CodeIgniter->handleRequest(NULL, Object(Config\Cache), false)
#7 C:\Users\Proprietaire\Desktop\ppe_chopesgames\public\index.php(37): CodeIgniter\CodeIgniter->run()
#8 C:\Users\Proprietaire\Desktop\ppe_chopesgames\system\Commands\Server\rewrite.php(43): require_once('C:\\Users\\Propri...')
#9 {main}
CRITICAL - 2023-05-22 11:06:57 --> Call to undefined function form_open()
#0 C:\Users\Proprietaire\Desktop\ppe_chopesgames\system\View\View.php(214): include()
#1 C:\Users\Proprietaire\Desktop\ppe_chopesgames\system\View\View.php(217): CodeIgniter\View\View->CodeIgniter\View\{closure}()
#2 C:\Users\Proprietaire\Desktop\ppe_chopesgames\system\Common.php(1097): CodeIgniter\View\View->render('templates/foote...', Array, true)
#3 C:\Users\Proprietaire\Desktop\ppe_chopesgames\app\Controllers\Visiteur.php(28): view('templates/foote...')
#4 C:\Users\Proprietaire\Desktop\ppe_chopesgames\system\CodeIgniter.php(824): App\Controllers\Visiteur->accueil()
#5 C:\Users\Proprietaire\Desktop\ppe_chopesgames\system\CodeIgniter.php(410): CodeIgniter\CodeIgniter->runController(Object(App\Controllers\Visiteur))
#6 C:\Users\Proprietaire\Desktop\ppe_chopesgames\system\CodeIgniter.php(318): CodeIgniter\CodeIgniter->handleRequest(NULL, Object(Config\Cache), false)
#7 C:\Users\Proprietaire\Desktop\ppe_chopesgames\public\index.php(37): CodeIgniter\CodeIgniter->run()
#8 C:\Users\Proprietaire\Desktop\ppe_chopesgames\system\Commands\Server\rewrite.php(43): require_once('C:\\Users\\Propri...')
#9 {main}
CRITICAL - 2023-05-22 11:07:11 --> Call to undefined function form_open()
#0 C:\Users\Proprietaire\Desktop\ppe_chopesgames\system\View\View.php(214): include()
#1 C:\Users\Proprietaire\Desktop\ppe_chopesgames\system\View\View.php(217): CodeIgniter\View\View->CodeIgniter\View\{closure}()
#2 C:\Users\Proprietaire\Desktop\ppe_chopesgames\system\Common.php(1097): CodeIgniter\View\View->render('templates/foote...', Array, true)
#3 C:\Users\Proprietaire\Desktop\ppe_chopesgames\app\Controllers\AdministrateurEmploye.php(21): view('templates/foote...')
#4 C:\Users\Proprietaire\Desktop\ppe_chopesgames\system\CodeIgniter.php(824): App\Controllers\AdministrateurEmploye->afficher_les_clients()
#5 C:\Users\Proprietaire\Desktop\ppe_chopesgames\system\CodeIgniter.php(410): CodeIgniter\CodeIgniter->runController(Object(App\Controllers\AdministrateurEmploye))
#6 C:\Users\Proprietaire\Desktop\ppe_chopesgames\system\CodeIgniter.php(318): CodeIgniter\CodeIgniter->handleRequest(NULL, Object(Config\Cache), false)
#7 C:\Users\Proprietaire\Desktop\ppe_chopesgames\public\index.php(37): CodeIgniter\CodeIgniter->run()
#8 C:\Users\Proprietaire\Desktop\ppe_chopesgames\system\Commands\Server\rewrite.php(43): require_once('C:\\Users\\Propri...')
#9 {main}
CRITICAL - 2023-05-22 11:33:35 --> Call to undefined function form_open()
#0 C:\Users\Proprietaire\Desktop\ppe_chopesgames\system\View\View.php(214): include()
#1 C:\Users\Proprietaire\Desktop\ppe_chopesgames\system\View\View.php(217): CodeIgniter\View\View->CodeIgniter\View\{closure}()
#2 C:\Users\Proprietaire\Desktop\ppe_chopesgames\system\Common.php(1097): CodeIgniter\View\View->render('templates/foote...', Array, true)
#3 C:\Users\Proprietaire\Desktop\ppe_chopesgames\app\Controllers\AdministrateurEmploye.php(21): view('templates/foote...')
#4 C:\Users\Proprietaire\Desktop\ppe_chopesgames\system\CodeIgniter.php(824): App\Controllers\AdministrateurEmploye->afficher_les_clients()
#5 C:\Users\Proprietaire\Desktop\ppe_chopesgames\system\CodeIgniter.php(410): CodeIgniter\CodeIgniter->runController(Object(App\Controllers\AdministrateurEmploye))
#6 C:\Users\Proprietaire\Desktop\ppe_chopesgames\system\CodeIgniter.php(318): CodeIgniter\CodeIgniter->handleRequest(NULL, Object(Config\Cache), false)
#7 C:\Users\Proprietaire\Desktop\ppe_chopesgames\public\index.php(37): CodeIgniter\CodeIgniter->run()
#8 C:\Users\Proprietaire\Desktop\ppe_chopesgames\system\Commands\Server\rewrite.php(43): require_once('C:\\Users\\Propri...')
#9 {main}
CRITICAL - 2023-05-22 11:33:38 --> Call to undefined function form_open()
#0 C:\Users\Proprietaire\Desktop\ppe_chopesgames\system\View\View.php(214): include()
#1 C:\Users\Proprietaire\Desktop\ppe_chopesgames\system\View\View.php(217): CodeIgniter\View\View->CodeIgniter\View\{closure}()
#2 C:\Users\Proprietaire\Desktop\ppe_chopesgames\system\Common.php(1097): CodeIgniter\View\View->render('templates/foote...', Array, true)
#3 C:\Users\Proprietaire\Desktop\ppe_chopesgames\app\Controllers\Visiteur.php(29): view('templates/foote...')
#4 C:\Users\Proprietaire\Desktop\ppe_chopesgames\system\CodeIgniter.php(824): App\Controllers\Visiteur->accueil()
#5 C:\Users\Proprietaire\Desktop\ppe_chopesgames\system\CodeIgniter.php(410): CodeIgniter\CodeIgniter->runController(Object(App\Controllers\Visiteur))
#6 C:\Users\Proprietaire\Desktop\ppe_chopesgames\system\CodeIgniter.php(318): CodeIgniter\CodeIgniter->handleRequest(NULL, Object(Config\Cache), false)
#7 C:\Users\Proprietaire\Desktop\ppe_chopesgames\public\index.php(37): CodeIgniter\CodeIgniter->run()
#8 C:\Users\Proprietaire\Desktop\ppe_chopesgames\system\Commands\Server\rewrite.php(43): require_once('C:\\Users\\Propri...')
#9 {main}
CRITICAL - 2023-05-22 11:34:14 --> Call to undefined function form_open()
#0 C:\Users\Proprietaire\Desktop\ppe_chopesgames\system\View\View.php(214): include()
#1 C:\Users\Proprietaire\Desktop\ppe_chopesgames\system\View\View.php(217): CodeIgniter\View\View->CodeIgniter\View\{closure}()
#2 C:\Users\Proprietaire\Desktop\ppe_chopesgames\system\Common.php(1097): CodeIgniter\View\View->render('templates/foote...', Array, true)
#3 C:\Users\Proprietaire\Desktop\ppe_chopesgames\app\Controllers\Visiteur.php(29): view('templates/foote...')
#4 C:\Users\Proprietaire\Desktop\ppe_chopesgames\system\CodeIgniter.php(824): App\Controllers\Visiteur->accueil()
#5 C:\Users\Proprietaire\Desktop\ppe_chopesgames\system\CodeIgniter.php(410): CodeIgniter\CodeIgniter->runController(Object(App\Controllers\Visiteur))
#6 C:\Users\Proprietaire\Desktop\ppe_chopesgames\system\CodeIgniter.php(318): CodeIgniter\CodeIgniter->handleRequest(NULL, Object(Config\Cache), false)
#7 C:\Users\Proprietaire\Desktop\ppe_chopesgames\public\index.php(37): CodeIgniter\CodeIgniter->run()
#8 C:\Users\Proprietaire\Desktop\ppe_chopesgames\system\Commands\Server\rewrite.php(43): require_once('C:\\Users\\Propri...')
#9 {main}
CRITICAL - 2023-05-22 11:34:15 --> Call to undefined function form_open()
#0 C:\Users\Proprietaire\Desktop\ppe_chopesgames\system\View\View.php(214): include()
#1 C:\Users\Proprietaire\Desktop\ppe_chopesgames\system\View\View.php(217): CodeIgniter\View\View->CodeIgniter\View\{closure}()
#2 C:\Users\Proprietaire\Desktop\ppe_chopesgames\system\Common.php(1097): CodeIgniter\View\View->render('templates/foote...', Array, true)
#3 C:\Users\Proprietaire\Desktop\ppe_chopesgames\app\Controllers\Visiteur.php(29): view('templates/foote...')
#4 C:\Users\Proprietaire\Desktop\ppe_chopesgames\system\CodeIgniter.php(824): App\Controllers\Visiteur->accueil()
#5 C:\Users\Proprietaire\Desktop\ppe_chopesgames\system\CodeIgniter.php(410): CodeIgniter\CodeIgniter->runController(Object(App\Controllers\Visiteur))
#6 C:\Users\Proprietaire\Desktop\ppe_chopesgames\system\CodeIgniter.php(318): CodeIgniter\CodeIgniter->handleRequest(NULL, Object(Config\Cache), false)
#7 C:\Users\Proprietaire\Desktop\ppe_chopesgames\public\index.php(37): CodeIgniter\CodeIgniter->run()
#8 C:\Users\Proprietaire\Desktop\ppe_chopesgames\system\Commands\Server\rewrite.php(43): require_once('C:\\Users\\Propri...')
#9 {main}
CRITICAL - 2023-05-22 11:34:15 --> Call to undefined function form_open()
#0 C:\Users\Proprietaire\Desktop\ppe_chopesgames\system\View\View.php(214): include()
#1 C:\Users\Proprietaire\Desktop\ppe_chopesgames\system\View\View.php(217): CodeIgniter\View\View->CodeIgniter\View\{closure}()
#2 C:\Users\Proprietaire\Desktop\ppe_chopesgames\system\Common.php(1097): CodeIgniter\View\View->render('templates/foote...', Array, true)
#3 C:\Users\Proprietaire\Desktop\ppe_chopesgames\app\Controllers\Visiteur.php(29): view('templates/foote...')
#4 C:\Users\Proprietaire\Desktop\ppe_chopesgames\system\CodeIgniter.php(824): App\Controllers\Visiteur->accueil()
#5 C:\Users\Proprietaire\Desktop\ppe_chopesgames\system\CodeIgniter.php(410): CodeIgniter\CodeIgniter->runController(Object(App\Controllers\Visiteur))
#6 C:\Users\Proprietaire\Desktop\ppe_chopesgames\system\CodeIgniter.php(318): CodeIgniter\CodeIgniter->handleRequest(NULL, Object(Config\Cache), false)
#7 C:\Users\Proprietaire\Desktop\ppe_chopesgames\public\index.php(37): CodeIgniter\CodeIgniter->run()
#8 C:\Users\Proprietaire\Desktop\ppe_chopesgames\system\Commands\Server\rewrite.php(43): require_once('C:\\Users\\Propri...')
#9 {main}
CRITICAL - 2023-05-22 11:34:15 --> Call to undefined function form_open()
#0 C:\Users\Proprietaire\Desktop\ppe_chopesgames\system\View\View.php(214): include()
#1 C:\Users\Proprietaire\Desktop\ppe_chopesgames\system\View\View.php(217): CodeIgniter\View\View->CodeIgniter\View\{closure}()
#2 C:\Users\Proprietaire\Desktop\ppe_chopesgames\system\Common.php(1097): CodeIgniter\View\View->render('templates/foote...', Array, true)
#3 C:\Users\Proprietaire\Desktop\ppe_chopesgames\app\Controllers\Visiteur.php(29): view('templates/foote...')
#4 C:\Users\Proprietaire\Desktop\ppe_chopesgames\system\CodeIgniter.php(824): App\Controllers\Visiteur->accueil()
#5 C:\Users\Proprietaire\Desktop\ppe_chopesgames\system\CodeIgniter.php(410): CodeIgniter\CodeIgniter->runController(Object(App\Controllers\Visiteur))
#6 C:\Users\Proprietaire\Desktop\ppe_chopesgames\system\CodeIgniter.php(318): CodeIgniter\CodeIgniter->handleRequest(NULL, Object(Config\Cache), false)
#7 C:\Users\Proprietaire\Desktop\ppe_chopesgames\public\index.php(37): CodeIgniter\CodeIgniter->run()
#8 C:\Users\Proprietaire\Desktop\ppe_chopesgames\system\Commands\Server\rewrite.php(43): require_once('C:\\Users\\Propri...')
#9 {main}
CRITICAL - 2023-05-22 11:34:15 --> Call to undefined function form_open()
#0 C:\Users\Proprietaire\Desktop\ppe_chopesgames\system\View\View.php(214): include()
#1 C:\Users\Proprietaire\Desktop\ppe_chopesgames\system\View\View.php(217): CodeIgniter\View\View->CodeIgniter\View\{closure}()
#2 C:\Users\Proprietaire\Desktop\ppe_chopesgames\system\Common.php(1097): CodeIgniter\View\View->render('templates/foote...', Array, true)
#3 C:\Users\Proprietaire\Desktop\ppe_chopesgames\app\Controllers\Visiteur.php(29): view('templates/foote...')
#4 C:\Users\Proprietaire\Desktop\ppe_chopesgames\system\CodeIgniter.php(824): App\Controllers\Visiteur->accueil()
#5 C:\Users\Proprietaire\Desktop\ppe_chopesgames\system\CodeIgniter.php(410): CodeIgniter\CodeIgniter->runController(Object(App\Controllers\Visiteur))
#6 C:\Users\Proprietaire\Desktop\ppe_chopesgames\system\CodeIgniter.php(318): CodeIgniter\CodeIgniter->handleRequest(NULL, Object(Config\Cache), false)
#7 C:\Users\Proprietaire\Desktop\ppe_chopesgames\public\index.php(37): CodeIgniter\CodeIgniter->run()
#8 C:\Users\Proprietaire\Desktop\ppe_chopesgames\system\Commands\Server\rewrite.php(43): require_once('C:\\Users\\Propri...')
#9 {main}
CRITICAL - 2023-05-22 11:34:15 --> Call to undefined function form_open()
#0 C:\Users\Proprietaire\Desktop\ppe_chopesgames\system\View\View.php(214): include()
#1 C:\Users\Proprietaire\Desktop\ppe_chopesgames\system\View\View.php(217): CodeIgniter\View\View->CodeIgniter\View\{closure}()
#2 C:\Users\Proprietaire\Desktop\ppe_chopesgames\system\Common.php(1097): CodeIgniter\View\View->render('templates/foote...', Array, true)
#3 C:\Users\Proprietaire\Desktop\ppe_chopesgames\app\Controllers\Visiteur.php(29): view('templates/foote...')
#4 C:\Users\Proprietaire\Desktop\ppe_chopesgames\system\CodeIgniter.php(824): App\Controllers\Visiteur->accueil()
#5 C:\Users\Proprietaire\Desktop\ppe_chopesgames\system\CodeIgniter.php(410): CodeIgniter\CodeIgniter->runController(Object(App\Controllers\Visiteur))
#6 C:\Users\Proprietaire\Desktop\ppe_chopesgames\system\CodeIgniter.php(318): CodeIgniter\CodeIgniter->handleRequest(NULL, Object(Config\Cache), false)
#7 C:\Users\Proprietaire\Desktop\ppe_chopesgames\public\index.php(37): CodeIgniter\CodeIgniter->run()
#8 C:\Users\Proprietaire\Desktop\ppe_chopesgames\system\Commands\Server\rewrite.php(43): require_once('C:\\Users\\Propri...')
#9 {main}
CRITICAL - 2023-05-22 11:34:16 --> Call to undefined function form_open()
#0 C:\Users\Proprietaire\Desktop\ppe_chopesgames\system\View\View.php(214): include()
#1 C:\Users\Proprietaire\Desktop\ppe_chopesgames\system\View\View.php(217): CodeIgniter\View\View->CodeIgniter\View\{closure}()
#2 C:\Users\Proprietaire\Desktop\ppe_chopesgames\system\Common.php(1097): CodeIgniter\View\View->render('templates/foote...', Array, true)
#3 C:\Users\Proprietaire\Desktop\ppe_chopesgames\app\Controllers\Visiteur.php(29): view('templates/foote...')
#4 C:\Users\Proprietaire\Desktop\ppe_chopesgames\system\CodeIgniter.php(824): App\Controllers\Visiteur->accueil()
#5 C:\Users\Proprietaire\Desktop\ppe_chopesgames\system\CodeIgniter.php(410): CodeIgniter\CodeIgniter->runController(Object(App\Controllers\Visiteur))
#6 C:\Users\Proprietaire\Desktop\ppe_chopesgames\system\CodeIgniter.php(318): CodeIgniter\CodeIgniter->handleRequest(NULL, Object(Config\Cache), false)
#7 C:\Users\Proprietaire\Desktop\ppe_chopesgames\public\index.php(37): CodeIgniter\CodeIgniter->run()
#8 C:\Users\Proprietaire\Desktop\ppe_chopesgames\system\Commands\Server\rewrite.php(43): require_once('C:\\Users\\Propri...')
#9 {main}
CRITICAL - 2023-05-22 11:35:09 --> Call to undefined function form_open()
#0 C:\Users\Proprietaire\Desktop\ppe_chopesgames\system\View\View.php(214): include()
#1 C:\Users\Proprietaire\Desktop\ppe_chopesgames\system\View\View.php(217): CodeIgniter\View\View->CodeIgniter\View\{closure}()
#2 C:\Users\Proprietaire\Desktop\ppe_chopesgames\system\Common.php(1097): CodeIgniter\View\View->render('templates/foote...', Array, true)
#3 C:\Users\Proprietaire\Desktop\ppe_chopesgames\app\Controllers\Visiteur.php(29): view('templates/foote...')
#4 C:\Users\Proprietaire\Desktop\ppe_chopesgames\system\CodeIgniter.php(824): App\Controllers\Visiteur->accueil()
#5 C:\Users\Proprietaire\Desktop\ppe_chopesgames\system\CodeIgniter.php(410): CodeIgniter\CodeIgniter->runController(Object(App\Controllers\Visiteur))
#6 C:\Users\Proprietaire\Desktop\ppe_chopesgames\system\CodeIgniter.php(318): CodeIgniter\CodeIgniter->handleRequest(NULL, Object(Config\Cache), false)
#7 C:\Users\Proprietaire\Desktop\ppe_chopesgames\public\index.php(37): CodeIgniter\CodeIgniter->run()
#8 C:\Users\Proprietaire\Desktop\ppe_chopesgames\system\Commands\Server\rewrite.php(43): require_once('C:\\Users\\Propri...')
#9 {main}
CRITICAL - 2023-05-22 11:35:10 --> Call to undefined function form_open()
#0 C:\Users\Proprietaire\Desktop\ppe_chopesgames\system\View\View.php(214): include()
#1 C:\Users\Proprietaire\Desktop\ppe_chopesgames\system\View\View.php(217): CodeIgniter\View\View->CodeIgniter\View\{closure}()
#2 C:\Users\Proprietaire\Desktop\ppe_chopesgames\system\Common.php(1097): CodeIgniter\View\View->render('templates/foote...', Array, true)
#3 C:\Users\Proprietaire\Desktop\ppe_chopesgames\app\Controllers\Visiteur.php(29): view('templates/foote...')
#4 C:\Users\Proprietaire\Desktop\ppe_chopesgames\system\CodeIgniter.php(824): App\Controllers\Visiteur->accueil()
#5 C:\Users\Proprietaire\Desktop\ppe_chopesgames\system\CodeIgniter.php(410): CodeIgniter\CodeIgniter->runController(Object(App\Controllers\Visiteur))
#6 C:\Users\Proprietaire\Desktop\ppe_chopesgames\system\CodeIgniter.php(318): CodeIgniter\CodeIgniter->handleRequest(NULL, Object(Config\Cache), false)
#7 C:\Users\Proprietaire\Desktop\ppe_chopesgames\public\index.php(37): CodeIgniter\CodeIgniter->run()
#8 C:\Users\Proprietaire\Desktop\ppe_chopesgames\system\Commands\Server\rewrite.php(43): require_once('C:\\Users\\Propri...')
#9 {main}
CRITICAL - 2023-05-22 11:35:10 --> Call to undefined function form_open()
#0 C:\Users\Proprietaire\Desktop\ppe_chopesgames\system\View\View.php(214): include()
#1 C:\Users\Proprietaire\Desktop\ppe_chopesgames\system\View\View.php(217): CodeIgniter\View\View->CodeIgniter\View\{closure}()
#2 C:\Users\Proprietaire\Desktop\ppe_chopesgames\system\Common.php(1097): CodeIgniter\View\View->render('templates/foote...', Array, true)
#3 C:\Users\Proprietaire\Desktop\ppe_chopesgames\app\Controllers\Visiteur.php(29): view('templates/foote...')
#4 C:\Users\Proprietaire\Desktop\ppe_chopesgames\system\CodeIgniter.php(824): App\Controllers\Visiteur->accueil()
#5 C:\Users\Proprietaire\Desktop\ppe_chopesgames\system\CodeIgniter.php(410): CodeIgniter\CodeIgniter->runController(Object(App\Controllers\Visiteur))
#6 C:\Users\Proprietaire\Desktop\ppe_chopesgames\system\CodeIgniter.php(318): CodeIgniter\CodeIgniter->handleRequest(NULL, Object(Config\Cache), false)
#7 C:\Users\Proprietaire\Desktop\ppe_chopesgames\public\index.php(37): CodeIgniter\CodeIgniter->run()
#8 C:\Users\Proprietaire\Desktop\ppe_chopesgames\system\Commands\Server\rewrite.php(43): require_once('C:\\Users\\Propri...')
#9 {main}
CRITICAL - 2023-05-22 11:35:10 --> Call to undefined function form_open()
#0 C:\Users\Proprietaire\Desktop\ppe_chopesgames\system\View\View.php(214): include()
#1 C:\Users\Proprietaire\Desktop\ppe_chopesgames\system\View\View.php(217): CodeIgniter\View\View->CodeIgniter\View\{closure}()
#2 C:\Users\Proprietaire\Desktop\ppe_chopesgames\system\Common.php(1097): CodeIgniter\View\View->render('templates/foote...', Array, true)
#3 C:\Users\Proprietaire\Desktop\ppe_chopesgames\app\Controllers\Visiteur.php(29): view('templates/foote...')
#4 C:\Users\Proprietaire\Desktop\ppe_chopesgames\system\CodeIgniter.php(824): App\Controllers\Visiteur->accueil()
#5 C:\Users\Proprietaire\Desktop\ppe_chopesgames\system\CodeIgniter.php(410): CodeIgniter\CodeIgniter->runController(Object(App\Controllers\Visiteur))
#6 C:\Users\Proprietaire\Desktop\ppe_chopesgames\system\CodeIgniter.php(318): CodeIgniter\CodeIgniter->handleRequest(NULL, Object(Config\Cache), false)
#7 C:\Users\Proprietaire\Desktop\ppe_chopesgames\public\index.php(37): CodeIgniter\CodeIgniter->run()
#8 C:\Users\Proprietaire\Desktop\ppe_chopesgames\system\Commands\Server\rewrite.php(43): require_once('C:\\Users\\Propri...')
#9 {main}
CRITICAL - 2023-05-22 11:35:11 --> Call to undefined function form_open()
#0 C:\Users\Proprietaire\Desktop\ppe_chopesgames\system\View\View.php(214): include()
#1 C:\Users\Proprietaire\Desktop\ppe_chopesgames\system\View\View.php(217): CodeIgniter\View\View->CodeIgniter\View\{closure}()
#2 C:\Users\Proprietaire\Desktop\ppe_chopesgames\system\Common.php(1097): CodeIgniter\View\View->render('templates/foote...', Array, true)
#3 C:\Users\Proprietaire\Desktop\ppe_chopesgames\app\Controllers\Visiteur.php(29): view('templates/foote...')
#4 C:\Users\Proprietaire\Desktop\ppe_chopesgames\system\CodeIgniter.php(824): App\Controllers\Visiteur->accueil()
#5 C:\Users\Proprietaire\Desktop\ppe_chopesgames\system\CodeIgniter.php(410): CodeIgniter\CodeIgniter->runController(Object(App\Controllers\Visiteur))
#6 C:\Users\Proprietaire\Desktop\ppe_chopesgames\system\CodeIgniter.php(318): CodeIgniter\CodeIgniter->handleRequest(NULL, Object(Config\Cache), false)
#7 C:\Users\Proprietaire\Desktop\ppe_chopesgames\public\index.php(37): CodeIgniter\CodeIgniter->run()
#8 C:\Users\Proprietaire\Desktop\ppe_chopesgames\system\Commands\Server\rewrite.php(43): require_once('C:\\Users\\Propri...')
#9 {main}
CRITICAL - 2023-05-22 11:35:11 --> Call to undefined function form_open()
#0 C:\Users\Proprietaire\Desktop\ppe_chopesgames\system\View\View.php(214): include()
#1 C:\Users\Proprietaire\Desktop\ppe_chopesgames\system\View\View.php(217): CodeIgniter\View\View->CodeIgniter\View\{closure}()
#2 C:\Users\Proprietaire\Desktop\ppe_chopesgames\system\Common.php(1097): CodeIgniter\View\View->render('templates/foote...', Array, true)
#3 C:\Users\Proprietaire\Desktop\ppe_chopesgames\app\Controllers\Visiteur.php(29): view('templates/foote...')
#4 C:\Users\Proprietaire\Desktop\ppe_chopesgames\system\CodeIgniter.php(824): App\Controllers\Visiteur->accueil()
#5 C:\Users\Proprietaire\Desktop\ppe_chopesgames\system\CodeIgniter.php(410): CodeIgniter\CodeIgniter->runController(Object(App\Controllers\Visiteur))
#6 C:\Users\Proprietaire\Desktop\ppe_chopesgames\system\CodeIgniter.php(318): CodeIgniter\CodeIgniter->handleRequest(NULL, Object(Config\Cache), false)
#7 C:\Users\Proprietaire\Desktop\ppe_chopesgames\public\index.php(37): CodeIgniter\CodeIgniter->run()
#8 C:\Users\Proprietaire\Desktop\ppe_chopesgames\system\Commands\Server\rewrite.php(43): require_once('C:\\Users\\Propri...')
#9 {main}
CRITICAL - 2023-05-22 11:35:11 --> Call to undefined function form_open()
#0 C:\Users\Proprietaire\Desktop\ppe_chopesgames\system\View\View.php(214): include()
#1 C:\Users\Proprietaire\Desktop\ppe_chopesgames\system\View\View.php(217): CodeIgniter\View\View->CodeIgniter\View\{closure}()
#2 C:\Users\Proprietaire\Desktop\ppe_chopesgames\system\Common.php(1097): CodeIgniter\View\View->render('templates/foote...', Array, true)
#3 C:\Users\Proprietaire\Desktop\ppe_chopesgames\app\Controllers\Visiteur.php(29): view('templates/foote...')
#4 C:\Users\Proprietaire\Desktop\ppe_chopesgames\system\CodeIgniter.php(824): App\Controllers\Visiteur->accueil()
#5 C:\Users\Proprietaire\Desktop\ppe_chopesgames\system\CodeIgniter.php(410): CodeIgniter\CodeIgniter->runController(Object(App\Controllers\Visiteur))
#6 C:\Users\Proprietaire\Desktop\ppe_chopesgames\system\CodeIgniter.php(318): CodeIgniter\CodeIgniter->handleRequest(NULL, Object(Config\Cache), false)
#7 C:\Users\Proprietaire\Desktop\ppe_chopesgames\public\index.php(37): CodeIgniter\CodeIgniter->run()
#8 C:\Users\Proprietaire\Desktop\ppe_chopesgames\system\Commands\Server\rewrite.php(43): require_once('C:\\Users\\Propri...')
#9 {main}
CRITICAL - 2023-05-22 11:35:11 --> Call to undefined function form_open()
#0 C:\Users\Proprietaire\Desktop\ppe_chopesgames\system\View\View.php(214): include()
#1 C:\Users\Proprietaire\Desktop\ppe_chopesgames\system\View\View.php(217): CodeIgniter\View\View->CodeIgniter\View\{closure}()
#2 C:\Users\Proprietaire\Desktop\ppe_chopesgames\system\Common.php(1097): CodeIgniter\View\View->render('templates/foote...', Array, true)
#3 C:\Users\Proprietaire\Desktop\ppe_chopesgames\app\Controllers\Visiteur.php(29): view('templates/foote...')
#4 C:\Users\Proprietaire\Desktop\ppe_chopesgames\system\CodeIgniter.php(824): App\Controllers\Visiteur->accueil()
#5 C:\Users\Proprietaire\Desktop\ppe_chopesgames\system\CodeIgniter.php(410): CodeIgniter\CodeIgniter->runController(Object(App\Controllers\Visiteur))
#6 C:\Users\Proprietaire\Desktop\ppe_chopesgames\system\CodeIgniter.php(318): CodeIgniter\CodeIgniter->handleRequest(NULL, Object(Config\Cache), false)
#7 C:\Users\Proprietaire\Desktop\ppe_chopesgames\public\index.php(37): CodeIgniter\CodeIgniter->run()
#8 C:\Users\Proprietaire\Desktop\ppe_chopesgames\system\Commands\Server\rewrite.php(43): require_once('C:\\Users\\Propri...')
#9 {main}
CRITICAL - 2023-05-22 11:35:11 --> Call to undefined function form_open()
#0 C:\Users\Proprietaire\Desktop\ppe_chopesgames\system\View\View.php(214): include()
#1 C:\Users\Proprietaire\Desktop\ppe_chopesgames\system\View\View.php(217): CodeIgniter\View\View->CodeIgniter\View\{closure}()
#2 C:\Users\Proprietaire\Desktop\ppe_chopesgames\system\Common.php(1097): CodeIgniter\View\View->render('templates/foote...', Array, true)
#3 C:\Users\Proprietaire\Desktop\ppe_chopesgames\app\Controllers\Visiteur.php(29): view('templates/foote...')
#4 C:\Users\Proprietaire\Desktop\ppe_chopesgames\system\CodeIgniter.php(824): App\Controllers\Visiteur->accueil()
#5 C:\Users\Proprietaire\Desktop\ppe_chopesgames\system\CodeIgniter.php(410): CodeIgniter\CodeIgniter->runController(Object(App\Controllers\Visiteur))
#6 C:\Users\Proprietaire\Desktop\ppe_chopesgames\system\CodeIgniter.php(318): CodeIgniter\CodeIgniter->handleRequest(NULL, Object(Config\Cache), false)
#7 C:\Users\Proprietaire\Desktop\ppe_chopesgames\public\index.php(37): CodeIgniter\CodeIgniter->run()
#8 C:\Users\Proprietaire\Desktop\ppe_chopesgames\system\Commands\Server\rewrite.php(43): require_once('C:\\Users\\Propri...')
#9 {main}
CRITICAL - 2023-05-22 11:35:11 --> Call to undefined function form_open()
#0 C:\Users\Proprietaire\Desktop\ppe_chopesgames\system\View\View.php(214): include()
#1 C:\Users\Proprietaire\Desktop\ppe_chopesgames\system\View\View.php(217): CodeIgniter\View\View->CodeIgniter\View\{closure}()
#2 C:\Users\Proprietaire\Desktop\ppe_chopesgames\system\Common.php(1097): CodeIgniter\View\View->render('templates/foote...', Array, true)
#3 C:\Users\Proprietaire\Desktop\ppe_chopesgames\app\Controllers\Visiteur.php(29): view('templates/foote...')
#4 C:\Users\Proprietaire\Desktop\ppe_chopesgames\system\CodeIgniter.php(824): App\Controllers\Visiteur->accueil()
#5 C:\Users\Proprietaire\Desktop\ppe_chopesgames\system\CodeIgniter.php(410): CodeIgniter\CodeIgniter->runController(Object(App\Controllers\Visiteur))
#6 C:\Users\Proprietaire\Desktop\ppe_chopesgames\system\CodeIgniter.php(318): CodeIgniter\CodeIgniter->handleRequest(NULL, Object(Config\Cache), false)
#7 C:\Users\Proprietaire\Desktop\ppe_chopesgames\public\index.php(37): CodeIgniter\CodeIgniter->run()
#8 C:\Users\Proprietaire\Desktop\ppe_chopesgames\system\Commands\Server\rewrite.php(43): require_once('C:\\Users\\Propri...')
#9 {main}
CRITICAL - 2023-05-22 11:35:12 --> Call to undefined function form_open()
#0 C:\Users\Proprietaire\Desktop\ppe_chopesgames\system\View\View.php(214): include()
#1 C:\Users\Proprietaire\Desktop\ppe_chopesgames\system\View\View.php(217): CodeIgniter\View\View->CodeIgniter\View\{closure}()
#2 C:\Users\Proprietaire\Desktop\ppe_chopesgames\system\Common.php(1097): CodeIgniter\View\View->render('templates/foote...', Array, true)
#3 C:\Users\Proprietaire\Desktop\ppe_chopesgames\app\Controllers\Visiteur.php(29): view('templates/foote...')
#4 C:\Users\Proprietaire\Desktop\ppe_chopesgames\system\CodeIgniter.php(824): App\Controllers\Visiteur->accueil()
#5 C:\Users\Proprietaire\Desktop\ppe_chopesgames\system\CodeIgniter.php(410): CodeIgniter\CodeIgniter->runController(Object(App\Controllers\Visiteur))
#6 C:\Users\Proprietaire\Desktop\ppe_chopesgames\system\CodeIgniter.php(318): CodeIgniter\CodeIgniter->handleRequest(NULL, Object(Config\Cache), false)
#7 C:\Users\Proprietaire\Desktop\ppe_chopesgames\public\index.php(37): CodeIgniter\CodeIgniter->run()
#8 C:\Users\Proprietaire\Desktop\ppe_chopesgames\system\Commands\Server\rewrite.php(43): require_once('C:\\Users\\Propri...')
#9 {main}
CRITICAL - 2023-05-22 11:35:12 --> Call to undefined function form_open()
#0 C:\Users\Proprietaire\Desktop\ppe_chopesgames\system\View\View.php(214): include()
#1 C:\Users\Proprietaire\Desktop\ppe_chopesgames\system\View\View.php(217): CodeIgniter\View\View->CodeIgniter\View\{closure}()
#2 C:\Users\Proprietaire\Desktop\ppe_chopesgames\system\Common.php(1097): CodeIgniter\View\View->render('templates/foote...', Array, true)
#3 C:\Users\Proprietaire\Desktop\ppe_chopesgames\app\Controllers\Visiteur.php(29): view('templates/foote...')
#4 C:\Users\Proprietaire\Desktop\ppe_chopesgames\system\CodeIgniter.php(824): App\Controllers\Visiteur->accueil()
#5 C:\Users\Proprietaire\Desktop\ppe_chopesgames\system\CodeIgniter.php(410): CodeIgniter\CodeIgniter->runController(Object(App\Controllers\Visiteur))
#6 C:\Users\Proprietaire\Desktop\ppe_chopesgames\system\CodeIgniter.php(318): CodeIgniter\CodeIgniter->handleRequest(NULL, Object(Config\Cache), false)
#7 C:\Users\Proprietaire\Desktop\ppe_chopesgames\public\index.php(37): CodeIgniter\CodeIgniter->run()
#8 C:\Users\Proprietaire\Desktop\ppe_chopesgames\system\Commands\Server\rewrite.php(43): require_once('C:\\Users\\Propri...')
#9 {main}
CRITICAL - 2023-05-22 11:35:12 --> Call to undefined function form_open()
#0 C:\Users\Proprietaire\Desktop\ppe_chopesgames\system\View\View.php(214): include()
#1 C:\Users\Proprietaire\Desktop\ppe_chopesgames\system\View\View.php(217): CodeIgniter\View\View->CodeIgniter\View\{closure}()
#2 C:\Users\Proprietaire\Desktop\ppe_chopesgames\system\Common.php(1097): CodeIgniter\View\View->render('templates/foote...', Array, true)
#3 C:\Users\Proprietaire\Desktop\ppe_chopesgames\app\Controllers\Visiteur.php(29): view('templates/foote...')
#4 C:\Users\Proprietaire\Desktop\ppe_chopesgames\system\CodeIgniter.php(824): App\Controllers\Visiteur->accueil()
#5 C:\Users\Proprietaire\Desktop\ppe_chopesgames\system\CodeIgniter.php(410): CodeIgniter\CodeIgniter->runController(Object(App\Controllers\Visiteur))
#6 C:\Users\Proprietaire\Desktop\ppe_chopesgames\system\CodeIgniter.php(318): CodeIgniter\CodeIgniter->handleRequest(NULL, Object(Config\Cache), false)
#7 C:\Users\Proprietaire\Desktop\ppe_chopesgames\public\index.php(37): CodeIgniter\CodeIgniter->run()
#8 C:\Users\Proprietaire\Desktop\ppe_chopesgames\system\Commands\Server\rewrite.php(43): require_once('C:\\Users\\Propri...')
#9 {main}
CRITICAL - 2023-05-22 11:35:12 --> Call to undefined function form_open()
#0 C:\Users\Proprietaire\Desktop\ppe_chopesgames\system\View\View.php(214): include()
#1 C:\Users\Proprietaire\Desktop\ppe_chopesgames\system\View\View.php(217): CodeIgniter\View\View->CodeIgniter\View\{closure}()
#2 C:\Users\Proprietaire\Desktop\ppe_chopesgames\system\Common.php(1097): CodeIgniter\View\View->render('templates/foote...', Array, true)
#3 C:\Users\Proprietaire\Desktop\ppe_chopesgames\app\Controllers\Visiteur.php(29): view('templates/foote...')
#4 C:\Users\Proprietaire\Desktop\ppe_chopesgames\system\CodeIgniter.php(824): App\Controllers\Visiteur->accueil()
#5 C:\Users\Proprietaire\Desktop\ppe_chopesgames\system\CodeIgniter.php(410): CodeIgniter\CodeIgniter->runController(Object(App\Controllers\Visiteur))
#6 C:\Users\Proprietaire\Desktop\ppe_chopesgames\system\CodeIgniter.php(318): CodeIgniter\CodeIgniter->handleRequest(NULL, Object(Config\Cache), false)
#7 C:\Users\Proprietaire\Desktop\ppe_chopesgames\public\index.php(37): CodeIgniter\CodeIgniter->run()
#8 C:\Users\Proprietaire\Desktop\ppe_chopesgames\system\Commands\Server\rewrite.php(43): require_once('C:\\Users\\Propri...')
#9 {main}
CRITICAL - 2023-05-22 11:35:12 --> Call to undefined function form_open()
#0 C:\Users\Proprietaire\Desktop\ppe_chopesgames\system\View\View.php(214): include()
#1 C:\Users\Proprietaire\Desktop\ppe_chopesgames\system\View\View.php(217): CodeIgniter\View\View->CodeIgniter\View\{closure}()
#2 C:\Users\Proprietaire\Desktop\ppe_chopesgames\system\Common.php(1097): CodeIgniter\View\View->render('templates/foote...', Array, true)
#3 C:\Users\Proprietaire\Desktop\ppe_chopesgames\app\Controllers\Visiteur.php(29): view('templates/foote...')
#4 C:\Users\Proprietaire\Desktop\ppe_chopesgames\system\CodeIgniter.php(824): App\Controllers\Visiteur->accueil()
#5 C:\Users\Proprietaire\Desktop\ppe_chopesgames\system\CodeIgniter.php(410): CodeIgniter\CodeIgniter->runController(Object(App\Controllers\Visiteur))
#6 C:\Users\Proprietaire\Desktop\ppe_chopesgames\system\CodeIgniter.php(318): CodeIgniter\CodeIgniter->handleRequest(NULL, Object(Config\Cache), false)
#7 C:\Users\Proprietaire\Desktop\ppe_chopesgames\public\index.php(37): CodeIgniter\CodeIgniter->run()
#8 C:\Users\Proprietaire\Desktop\ppe_chopesgames\system\Commands\Server\rewrite.php(43): require_once('C:\\Users\\Propri...')
#9 {main}
CRITICAL - 2023-05-22 11:35:13 --> Call to undefined function form_open()
#0 C:\Users\Proprietaire\Desktop\ppe_chopesgames\system\View\View.php(214): include()
#1 C:\Users\Proprietaire\Desktop\ppe_chopesgames\system\View\View.php(217): CodeIgniter\View\View->CodeIgniter\View\{closure}()
#2 C:\Users\Proprietaire\Desktop\ppe_chopesgames\system\Common.php(1097): CodeIgniter\View\View->render('templates/foote...', Array, true)
#3 C:\Users\Proprietaire\Desktop\ppe_chopesgames\app\Controllers\Visiteur.php(29): view('templates/foote...')
#4 C:\Users\Proprietaire\Desktop\ppe_chopesgames\system\CodeIgniter.php(824): App\Controllers\Visiteur->accueil()
#5 C:\Users\Proprietaire\Desktop\ppe_chopesgames\system\CodeIgniter.php(410): CodeIgniter\CodeIgniter->runController(Object(App\Controllers\Visiteur))
#6 C:\Users\Proprietaire\Desktop\ppe_chopesgames\system\CodeIgniter.php(318): CodeIgniter\CodeIgniter->handleRequest(NULL, Object(Config\Cache), false)
#7 C:\Users\Proprietaire\Desktop\ppe_chopesgames\public\index.php(37): CodeIgniter\CodeIgniter->run()
#8 C:\Users\Proprietaire\Desktop\ppe_chopesgames\system\Commands\Server\rewrite.php(43): require_once('C:\\Users\\Propri...')
#9 {main}
CRITICAL - 2023-05-22 11:35:13 --> Call to undefined function form_open()
#0 C:\Users\Proprietaire\Desktop\ppe_chopesgames\system\View\View.php(214): include()
#1 C:\Users\Proprietaire\Desktop\ppe_chopesgames\system\View\View.php(217): CodeIgniter\View\View->CodeIgniter\View\{closure}()
#2 C:\Users\Proprietaire\Desktop\ppe_chopesgames\system\Common.php(1097): CodeIgniter\View\View->render('templates/foote...', Array, true)
#3 C:\Users\Proprietaire\Desktop\ppe_chopesgames\app\Controllers\Visiteur.php(29): view('templates/foote...')
#4 C:\Users\Proprietaire\Desktop\ppe_chopesgames\system\CodeIgniter.php(824): App\Controllers\Visiteur->accueil()
#5 C:\Users\Proprietaire\Desktop\ppe_chopesgames\system\CodeIgniter.php(410): CodeIgniter\CodeIgniter->runController(Object(App\Controllers\Visiteur))
#6 C:\Users\Proprietaire\Desktop\ppe_chopesgames\system\CodeIgniter.php(318): CodeIgniter\CodeIgniter->handleRequest(NULL, Object(Config\Cache), false)
#7 C:\Users\Proprietaire\Desktop\ppe_chopesgames\public\index.php(37): CodeIgniter\CodeIgniter->run()
#8 C:\Users\Proprietaire\Desktop\ppe_chopesgames\system\Commands\Server\rewrite.php(43): require_once('C:\\Users\\Propri...')
#9 {main}
CRITICAL - 2023-05-22 11:35:13 --> Call to undefined function form_open()
#0 C:\Users\Proprietaire\Desktop\ppe_chopesgames\system\View\View.php(214): include()
#1 C:\Users\Proprietaire\Desktop\ppe_chopesgames\system\View\View.php(217): CodeIgniter\View\View->CodeIgniter\View\{closure}()
#2 C:\Users\Proprietaire\Desktop\ppe_chopesgames\system\Common.php(1097): CodeIgniter\View\View->render('templates/foote...', Array, true)
#3 C:\Users\Proprietaire\Desktop\ppe_chopesgames\app\Controllers\Visiteur.php(29): view('templates/foote...')
#4 C:\Users\Proprietaire\Desktop\ppe_chopesgames\system\CodeIgniter.php(824): App\Controllers\Visiteur->accueil()
#5 C:\Users\Proprietaire\Desktop\ppe_chopesgames\system\CodeIgniter.php(410): CodeIgniter\CodeIgniter->runController(Object(App\Controllers\Visiteur))
#6 C:\Users\Proprietaire\Desktop\ppe_chopesgames\system\CodeIgniter.php(318): CodeIgniter\CodeIgniter->handleRequest(NULL, Object(Config\Cache), false)
#7 C:\Users\Proprietaire\Desktop\ppe_chopesgames\public\index.php(37): CodeIgniter\CodeIgniter->run()
#8 C:\Users\Proprietaire\Desktop\ppe_chopesgames\system\Commands\Server\rewrite.php(43): require_once('C:\\Users\\Propri...')
#9 {main}
CRITICAL - 2023-05-22 11:35:22 --> Call to undefined function form_open()
#0 C:\Users\Proprietaire\Desktop\ppe_chopesgames\system\View\View.php(214): include()
#1 C:\Users\Proprietaire\Desktop\ppe_chopesgames\system\View\View.php(217): CodeIgniter\View\View->CodeIgniter\View\{closure}()
#2 C:\Users\Proprietaire\Desktop\ppe_chopesgames\system\Common.php(1097): CodeIgniter\View\View->render('templates/foote...', Array, true)
#3 C:\Users\Proprietaire\Desktop\ppe_chopesgames\app\Controllers\Visiteur.php(29): view('templates/foote...')
#4 C:\Users\Proprietaire\Desktop\ppe_chopesgames\system\CodeIgniter.php(824): App\Controllers\Visiteur->accueil()
#5 C:\Users\Proprietaire\Desktop\ppe_chopesgames\system\CodeIgniter.php(410): CodeIgniter\CodeIgniter->runController(Object(App\Controllers\Visiteur))
#6 C:\Users\Proprietaire\Desktop\ppe_chopesgames\system\CodeIgniter.php(318): CodeIgniter\CodeIgniter->handleRequest(NULL, Object(Config\Cache), false)
#7 C:\Users\Proprietaire\Desktop\ppe_chopesgames\public\index.php(37): CodeIgniter\CodeIgniter->run()
#8 C:\Users\Proprietaire\Desktop\ppe_chopesgames\system\Commands\Server\rewrite.php(43): require_once('C:\\Users\\Propri...')
#9 {main}
CRITICAL - 2023-05-22 11:35:22 --> Call to undefined function form_open()
#0 C:\Users\Proprietaire\Desktop\ppe_chopesgames\system\View\View.php(214): include()
#1 C:\Users\Proprietaire\Desktop\ppe_chopesgames\system\View\View.php(217): CodeIgniter\View\View->CodeIgniter\View\{closure}()
#2 C:\Users\Proprietaire\Desktop\ppe_chopesgames\system\Common.php(1097): CodeIgniter\View\View->render('templates/foote...', Array, true)
#3 C:\Users\Proprietaire\Desktop\ppe_chopesgames\app\Controllers\Visiteur.php(29): view('templates/foote...')
#4 C:\Users\Proprietaire\Desktop\ppe_chopesgames\system\CodeIgniter.php(824): App\Controllers\Visiteur->accueil()
#5 C:\Users\Proprietaire\Desktop\ppe_chopesgames\system\CodeIgniter.php(410): CodeIgniter\CodeIgniter->runController(Object(App\Controllers\Visiteur))
#6 C:\Users\Proprietaire\Desktop\ppe_chopesgames\system\CodeIgniter.php(318): CodeIgniter\CodeIgniter->handleRequest(NULL, Object(Config\Cache), false)
#7 C:\Users\Proprietaire\Desktop\ppe_chopesgames\public\index.php(37): CodeIgniter\CodeIgniter->run()
#8 C:\Users\Proprietaire\Desktop\ppe_chopesgames\system\Commands\Server\rewrite.php(43): require_once('C:\\Users\\Propri...')
#9 {main}
CRITICAL - 2023-05-22 11:35:22 --> Call to undefined function form_open()
#0 C:\Users\Proprietaire\Desktop\ppe_chopesgames\system\View\View.php(214): include()
#1 C:\Users\Proprietaire\Desktop\ppe_chopesgames\system\View\View.php(217): CodeIgniter\View\View->CodeIgniter\View\{closure}()
#2 C:\Users\Proprietaire\Desktop\ppe_chopesgames\system\Common.php(1097): CodeIgniter\View\View->render('templates/foote...', Array, true)
#3 C:\Users\Proprietaire\Desktop\ppe_chopesgames\app\Controllers\Visiteur.php(29): view('templates/foote...')
#4 C:\Users\Proprietaire\Desktop\ppe_chopesgames\system\CodeIgniter.php(824): App\Controllers\Visiteur->accueil()
#5 C:\Users\Proprietaire\Desktop\ppe_chopesgames\system\CodeIgniter.php(410): CodeIgniter\CodeIgniter->runController(Object(App\Controllers\Visiteur))
#6 C:\Users\Proprietaire\Desktop\ppe_chopesgames\system\CodeIgniter.php(318): CodeIgniter\CodeIgniter->handleRequest(NULL, Object(Config\Cache), false)
#7 C:\Users\Proprietaire\Desktop\ppe_chopesgames\public\index.php(37): CodeIgniter\CodeIgniter->run()
#8 C:\Users\Proprietaire\Desktop\ppe_chopesgames\system\Commands\Server\rewrite.php(43): require_once('C:\\Users\\Propri...')
#9 {main}
CRITICAL - 2023-05-22 11:35:23 --> Call to undefined function form_open()
#0 C:\Users\Proprietaire\Desktop\ppe_chopesgames\system\View\View.php(214): include()
#1 C:\Users\Proprietaire\Desktop\ppe_chopesgames\system\View\View.php(217): CodeIgniter\View\View->CodeIgniter\View\{closure}()
#2 C:\Users\Proprietaire\Desktop\ppe_chopesgames\system\Common.php(1097): CodeIgniter\View\View->render('templates/foote...', Array, true)
#3 C:\Users\Proprietaire\Desktop\ppe_chopesgames\app\Controllers\Visiteur.php(29): view('templates/foote...')
#4 C:\Users\Proprietaire\Desktop\ppe_chopesgames\system\CodeIgniter.php(824): App\Controllers\Visiteur->accueil()
#5 C:\Users\Proprietaire\Desktop\ppe_chopesgames\system\CodeIgniter.php(410): CodeIgniter\CodeIgniter->runController(Object(App\Controllers\Visiteur))
#6 C:\Users\Proprietaire\Desktop\ppe_chopesgames\system\CodeIgniter.php(318): CodeIgniter\CodeIgniter->handleRequest(NULL, Object(Config\Cache), false)
#7 C:\Users\Proprietaire\Desktop\ppe_chopesgames\public\index.php(37): CodeIgniter\CodeIgniter->run()
#8 C:\Users\Proprietaire\Desktop\ppe_chopesgames\system\Commands\Server\rewrite.php(43): require_once('C:\\Users\\Propri...')
#9 {main}
CRITICAL - 2023-05-22 11:35:23 --> Call to undefined function form_open()
#0 C:\Users\Proprietaire\Desktop\ppe_chopesgames\system\View\View.php(214): include()
#1 C:\Users\Proprietaire\Desktop\ppe_chopesgames\system\View\View.php(217): CodeIgniter\View\View->CodeIgniter\View\{closure}()
#2 C:\Users\Proprietaire\Desktop\ppe_chopesgames\system\Common.php(1097): CodeIgniter\View\View->render('templates/foote...', Array, true)
#3 C:\Users\Proprietaire\Desktop\ppe_chopesgames\app\Controllers\Visiteur.php(29): view('templates/foote...')
#4 C:\Users\Proprietaire\Desktop\ppe_chopesgames\system\CodeIgniter.php(824): App\Controllers\Visiteur->accueil()
#5 C:\Users\Proprietaire\Desktop\ppe_chopesgames\system\CodeIgniter.php(410): CodeIgniter\CodeIgniter->runController(Object(App\Controllers\Visiteur))
#6 C:\Users\Proprietaire\Desktop\ppe_chopesgames\system\CodeIgniter.php(318): CodeIgniter\CodeIgniter->handleRequest(NULL, Object(Config\Cache), false)
#7 C:\Users\Proprietaire\Desktop\ppe_chopesgames\public\index.php(37): CodeIgniter\CodeIgniter->run()
#8 C:\Users\Proprietaire\Desktop\ppe_chopesgames\system\Commands\Server\rewrite.php(43): require_once('C:\\Users\\Propri...')
#9 {main}
CRITICAL - 2023-05-22 11:37:12 --> Call to undefined function form_open()
#0 C:\Users\Proprietaire\Desktop\ppe_chopesgames\system\View\View.php(214): include()
#1 C:\Users\Proprietaire\Desktop\ppe_chopesgames\system\View\View.php(217): CodeIgniter\View\View->CodeIgniter\View\{closure}()
#2 C:\Users\Proprietaire\Desktop\ppe_chopesgames\system\Common.php(1097): CodeIgniter\View\View->render('templates/foote...', Array, true)
#3 C:\Users\Proprietaire\Desktop\ppe_chopesgames\app\Controllers\Visiteur.php(29): view('templates/foote...')
#4 C:\Users\Proprietaire\Desktop\ppe_chopesgames\system\CodeIgniter.php(824): App\Controllers\Visiteur->accueil()
#5 C:\Users\Proprietaire\Desktop\ppe_chopesgames\system\CodeIgniter.php(410): CodeIgniter\CodeIgniter->runController(Object(App\Controllers\Visiteur))
#6 C:\Users\Proprietaire\Desktop\ppe_chopesgames\system\CodeIgniter.php(318): CodeIgniter\CodeIgniter->handleRequest(NULL, Object(Config\Cache), false)
#7 C:\Users\Proprietaire\Desktop\ppe_chopesgames\public\index.php(37): CodeIgniter\CodeIgniter->run()
#8 C:\Users\Proprietaire\Desktop\ppe_chopesgames\system\Commands\Server\rewrite.php(43): require_once('C:\\Users\\Propri...')
#9 {main}
CRITICAL - 2023-05-22 11:37:12 --> Call to undefined function form_open()
#0 C:\Users\Proprietaire\Desktop\ppe_chopesgames\system\View\View.php(214): include()
#1 C:\Users\Proprietaire\Desktop\ppe_chopesgames\system\View\View.php(217): CodeIgniter\View\View->CodeIgniter\View\{closure}()
#2 C:\Users\Proprietaire\Desktop\ppe_chopesgames\system\Common.php(1097): CodeIgniter\View\View->render('templates/foote...', Array, true)
#3 C:\Users\Proprietaire\Desktop\ppe_chopesgames\app\Controllers\Visiteur.php(29): view('templates/foote...')
#4 C:\Users\Proprietaire\Desktop\ppe_chopesgames\system\CodeIgniter.php(824): App\Controllers\Visiteur->accueil()
#5 C:\Users\Proprietaire\Desktop\ppe_chopesgames\system\CodeIgniter.php(410): CodeIgniter\CodeIgniter->runController(Object(App\Controllers\Visiteur))
#6 C:\Users\Proprietaire\Desktop\ppe_chopesgames\system\CodeIgniter.php(318): CodeIgniter\CodeIgniter->handleRequest(NULL, Object(Config\Cache), false)
#7 C:\Users\Proprietaire\Desktop\ppe_chopesgames\public\index.php(37): CodeIgniter\CodeIgniter->run()
#8 C:\Users\Proprietaire\Desktop\ppe_chopesgames\system\Commands\Server\rewrite.php(43): require_once('C:\\Users\\Propri...')
#9 {main}
CRITICAL - 2023-05-22 11:37:12 --> Call to undefined function form_open()
#0 C:\Users\Proprietaire\Desktop\ppe_chopesgames\system\View\View.php(214): include()
#1 C:\Users\Proprietaire\Desktop\ppe_chopesgames\system\View\View.php(217): CodeIgniter\View\View->CodeIgniter\View\{closure}()
#2 C:\Users\Proprietaire\Desktop\ppe_chopesgames\system\Common.php(1097): CodeIgniter\View\View->render('templates/foote...', Array, true)
#3 C:\Users\Proprietaire\Desktop\ppe_chopesgames\app\Controllers\Visiteur.php(29): view('templates/foote...')
#4 C:\Users\Proprietaire\Desktop\ppe_chopesgames\system\CodeIgniter.php(824): App\Controllers\Visiteur->accueil()
#5 C:\Users\Proprietaire\Desktop\ppe_chopesgames\system\CodeIgniter.php(410): CodeIgniter\CodeIgniter->runController(Object(App\Controllers\Visiteur))
#6 C:\Users\Proprietaire\Desktop\ppe_chopesgames\system\CodeIgniter.php(318): CodeIgniter\CodeIgniter->handleRequest(NULL, Object(Config\Cache), false)
#7 C:\Users\Proprietaire\Desktop\ppe_chopesgames\public\index.php(37): CodeIgniter\CodeIgniter->run()
#8 C:\Users\Proprietaire\Desktop\ppe_chopesgames\system\Commands\Server\rewrite.php(43): require_once('C:\\Users\\Propri...')
#9 {main}
CRITICAL - 2023-05-22 11:37:13 --> Call to undefined function form_open()
#0 C:\Users\Proprietaire\Desktop\ppe_chopesgames\system\View\View.php(214): include()
#1 C:\Users\Proprietaire\Desktop\ppe_chopesgames\system\View\View.php(217): CodeIgniter\View\View->CodeIgniter\View\{closure}()
#2 C:\Users\Proprietaire\Desktop\ppe_chopesgames\system\Common.php(1097): CodeIgniter\View\View->render('templates/foote...', Array, true)
#3 C:\Users\Proprietaire\Desktop\ppe_chopesgames\app\Controllers\Visiteur.php(29): view('templates/foote...')
#4 C:\Users\Proprietaire\Desktop\ppe_chopesgames\system\CodeIgniter.php(824): App\Controllers\Visiteur->accueil()
#5 C:\Users\Proprietaire\Desktop\ppe_chopesgames\system\CodeIgniter.php(410): CodeIgniter\CodeIgniter->runController(Object(App\Controllers\Visiteur))
#6 C:\Users\Proprietaire\Desktop\ppe_chopesgames\system\CodeIgniter.php(318): CodeIgniter\CodeIgniter->handleRequest(NULL, Object(Config\Cache), false)
#7 C:\Users\Proprietaire\Desktop\ppe_chopesgames\public\index.php(37): CodeIgniter\CodeIgniter->run()
#8 C:\Users\Proprietaire\Desktop\ppe_chopesgames\system\Commands\Server\rewrite.php(43): require_once('C:\\Users\\Propri...')
#9 {main}
CRITICAL - 2023-05-22 11:37:13 --> Call to undefined function form_open()
#0 C:\Users\Proprietaire\Desktop\ppe_chopesgames\system\View\View.php(214): include()
#1 C:\Users\Proprietaire\Desktop\ppe_chopesgames\system\View\View.php(217): CodeIgniter\View\View->CodeIgniter\View\{closure}()
#2 C:\Users\Proprietaire\Desktop\ppe_chopesgames\system\Common.php(1097): CodeIgniter\View\View->render('templates/foote...', Array, true)
#3 C:\Users\Proprietaire\Desktop\ppe_chopesgames\app\Controllers\Visiteur.php(29): view('templates/foote...')
#4 C:\Users\Proprietaire\Desktop\ppe_chopesgames\system\CodeIgniter.php(824): App\Controllers\Visiteur->accueil()
#5 C:\Users\Proprietaire\Desktop\ppe_chopesgames\system\CodeIgniter.php(410): CodeIgniter\CodeIgniter->runController(Object(App\Controllers\Visiteur))
#6 C:\Users\Proprietaire\Desktop\ppe_chopesgames\system\CodeIgniter.php(318): CodeIgniter\CodeIgniter->handleRequest(NULL, Object(Config\Cache), false)
#7 C:\Users\Proprietaire\Desktop\ppe_chopesgames\public\index.php(37): CodeIgniter\CodeIgniter->run()
#8 C:\Users\Proprietaire\Desktop\ppe_chopesgames\system\Commands\Server\rewrite.php(43): require_once('C:\\Users\\Propri...')
#9 {main}
CRITICAL - 2023-05-22 11:37:13 --> Call to undefined function form_open()
#0 C:\Users\Proprietaire\Desktop\ppe_chopesgames\system\View\View.php(214): include()
#1 C:\Users\Proprietaire\Desktop\ppe_chopesgames\system\View\View.php(217): CodeIgniter\View\View->CodeIgniter\View\{closure}()
#2 C:\Users\Proprietaire\Desktop\ppe_chopesgames\system\Common.php(1097): CodeIgniter\View\View->render('templates/foote...', Array, true)
#3 C:\Users\Proprietaire\Desktop\ppe_chopesgames\app\Controllers\Visiteur.php(29): view('templates/foote...')
#4 C:\Users\Proprietaire\Desktop\ppe_chopesgames\system\CodeIgniter.php(824): App\Controllers\Visiteur->accueil()
#5 C:\Users\Proprietaire\Desktop\ppe_chopesgames\system\CodeIgniter.php(410): CodeIgniter\CodeIgniter->runController(Object(App\Controllers\Visiteur))
#6 C:\Users\Proprietaire\Desktop\ppe_chopesgames\system\CodeIgniter.php(318): CodeIgniter\CodeIgniter->handleRequest(NULL, Object(Config\Cache), false)
#7 C:\Users\Proprietaire\Desktop\ppe_chopesgames\public\index.php(37): CodeIgniter\CodeIgniter->run()
#8 C:\Users\Proprietaire\Desktop\ppe_chopesgames\system\Commands\Server\rewrite.php(43): require_once('C:\\Users\\Propri...')
#9 {main}
CRITICAL - 2023-05-22 11:37:13 --> Call to undefined function form_open()
#0 C:\Users\Proprietaire\Desktop\ppe_chopesgames\system\View\View.php(214): include()
#1 C:\Users\Proprietaire\Desktop\ppe_chopesgames\system\View\View.php(217): CodeIgniter\View\View->CodeIgniter\View\{closure}()
#2 C:\Users\Proprietaire\Desktop\ppe_chopesgames\system\Common.php(1097): CodeIgniter\View\View->render('templates/foote...', Array, true)
#3 C:\Users\Proprietaire\Desktop\ppe_chopesgames\app\Controllers\Visiteur.php(29): view('templates/foote...')
#4 C:\Users\Proprietaire\Desktop\ppe_chopesgames\system\CodeIgniter.php(824): App\Controllers\Visiteur->accueil()
#5 C:\Users\Proprietaire\Desktop\ppe_chopesgames\system\CodeIgniter.php(410): CodeIgniter\CodeIgniter->runController(Object(App\Controllers\Visiteur))
#6 C:\Users\Proprietaire\Desktop\ppe_chopesgames\system\CodeIgniter.php(318): CodeIgniter\CodeIgniter->handleRequest(NULL, Object(Config\Cache), false)
#7 C:\Users\Proprietaire\Desktop\ppe_chopesgames\public\index.php(37): CodeIgniter\CodeIgniter->run()
#8 C:\Users\Proprietaire\Desktop\ppe_chopesgames\system\Commands\Server\rewrite.php(43): require_once('C:\\Users\\Propri...')
#9 {main}
CRITICAL - 2023-05-22 11:37:14 --> Call to undefined function form_open()
#0 C:\Users\Proprietaire\Desktop\ppe_chopesgames\system\View\View.php(214): include()
#1 C:\Users\Proprietaire\Desktop\ppe_chopesgames\system\View\View.php(217): CodeIgniter\View\View->CodeIgniter\View\{closure}()
#2 C:\Users\Proprietaire\Desktop\ppe_chopesgames\system\Common.php(1097): CodeIgniter\View\View->render('templates/foote...', Array, true)
#3 C:\Users\Proprietaire\Desktop\ppe_chopesgames\app\Controllers\Visiteur.php(29): view('templates/foote...')
#4 C:\Users\Proprietaire\Desktop\ppe_chopesgames\system\CodeIgniter.php(824): App\Controllers\Visiteur->accueil()
#5 C:\Users\Proprietaire\Desktop\ppe_chopesgames\system\CodeIgniter.php(410): CodeIgniter\CodeIgniter->runController(Object(App\Controllers\Visiteur))
#6 C:\Users\Proprietaire\Desktop\ppe_chopesgames\system\CodeIgniter.php(318): CodeIgniter\CodeIgniter->handleRequest(NULL, Object(Config\Cache), false)
#7 C:\Users\Proprietaire\Desktop\ppe_chopesgames\public\index.php(37): CodeIgniter\CodeIgniter->run()
#8 C:\Users\Proprietaire\Desktop\ppe_chopesgames\system\Commands\Server\rewrite.php(43): require_once('C:\\Users\\Propri...')
#9 {main}
CRITICAL - 2023-05-22 11:37:14 --> Call to undefined function form_open()
#0 C:\Users\Proprietaire\Desktop\ppe_chopesgames\system\View\View.php(214): include()
#1 C:\Users\Proprietaire\Desktop\ppe_chopesgames\system\View\View.php(217): CodeIgniter\View\View->CodeIgniter\View\{closure}()
#2 C:\Users\Proprietaire\Desktop\ppe_chopesgames\system\Common.php(1097): CodeIgniter\View\View->render('templates/foote...', Array, true)
#3 C:\Users\Proprietaire\Desktop\ppe_chopesgames\app\Controllers\Visiteur.php(29): view('templates/foote...')
#4 C:\Users\Proprietaire\Desktop\ppe_chopesgames\system\CodeIgniter.php(824): App\Controllers\Visiteur->accueil()
#5 C:\Users\Proprietaire\Desktop\ppe_chopesgames\system\CodeIgniter.php(410): CodeIgniter\CodeIgniter->runController(Object(App\Controllers\Visiteur))
#6 C:\Users\Proprietaire\Desktop\ppe_chopesgames\system\CodeIgniter.php(318): CodeIgniter\CodeIgniter->handleRequest(NULL, Object(Config\Cache), false)
#7 C:\Users\Proprietaire\Desktop\ppe_chopesgames\public\index.php(37): CodeIgniter\CodeIgniter->run()
#8 C:\Users\Proprietaire\Desktop\ppe_chopesgames\system\Commands\Server\rewrite.php(43): require_once('C:\\Users\\Propri...')
#9 {main}
CRITICAL - 2023-05-22 11:37:14 --> Call to undefined function form_open()
#0 C:\Users\Proprietaire\Desktop\ppe_chopesgames\system\View\View.php(214): include()
#1 C:\Users\Proprietaire\Desktop\ppe_chopesgames\system\View\View.php(217): CodeIgniter\View\View->CodeIgniter\View\{closure}()
#2 C:\Users\Proprietaire\Desktop\ppe_chopesgames\system\Common.php(1097): CodeIgniter\View\View->render('templates/foote...', Array, true)
#3 C:\Users\Proprietaire\Desktop\ppe_chopesgames\app\Controllers\Visiteur.php(29): view('templates/foote...')
#4 C:\Users\Proprietaire\Desktop\ppe_chopesgames\system\CodeIgniter.php(824): App\Controllers\Visiteur->accueil()
#5 C:\Users\Proprietaire\Desktop\ppe_chopesgames\system\CodeIgniter.php(410): CodeIgniter\CodeIgniter->runController(Object(App\Controllers\Visiteur))
#6 C:\Users\Proprietaire\Desktop\ppe_chopesgames\system\CodeIgniter.php(318): CodeIgniter\CodeIgniter->handleRequest(NULL, Object(Config\Cache), false)
#7 C:\Users\Proprietaire\Desktop\ppe_chopesgames\public\index.php(37): CodeIgniter\CodeIgniter->run()
#8 C:\Users\Proprietaire\Desktop\ppe_chopesgames\system\Commands\Server\rewrite.php(43): require_once('C:\\Users\\Propri...')
#9 {main}
CRITICAL - 2023-05-22 11:38:07 --> Call to undefined function form_open()
#0 C:\Users\Proprietaire\Desktop\ppe_chopesgames\system\View\View.php(214): include()
#1 C:\Users\Proprietaire\Desktop\ppe_chopesgames\system\View\View.php(217): CodeIgniter\View\View->CodeIgniter\View\{closure}()
#2 C:\Users\Proprietaire\Desktop\ppe_chopesgames\system\Common.php(1097): CodeIgniter\View\View->render('templates/foote...', Array, true)
#3 C:\Users\Proprietaire\Desktop\ppe_chopesgames\app\Controllers\Visiteur.php(29): view('templates/foote...')
#4 C:\Users\Proprietaire\Desktop\ppe_chopesgames\system\CodeIgniter.php(824): App\Controllers\Visiteur->accueil()
#5 C:\Users\Proprietaire\Desktop\ppe_chopesgames\system\CodeIgniter.php(410): CodeIgniter\CodeIgniter->runController(Object(App\Controllers\Visiteur))
#6 C:\Users\Proprietaire\Desktop\ppe_chopesgames\system\CodeIgniter.php(318): CodeIgniter\CodeIgniter->handleRequest(NULL, Object(Config\Cache), false)
#7 C:\Users\Proprietaire\Desktop\ppe_chopesgames\public\index.php(37): CodeIgniter\CodeIgniter->run()
#8 C:\Users\Proprietaire\Desktop\ppe_chopesgames\system\Commands\Server\rewrite.php(43): require_once('C:\\Users\\Propri...')
#9 {main}
CRITICAL - 2023-05-22 11:38:07 --> Call to undefined function form_open()
#0 C:\Users\Proprietaire\Desktop\ppe_chopesgames\system\View\View.php(214): include()
#1 C:\Users\Proprietaire\Desktop\ppe_chopesgames\system\View\View.php(217): CodeIgniter\View\View->CodeIgniter\View\{closure}()
#2 C:\Users\Proprietaire\Desktop\ppe_chopesgames\system\Common.php(1097): CodeIgniter\View\View->render('templates/foote...', Array, true)
#3 C:\Users\Proprietaire\Desktop\ppe_chopesgames\app\Controllers\Visiteur.php(29): view('templates/foote...')
#4 C:\Users\Proprietaire\Desktop\ppe_chopesgames\system\CodeIgniter.php(824): App\Controllers\Visiteur->accueil()
#5 C:\Users\Proprietaire\Desktop\ppe_chopesgames\system\CodeIgniter.php(410): CodeIgniter\CodeIgniter->runController(Object(App\Controllers\Visiteur))
#6 C:\Users\Proprietaire\Desktop\ppe_chopesgames\system\CodeIgniter.php(318): CodeIgniter\CodeIgniter->handleRequest(NULL, Object(Config\Cache), false)
#7 C:\Users\Proprietaire\Desktop\ppe_chopesgames\public\index.php(37): CodeIgniter\CodeIgniter->run()
#8 C:\Users\Proprietaire\Desktop\ppe_chopesgames\system\Commands\Server\rewrite.php(43): require_once('C:\\Users\\Propri...')
#9 {main}
CRITICAL - 2023-05-22 11:38:08 --> Call to undefined function form_open()
#0 C:\Users\Proprietaire\Desktop\ppe_chopesgames\system\View\View.php(214): include()
#1 C:\Users\Proprietaire\Desktop\ppe_chopesgames\system\View\View.php(217): CodeIgniter\View\View->CodeIgniter\View\{closure}()
#2 C:\Users\Proprietaire\Desktop\ppe_chopesgames\system\Common.php(1097): CodeIgniter\View\View->render('templates/foote...', Array, true)
#3 C:\Users\Proprietaire\Desktop\ppe_chopesgames\app\Controllers\Visiteur.php(29): view('templates/foote...')
#4 C:\Users\Proprietaire\Desktop\ppe_chopesgames\system\CodeIgniter.php(824): App\Controllers\Visiteur->accueil()
#5 C:\Users\Proprietaire\Desktop\ppe_chopesgames\system\CodeIgniter.php(410): CodeIgniter\CodeIgniter->runController(Object(App\Controllers\Visiteur))
#6 C:\Users\Proprietaire\Desktop\ppe_chopesgames\system\CodeIgniter.php(318): CodeIgniter\CodeIgniter->handleRequest(NULL, Object(Config\Cache), false)
#7 C:\Users\Proprietaire\Desktop\ppe_chopesgames\public\index.php(37): CodeIgniter\CodeIgniter->run()
#8 C:\Users\Proprietaire\Desktop\ppe_chopesgames\system\Commands\Server\rewrite.php(43): require_once('C:\\Users\\Propri...')
#9 {main}
CRITICAL - 2023-05-22 11:38:08 --> Call to undefined function form_open()
#0 C:\Users\Proprietaire\Desktop\ppe_chopesgames\system\View\View.php(214): include()
#1 C:\Users\Proprietaire\Desktop\ppe_chopesgames\system\View\View.php(217): CodeIgniter\View\View->CodeIgniter\View\{closure}()
#2 C:\Users\Proprietaire\Desktop\ppe_chopesgames\system\Common.php(1097): CodeIgniter\View\View->render('templates/foote...', Array, true)
#3 C:\Users\Proprietaire\Desktop\ppe_chopesgames\app\Controllers\Visiteur.php(29): view('templates/foote...')
#4 C:\Users\Proprietaire\Desktop\ppe_chopesgames\system\CodeIgniter.php(824): App\Controllers\Visiteur->accueil()
#5 C:\Users\Proprietaire\Desktop\ppe_chopesgames\system\CodeIgniter.php(410): CodeIgniter\CodeIgniter->runController(Object(App\Controllers\Visiteur))
#6 C:\Users\Proprietaire\Desktop\ppe_chopesgames\system\CodeIgniter.php(318): CodeIgniter\CodeIgniter->handleRequest(NULL, Object(Config\Cache), false)
#7 C:\Users\Proprietaire\Desktop\ppe_chopesgames\public\index.php(37): CodeIgniter\CodeIgniter->run()
#8 C:\Users\Proprietaire\Desktop\ppe_chopesgames\system\Commands\Server\rewrite.php(43): require_once('C:\\Users\\Propri...')
#9 {main}
CRITICAL - 2023-05-22 11:38:08 --> Call to undefined function form_open()
#0 C:\Users\Proprietaire\Desktop\ppe_chopesgames\system\View\View.php(214): include()
#1 C:\Users\Proprietaire\Desktop\ppe_chopesgames\system\View\View.php(217): CodeIgniter\View\View->CodeIgniter\View\{closure}()
#2 C:\Users\Proprietaire\Desktop\ppe_chopesgames\system\Common.php(1097): CodeIgniter\View\View->render('templates/foote...', Array, true)
#3 C:\Users\Proprietaire\Desktop\ppe_chopesgames\app\Controllers\Visiteur.php(29): view('templates/foote...')
#4 C:\Users\Proprietaire\Desktop\ppe_chopesgames\system\CodeIgniter.php(824): App\Controllers\Visiteur->accueil()
#5 C:\Users\Proprietaire\Desktop\ppe_chopesgames\system\CodeIgniter.php(410): CodeIgniter\CodeIgniter->runController(Object(App\Controllers\Visiteur))
#6 C:\Users\Proprietaire\Desktop\ppe_chopesgames\system\CodeIgniter.php(318): CodeIgniter\CodeIgniter->handleRequest(NULL, Object(Config\Cache), false)
#7 C:\Users\Proprietaire\Desktop\ppe_chopesgames\public\index.php(37): CodeIgniter\CodeIgniter->run()
#8 C:\Users\Proprietaire\Desktop\ppe_chopesgames\system\Commands\Server\rewrite.php(43): require_once('C:\\Users\\Propri...')
#9 {main}
CRITICAL - 2023-05-22 11:38:08 --> Call to undefined function form_open()
#0 C:\Users\Proprietaire\Desktop\ppe_chopesgames\system\View\View.php(214): include()
#1 C:\Users\Proprietaire\Desktop\ppe_chopesgames\system\View\View.php(217): CodeIgniter\View\View->CodeIgniter\View\{closure}()
#2 C:\Users\Proprietaire\Desktop\ppe_chopesgames\system\Common.php(1097): CodeIgniter\View\View->render('templates/foote...', Array, true)
#3 C:\Users\Proprietaire\Desktop\ppe_chopesgames\app\Controllers\Visiteur.php(29): view('templates/foote...')
#4 C:\Users\Proprietaire\Desktop\ppe_chopesgames\system\CodeIgniter.php(824): App\Controllers\Visiteur->accueil()
#5 C:\Users\Proprietaire\Desktop\ppe_chopesgames\system\CodeIgniter.php(410): CodeIgniter\CodeIgniter->runController(Object(App\Controllers\Visiteur))
#6 C:\Users\Proprietaire\Desktop\ppe_chopesgames\system\CodeIgniter.php(318): CodeIgniter\CodeIgniter->handleRequest(NULL, Object(Config\Cache), false)
#7 C:\Users\Proprietaire\Desktop\ppe_chopesgames\public\index.php(37): CodeIgniter\CodeIgniter->run()
#8 C:\Users\Proprietaire\Desktop\ppe_chopesgames\system\Commands\Server\rewrite.php(43): require_once('C:\\Users\\Propri...')
#9 {main}
CRITICAL - 2023-05-22 11:39:55 --> Call to undefined function form_open()
#0 C:\Users\Proprietaire\Desktop\ppe_chopesgames\system\View\View.php(214): include()
#1 C:\Users\Proprietaire\Desktop\ppe_chopesgames\system\View\View.php(217): CodeIgniter\View\View->CodeIgniter\View\{closure}()
#2 C:\Users\Proprietaire\Desktop\ppe_chopesgames\system\Common.php(1097): CodeIgniter\View\View->render('templates/foote...', Array, true)
#3 C:\Users\Proprietaire\Desktop\ppe_chopesgames\app\Controllers\Visiteur.php(29): view('templates/foote...')
#4 C:\Users\Proprietaire\Desktop\ppe_chopesgames\system\CodeIgniter.php(824): App\Controllers\Visiteur->accueil()
#5 C:\Users\Proprietaire\Desktop\ppe_chopesgames\system\CodeIgniter.php(410): CodeIgniter\CodeIgniter->runController(Object(App\Controllers\Visiteur))
#6 C:\Users\Proprietaire\Desktop\ppe_chopesgames\system\CodeIgniter.php(318): CodeIgniter\CodeIgniter->handleRequest(NULL, Object(Config\Cache), false)
#7 C:\Users\Proprietaire\Desktop\ppe_chopesgames\public\index.php(37): CodeIgniter\CodeIgniter->run()
#8 C:\Users\Proprietaire\Desktop\ppe_chopesgames\system\Commands\Server\rewrite.php(43): require_once('C:\\Users\\Propri...')
#9 {main}
CRITICAL - 2023-05-22 11:39:56 --> Call to undefined function form_open()
#0 C:\Users\Proprietaire\Desktop\ppe_chopesgames\system\View\View.php(214): include()
#1 C:\Users\Proprietaire\Desktop\ppe_chopesgames\system\View\View.php(217): CodeIgniter\View\View->CodeIgniter\View\{closure}()
#2 C:\Users\Proprietaire\Desktop\ppe_chopesgames\system\Common.php(1097): CodeIgniter\View\View->render('templates/foote...', Array, true)
#3 C:\Users\Proprietaire\Desktop\ppe_chopesgames\app\Controllers\Visiteur.php(29): view('templates/foote...')
#4 C:\Users\Proprietaire\Desktop\ppe_chopesgames\system\CodeIgniter.php(824): App\Controllers\Visiteur->accueil()
#5 C:\Users\Proprietaire\Desktop\ppe_chopesgames\system\CodeIgniter.php(410): CodeIgniter\CodeIgniter->runController(Object(App\Controllers\Visiteur))
#6 C:\Users\Proprietaire\Desktop\ppe_chopesgames\system\CodeIgniter.php(318): CodeIgniter\CodeIgniter->handleRequest(NULL, Object(Config\Cache), false)
#7 C:\Users\Proprietaire\Desktop\ppe_chopesgames\public\index.php(37): CodeIgniter\CodeIgniter->run()
#8 C:\Users\Proprietaire\Desktop\ppe_chopesgames\system\Commands\Server\rewrite.php(43): require_once('C:\\Users\\Propri...')
#9 {main}
CRITICAL - 2023-05-22 11:39:56 --> Call to undefined function form_open()
#0 C:\Users\Proprietaire\Desktop\ppe_chopesgames\system\View\View.php(214): include()
#1 C:\Users\Proprietaire\Desktop\ppe_chopesgames\system\View\View.php(217): CodeIgniter\View\View->CodeIgniter\View\{closure}()
#2 C:\Users\Proprietaire\Desktop\ppe_chopesgames\system\Common.php(1097): CodeIgniter\View\View->render('templates/foote...', Array, true)
#3 C:\Users\Proprietaire\Desktop\ppe_chopesgames\app\Controllers\Visiteur.php(29): view('templates/foote...')
#4 C:\Users\Proprietaire\Desktop\ppe_chopesgames\system\CodeIgniter.php(824): App\Controllers\Visiteur->accueil()
#5 C:\Users\Proprietaire\Desktop\ppe_chopesgames\system\CodeIgniter.php(410): CodeIgniter\CodeIgniter->runController(Object(App\Controllers\Visiteur))
#6 C:\Users\Proprietaire\Desktop\ppe_chopesgames\system\CodeIgniter.php(318): CodeIgniter\CodeIgniter->handleRequest(NULL, Object(Config\Cache), false)
#7 C:\Users\Proprietaire\Desktop\ppe_chopesgames\public\index.php(37): CodeIgniter\CodeIgniter->run()
#8 C:\Users\Proprietaire\Desktop\ppe_chopesgames\system\Commands\Server\rewrite.php(43): require_once('C:\\Users\\Propri...')
#9 {main}
CRITICAL - 2023-05-22 11:39:56 --> Call to undefined function form_open()
#0 C:\Users\Proprietaire\Desktop\ppe_chopesgames\system\View\View.php(214): include()
#1 C:\Users\Proprietaire\Desktop\ppe_chopesgames\system\View\View.php(217): CodeIgniter\View\View->CodeIgniter\View\{closure}()
#2 C:\Users\Proprietaire\Desktop\ppe_chopesgames\system\Common.php(1097): CodeIgniter\View\View->render('templates/foote...', Array, true)
#3 C:\Users\Proprietaire\Desktop\ppe_chopesgames\app\Controllers\Visiteur.php(29): view('templates/foote...')
#4 C:\Users\Proprietaire\Desktop\ppe_chopesgames\system\CodeIgniter.php(824): App\Controllers\Visiteur->accueil()
#5 C:\Users\Proprietaire\Desktop\ppe_chopesgames\system\CodeIgniter.php(410): CodeIgniter\CodeIgniter->runController(Object(App\Controllers\Visiteur))
#6 C:\Users\Proprietaire\Desktop\ppe_chopesgames\system\CodeIgniter.php(318): CodeIgniter\CodeIgniter->handleRequest(NULL, Object(Config\Cache), false)
#7 C:\Users\Proprietaire\Desktop\ppe_chopesgames\public\index.php(37): CodeIgniter\CodeIgniter->run()
#8 C:\Users\Proprietaire\Desktop\ppe_chopesgames\system\Commands\Server\rewrite.php(43): require_once('C:\\Users\\Propri...')
#9 {main}
CRITICAL - 2023-05-22 11:39:56 --> Call to undefined function form_open()
#0 C:\Users\Proprietaire\Desktop\ppe_chopesgames\system\View\View.php(214): include()
#1 C:\Users\Proprietaire\Desktop\ppe_chopesgames\system\View\View.php(217): CodeIgniter\View\View->CodeIgniter\View\{closure}()
#2 C:\Users\Proprietaire\Desktop\ppe_chopesgames\system\Common.php(1097): CodeIgniter\View\View->render('templates/foote...', Array, true)
#3 C:\Users\Proprietaire\Desktop\ppe_chopesgames\app\Controllers\Visiteur.php(29): view('templates/foote...')
#4 C:\Users\Proprietaire\Desktop\ppe_chopesgames\system\CodeIgniter.php(824): App\Controllers\Visiteur->accueil()
#5 C:\Users\Proprietaire\Desktop\ppe_chopesgames\system\CodeIgniter.php(410): CodeIgniter\CodeIgniter->runController(Object(App\Controllers\Visiteur))
#6 C:\Users\Proprietaire\Desktop\ppe_chopesgames\system\CodeIgniter.php(318): CodeIgniter\CodeIgniter->handleRequest(NULL, Object(Config\Cache), false)
#7 C:\Users\Proprietaire\Desktop\ppe_chopesgames\public\index.php(37): CodeIgniter\CodeIgniter->run()
#8 C:\Users\Proprietaire\Desktop\ppe_chopesgames\system\Commands\Server\rewrite.php(43): require_once('C:\\Users\\Propri...')
#9 {main}
CRITICAL - 2023-05-22 11:39:57 --> Call to undefined function form_open()
#0 C:\Users\Proprietaire\Desktop\ppe_chopesgames\system\View\View.php(214): include()
#1 C:\Users\Proprietaire\Desktop\ppe_chopesgames\system\View\View.php(217): CodeIgniter\View\View->CodeIgniter\View\{closure}()
#2 C:\Users\Proprietaire\Desktop\ppe_chopesgames\system\Common.php(1097): CodeIgniter\View\View->render('templates/foote...', Array, true)
#3 C:\Users\Proprietaire\Desktop\ppe_chopesgames\app\Controllers\Visiteur.php(29): view('templates/foote...')
#4 C:\Users\Proprietaire\Desktop\ppe_chopesgames\system\CodeIgniter.php(824): App\Controllers\Visiteur->accueil()
#5 C:\Users\Proprietaire\Desktop\ppe_chopesgames\system\CodeIgniter.php(410): CodeIgniter\CodeIgniter->runController(Object(App\Controllers\Visiteur))
#6 C:\Users\Proprietaire\Desktop\ppe_chopesgames\system\CodeIgniter.php(318): CodeIgniter\CodeIgniter->handleRequest(NULL, Object(Config\Cache), false)
#7 C:\Users\Proprietaire\Desktop\ppe_chopesgames\public\index.php(37): CodeIgniter\CodeIgniter->run()
#8 C:\Users\Proprietaire\Desktop\ppe_chopesgames\system\Commands\Server\rewrite.php(43): require_once('C:\\Users\\Propri...')
#9 {main}
CRITICAL - 2023-05-22 11:43:28 --> Call to undefined function form_open()
#0 C:\Users\Proprietaire\Desktop\ppe_chopesgames\system\View\View.php(214): include()
#1 C:\Users\Proprietaire\Desktop\ppe_chopesgames\system\View\View.php(217): CodeIgniter\View\View->CodeIgniter\View\{closure}()
#2 C:\Users\Proprietaire\Desktop\ppe_chopesgames\system\Common.php(1097): CodeIgniter\View\View->render('templates/foote...', Array, true)
#3 C:\Users\Proprietaire\Desktop\ppe_chopesgames\app\Controllers\Visiteur.php(29): view('templates/foote...')
#4 C:\Users\Proprietaire\Desktop\ppe_chopesgames\system\CodeIgniter.php(824): App\Controllers\Visiteur->accueil()
#5 C:\Users\Proprietaire\Desktop\ppe_chopesgames\system\CodeIgniter.php(410): CodeIgniter\CodeIgniter->runController(Object(App\Controllers\Visiteur))
#6 C:\Users\Proprietaire\Desktop\ppe_chopesgames\system\CodeIgniter.php(318): CodeIgniter\CodeIgniter->handleRequest(NULL, Object(Config\Cache), false)
#7 C:\Users\Proprietaire\Desktop\ppe_chopesgames\public\index.php(37): CodeIgniter\CodeIgniter->run()
#8 C:\Users\Proprietaire\Desktop\ppe_chopesgames\system\Commands\Server\rewrite.php(43): require_once('C:\\Users\\Propri...')
#9 {main}
CRITICAL - 2023-05-22 11:43:28 --> Call to undefined function form_open()
#0 C:\Users\Proprietaire\Desktop\ppe_chopesgames\system\View\View.php(214): include()
#1 C:\Users\Proprietaire\Desktop\ppe_chopesgames\system\View\View.php(217): CodeIgniter\View\View->CodeIgniter\View\{closure}()
#2 C:\Users\Proprietaire\Desktop\ppe_chopesgames\system\Common.php(1097): CodeIgniter\View\View->render('templates/foote...', Array, true)
#3 C:\Users\Proprietaire\Desktop\ppe_chopesgames\app\Controllers\Visiteur.php(29): view('templates/foote...')
#4 C:\Users\Proprietaire\Desktop\ppe_chopesgames\system\CodeIgniter.php(824): App\Controllers\Visiteur->accueil()
#5 C:\Users\Proprietaire\Desktop\ppe_chopesgames\system\CodeIgniter.php(410): CodeIgniter\CodeIgniter->runController(Object(App\Controllers\Visiteur))
#6 C:\Users\Proprietaire\Desktop\ppe_chopesgames\system\CodeIgniter.php(318): CodeIgniter\CodeIgniter->handleRequest(NULL, Object(Config\Cache), false)
#7 C:\Users\Proprietaire\Desktop\ppe_chopesgames\public\index.php(37): CodeIgniter\CodeIgniter->run()
#8 C:\Users\Proprietaire\Desktop\ppe_chopesgames\system\Commands\Server\rewrite.php(43): require_once('C:\\Users\\Propri...')
#9 {main}
CRITICAL - 2023-05-22 11:43:28 --> Call to undefined function form_open()
#0 C:\Users\Proprietaire\Desktop\ppe_chopesgames\system\View\View.php(214): include()
#1 C:\Users\Proprietaire\Desktop\ppe_chopesgames\system\View\View.php(217): CodeIgniter\View\View->CodeIgniter\View\{closure}()
#2 C:\Users\Proprietaire\Desktop\ppe_chopesgames\system\Common.php(1097): CodeIgniter\View\View->render('templates/foote...', Array, true)
#3 C:\Users\Proprietaire\Desktop\ppe_chopesgames\app\Controllers\Visiteur.php(29): view('templates/foote...')
#4 C:\Users\Proprietaire\Desktop\ppe_chopesgames\system\CodeIgniter.php(824): App\Controllers\Visiteur->accueil()
#5 C:\Users\Proprietaire\Desktop\ppe_chopesgames\system\CodeIgniter.php(410): CodeIgniter\CodeIgniter->runController(Object(App\Controllers\Visiteur))
#6 C:\Users\Proprietaire\Desktop\ppe_chopesgames\system\CodeIgniter.php(318): CodeIgniter\CodeIgniter->handleRequest(NULL, Object(Config\Cache), false)
#7 C:\Users\Proprietaire\Desktop\ppe_chopesgames\public\index.php(37): CodeIgniter\CodeIgniter->run()
#8 C:\Users\Proprietaire\Desktop\ppe_chopesgames\system\Commands\Server\rewrite.php(43): require_once('C:\\Users\\Propri...')
#9 {main}
CRITICAL - 2023-05-22 11:43:29 --> Call to undefined function form_open()
#0 C:\Users\Proprietaire\Desktop\ppe_chopesgames\system\View\View.php(214): include()
#1 C:\Users\Proprietaire\Desktop\ppe_chopesgames\system\View\View.php(217): CodeIgniter\View\View->CodeIgniter\View\{closure}()
#2 C:\Users\Proprietaire\Desktop\ppe_chopesgames\system\Common.php(1097): CodeIgniter\View\View->render('templates/foote...', Array, true)
#3 C:\Users\Proprietaire\Desktop\ppe_chopesgames\app\Controllers\Visiteur.php(29): view('templates/foote...')
#4 C:\Users\Proprietaire\Desktop\ppe_chopesgames\system\CodeIgniter.php(824): App\Controllers\Visiteur->accueil()
#5 C:\Users\Proprietaire\Desktop\ppe_chopesgames\system\CodeIgniter.php(410): CodeIgniter\CodeIgniter->runController(Object(App\Controllers\Visiteur))
#6 C:\Users\Proprietaire\Desktop\ppe_chopesgames\system\CodeIgniter.php(318): CodeIgniter\CodeIgniter->handleRequest(NULL, Object(Config\Cache), false)
#7 C:\Users\Proprietaire\Desktop\ppe_chopesgames\public\index.php(37): CodeIgniter\CodeIgniter->run()
#8 C:\Users\Proprietaire\Desktop\ppe_chopesgames\system\Commands\Server\rewrite.php(43): require_once('C:\\Users\\Propri...')
#9 {main}
CRITICAL - 2023-05-22 11:43:29 --> Call to undefined function form_open()
#0 C:\Users\Proprietaire\Desktop\ppe_chopesgames\system\View\View.php(214): include()
#1 C:\Users\Proprietaire\Desktop\ppe_chopesgames\system\View\View.php(217): CodeIgniter\View\View->CodeIgniter\View\{closure}()
#2 C:\Users\Proprietaire\Desktop\ppe_chopesgames\system\Common.php(1097): CodeIgniter\View\View->render('templates/foote...', Array, true)
#3 C:\Users\Proprietaire\Desktop\ppe_chopesgames\app\Controllers\Visiteur.php(29): view('templates/foote...')
#4 C:\Users\Proprietaire\Desktop\ppe_chopesgames\system\CodeIgniter.php(824): App\Controllers\Visiteur->accueil()
#5 C:\Users\Proprietaire\Desktop\ppe_chopesgames\system\CodeIgniter.php(410): CodeIgniter\CodeIgniter->runController(Object(App\Controllers\Visiteur))
#6 C:\Users\Proprietaire\Desktop\ppe_chopesgames\system\CodeIgniter.php(318): CodeIgniter\CodeIgniter->handleRequest(NULL, Object(Config\Cache), false)
#7 C:\Users\Proprietaire\Desktop\ppe_chopesgames\public\index.php(37): CodeIgniter\CodeIgniter->run()
#8 C:\Users\Proprietaire\Desktop\ppe_chopesgames\system\Commands\Server\rewrite.php(43): require_once('C:\\Users\\Propri...')
#9 {main}
CRITICAL - 2023-05-22 11:51:47 --> Call to undefined function form_open()
#0 C:\Users\Proprietaire\Desktop\ppe_chopesgames\system\View\View.php(214): include()
#1 C:\Users\Proprietaire\Desktop\ppe_chopesgames\system\View\View.php(217): CodeIgniter\View\View->CodeIgniter\View\{closure}()
#2 C:\Users\Proprietaire\Desktop\ppe_chopesgames\system\Common.php(1097): CodeIgniter\View\View->render('templates/foote...', Array, true)
#3 C:\Users\Proprietaire\Desktop\ppe_chopesgames\app\Controllers\Visiteur.php(54): view('templates/foote...')
#4 C:\Users\Proprietaire\Desktop\ppe_chopesgames\system\CodeIgniter.php(824): App\Controllers\Visiteur->lister_les_produits()
#5 C:\Users\Proprietaire\Desktop\ppe_chopesgames\system\CodeIgniter.php(410): CodeIgniter\CodeIgniter->runController(Object(App\Controllers\Visiteur))
#6 C:\Users\Proprietaire\Desktop\ppe_chopesgames\system\CodeIgniter.php(318): CodeIgniter\CodeIgniter->handleRequest(NULL, Object(Config\Cache), false)
#7 C:\Users\Proprietaire\Desktop\ppe_chopesgames\public\index.php(37): CodeIgniter\CodeIgniter->run()
#8 C:\Users\Proprietaire\Desktop\ppe_chopesgames\system\Commands\Server\rewrite.php(43): require_once('C:\\Users\\Propri...')
#9 {main}
CRITICAL - 2023-05-22 11:51:52 --> Call to undefined function form_open()
#0 C:\Users\Proprietaire\Desktop\ppe_chopesgames\system\View\View.php(214): include()
#1 C:\Users\Proprietaire\Desktop\ppe_chopesgames\system\View\View.php(217): CodeIgniter\View\View->CodeIgniter\View\{closure}()
#2 C:\Users\Proprietaire\Desktop\ppe_chopesgames\system\Common.php(1097): CodeIgniter\View\View->render('templates/foote...', Array, true)
#3 C:\Users\Proprietaire\Desktop\ppe_chopesgames\app\Controllers\AdministrateurEmploye.php(21): view('templates/foote...')
#4 C:\Users\Proprietaire\Desktop\ppe_chopesgames\system\CodeIgniter.php(824): App\Controllers\AdministrateurEmploye->afficher_les_clients()
#5 C:\Users\Proprietaire\Desktop\ppe_chopesgames\system\CodeIgniter.php(410): CodeIgniter\CodeIgniter->runController(Object(App\Controllers\AdministrateurEmploye))
#6 C:\Users\Proprietaire\Desktop\ppe_chopesgames\system\CodeIgniter.php(318): CodeIgniter\CodeIgniter->handleRequest(NULL, Object(Config\Cache), false)
#7 C:\Users\Proprietaire\Desktop\ppe_chopesgames\public\index.php(37): CodeIgniter\CodeIgniter->run()
#8 C:\Users\Proprietaire\Desktop\ppe_chopesgames\system\Commands\Server\rewrite.php(43): require_once('C:\\Users\\Propri...')
#9 {main}
CRITICAL - 2023-05-22 11:52:10 --> Call to undefined function form_open()
#0 C:\Users\Proprietaire\Desktop\ppe_chopesgames\system\View\View.php(214): include()
#1 C:\Users\Proprietaire\Desktop\ppe_chopesgames\system\View\View.php(217): CodeIgniter\View\View->CodeIgniter\View\{closure}()
#2 C:\Users\Proprietaire\Desktop\ppe_chopesgames\system\Common.php(1097): CodeIgniter\View\View->render('templates/foote...', Array, true)
#3 C:\Users\Proprietaire\Desktop\ppe_chopesgames\app\Controllers\AdministrateurEmploye.php(21): view('templates/foote...')
#4 C:\Users\Proprietaire\Desktop\ppe_chopesgames\system\CodeIgniter.php(824): App\Controllers\AdministrateurEmploye->afficher_les_clients()
#5 C:\Users\Proprietaire\Desktop\ppe_chopesgames\system\CodeIgniter.php(410): CodeIgniter\CodeIgniter->runController(Object(App\Controllers\AdministrateurEmploye))
#6 C:\Users\Proprietaire\Desktop\ppe_chopesgames\system\CodeIgniter.php(318): CodeIgniter\CodeIgniter->handleRequest(NULL, Object(Config\Cache), false)
#7 C:\Users\Proprietaire\Desktop\ppe_chopesgames\public\index.php(37): CodeIgniter\CodeIgniter->run()
#8 C:\Users\Proprietaire\Desktop\ppe_chopesgames\system\Commands\Server\rewrite.php(43): require_once('C:\\Users\\Propri...')
#9 {main}
CRITICAL - 2023-05-22 11:58:10 --> There is no data to insert.
#0 C:\Users\Proprietaire\Desktop\ppe_chopesgames\system\BaseModel.php(718): CodeIgniter\Database\Exceptions\DataException::forEmptyDataset('insert')
#1 C:\Users\Proprietaire\Desktop\ppe_chopesgames\system\Model.php(620): CodeIgniter\BaseModel->insert(Array, false)
#2 C:\Users\Proprietaire\Desktop\ppe_chopesgames\system\BaseModel.php(658): CodeIgniter\Model->insert(Array, false)
#3 C:\Users\Proprietaire\Desktop\ppe_chopesgames\app\Controllers\Visiteur.php(506): CodeIgniter\BaseModel->save(Array)
#4 C:\Users\Proprietaire\Desktop\ppe_chopesgames\system\CodeIgniter.php(824): App\Controllers\Visiteur->enregistrementNewletter()
#5 C:\Users\Proprietaire\Desktop\ppe_chopesgames\system\CodeIgniter.php(410): CodeIgniter\CodeIgniter->runController(Object(App\Controllers\Visiteur))
#6 C:\Users\Proprietaire\Desktop\ppe_chopesgames\system\CodeIgniter.php(318): CodeIgniter\CodeIgniter->handleRequest(NULL, Object(Config\Cache), false)
#7 C:\Users\Proprietaire\Desktop\ppe_chopesgames\public\index.php(37): CodeIgniter\CodeIgniter->run()
#8 C:\Users\Proprietaire\Desktop\ppe_chopesgames\system\Commands\Server\rewrite.php(43): require_once('C:\\Users\\Propri...')
#9 {main}
CRITICAL - 2023-05-22 12:01:39 --> There is no data to insert.
#0 C:\Users\Proprietaire\Desktop\ppe_chopesgames\system\BaseModel.php(718): CodeIgniter\Database\Exceptions\DataException::forEmptyDataset('insert')
#1 C:\Users\Proprietaire\Desktop\ppe_chopesgames\system\Model.php(620): CodeIgniter\BaseModel->insert(Array, true)
#2 C:\Users\Proprietaire\Desktop\ppe_chopesgames\app\Controllers\Visiteur.php(506): CodeIgniter\Model->insert(Array)
#3 C:\Users\Proprietaire\Desktop\ppe_chopesgames\system\CodeIgniter.php(824): App\Controllers\Visiteur->enregistrementNewletter()
#4 C:\Users\Proprietaire\Desktop\ppe_chopesgames\system\CodeIgniter.php(410): CodeIgniter\CodeIgniter->runController(Object(App\Controllers\Visiteur))
#5 C:\Users\Proprietaire\Desktop\ppe_chopesgames\system\CodeIgniter.php(318): CodeIgniter\CodeIgniter->handleRequest(NULL, Object(Config\Cache), false)
#6 C:\Users\Proprietaire\Desktop\ppe_chopesgames\public\index.php(37): CodeIgniter\CodeIgniter->run()
#7 C:\Users\Proprietaire\Desktop\ppe_chopesgames\system\Commands\Server\rewrite.php(43): require_once('C:\\Users\\Propri...')
#8 {main}
CRITICAL - 2023-05-22 12:02:57 --> Undefined variable $categories
#0 C:\Users\Proprietaire\Desktop\ppe_chopesgames\app\Views\templates\header.php(37): CodeIgniter\Debug\Exceptions->errorHandler(2, 'Undefined varia...', 'C:\\Users\\Propri...', 37)
#1 C:\Users\Proprietaire\Desktop\ppe_chopesgames\system\View\View.php(214): include('C:\\Users\\Propri...')
#2 C:\Users\Proprietaire\Desktop\ppe_chopesgames\system\View\View.php(217): CodeIgniter\View\View->CodeIgniter\View\{closure}()
#3 C:\Users\Proprietaire\Desktop\ppe_chopesgames\system\Common.php(1097): CodeIgniter\View\View->render('templates/heade...', Array, true)
#4 C:\Users\Proprietaire\Desktop\ppe_chopesgames\app\Controllers\Visiteur.php(509): view('templates/heade...', Array)
#5 C:\Users\Proprietaire\Desktop\ppe_chopesgames\system\CodeIgniter.php(824): App\Controllers\Visiteur->enregistrementNewletter()
#6 C:\Users\Proprietaire\Desktop\ppe_chopesgames\system\CodeIgniter.php(410): CodeIgniter\CodeIgniter->runController(Object(App\Controllers\Visiteur))
#7 C:\Users\Proprietaire\Desktop\ppe_chopesgames\system\CodeIgniter.php(318): CodeIgniter\CodeIgniter->handleRequest(NULL, Object(Config\Cache), false)
#8 C:\Users\Proprietaire\Desktop\ppe_chopesgames\public\index.php(37): CodeIgniter\CodeIgniter->run()
#9 C:\Users\Proprietaire\Desktop\ppe_chopesgames\system\Commands\Server\rewrite.php(43): require_once('C:\\Users\\Propri...')
#10 {main}
CRITICAL - 2023-05-22 12:03:49 --> Call to undefined function form_open()
#0 C:\Users\Proprietaire\Desktop\ppe_chopesgames\system\View\View.php(214): include()
#1 C:\Users\Proprietaire\Desktop\ppe_chopesgames\system\View\View.php(217): CodeIgniter\View\View->CodeIgniter\View\{closure}()
#2 C:\Users\Proprietaire\Desktop\ppe_chopesgames\system\Common.php(1097): CodeIgniter\View\View->render('templates/foote...', Array, true)
#3 C:\Users\Proprietaire\Desktop\ppe_chopesgames\app\Controllers\Visiteur.php(29): view('templates/foote...')
#4 C:\Users\Proprietaire\Desktop\ppe_chopesgames\system\CodeIgniter.php(824): App\Controllers\Visiteur->accueil()
#5 C:\Users\Proprietaire\Desktop\ppe_chopesgames\system\CodeIgniter.php(410): CodeIgniter\CodeIgniter->runController(Object(App\Controllers\Visiteur))
#6 C:\Users\Proprietaire\Desktop\ppe_chopesgames\system\CodeIgniter.php(318): CodeIgniter\CodeIgniter->handleRequest(NULL, Object(Config\Cache), false)
#7 C:\Users\Proprietaire\Desktop\ppe_chopesgames\public\index.php(37): CodeIgniter\CodeIgniter->run()
#8 C:\Users\Proprietaire\Desktop\ppe_chopesgames\system\Commands\Server\rewrite.php(43): require_once('C:\\Users\\Propri...')
#9 {main}
CRITICAL - 2023-05-22 12:18:29 --> Call to undefined function form_open()
#0 C:\Users\Proprietaire\Desktop\ppe_chopesgames\system\View\View.php(214): include()
#1 C:\Users\Proprietaire\Desktop\ppe_chopesgames\system\View\View.php(217): CodeIgniter\View\View->CodeIgniter\View\{closure}()
#2 C:\Users\Proprietaire\Desktop\ppe_chopesgames\system\Common.php(1097): CodeIgniter\View\View->render('templates/foote...', Array, true)
#3 C:\Users\Proprietaire\Desktop\ppe_chopesgames\app\Controllers\Visiteur.php(29): view('templates/foote...')
#4 C:\Users\Proprietaire\Desktop\ppe_chopesgames\system\CodeIgniter.php(824): App\Controllers\Visiteur->accueil()
#5 C:\Users\Proprietaire\Desktop\ppe_chopesgames\system\CodeIgniter.php(410): CodeIgniter\CodeIgniter->runController(Object(App\Controllers\Visiteur))
#6 C:\Users\Proprietaire\Desktop\ppe_chopesgames\system\CodeIgniter.php(318): CodeIgniter\CodeIgniter->handleRequest(NULL, Object(Config\Cache), false)
#7 C:\Users\Proprietaire\Desktop\ppe_chopesgames\public\index.php(37): CodeIgniter\CodeIgniter->run()
#8 C:\Users\Proprietaire\Desktop\ppe_chopesgames\system\Commands\Server\rewrite.php(43): require_once('C:\\Users\\Propri...')
#9 {main}
CRITICAL - 2023-05-22 12:24:18 --> Call to undefined function form_input()
#0 C:\Users\Proprietaire\Desktop\ppe_chopesgames\system\View\View.php(214): include()
#1 C:\Users\Proprietaire\Desktop\ppe_chopesgames\system\View\View.php(217): CodeIgniter\View\View->CodeIgniter\View\{closure}()
#2 C:\Users\Proprietaire\Desktop\ppe_chopesgames\system\Common.php(1097): CodeIgniter\View\View->render('templates/foote...', Array, true)
#3 C:\Users\Proprietaire\Desktop\ppe_chopesgames\app\Controllers\Visiteur.php(29): view('templates/foote...')
#4 C:\Users\Proprietaire\Desktop\ppe_chopesgames\system\CodeIgniter.php(824): App\Controllers\Visiteur->accueil()
#5 C:\Users\Proprietaire\Desktop\ppe_chopesgames\system\CodeIgniter.php(410): CodeIgniter\CodeIgniter->runController(Object(App\Controllers\Visiteur))
#6 C:\Users\Proprietaire\Desktop\ppe_chopesgames\system\CodeIgniter.php(318): CodeIgniter\CodeIgniter->handleRequest(NULL, Object(Config\Cache), false)
#7 C:\Users\Proprietaire\Desktop\ppe_chopesgames\public\index.php(37): CodeIgniter\CodeIgniter->run()
#8 C:\Users\Proprietaire\Desktop\ppe_chopesgames\system\Commands\Server\rewrite.php(43): require_once('C:\\Users\\Propri...')
#9 {main}
CRITICAL - 2023-05-22 12:52:38 --> Undefined variable $categories
#0 C:\Users\Proprietaire\Desktop\ppe_chopesgames\app\Views\templates\header.php(37): CodeIgniter\Debug\Exceptions->errorHandler(2, 'Undefined varia...', 'C:\\Users\\Propri...', 37)
#1 C:\Users\Proprietaire\Desktop\ppe_chopesgames\system\View\View.php(214): include('C:\\Users\\Propri...')
#2 C:\Users\Proprietaire\Desktop\ppe_chopesgames\system\View\View.php(217): CodeIgniter\View\View->CodeIgniter\View\{closure}()
#3 C:\Users\Proprietaire\Desktop\ppe_chopesgames\system\Common.php(1097): CodeIgniter\View\View->render('templates/heade...', Array, true)
#4 C:\Users\Proprietaire\Desktop\ppe_chopesgames\app\Controllers\Visiteur.php(495): view('templates/heade...', Array)
#5 C:\Users\Proprietaire\Desktop\ppe_chopesgames\system\CodeIgniter.php(824): App\Controllers\Visiteur->s_enregistrer_Newletter()
#6 C:\Users\Proprietaire\Desktop\ppe_chopesgames\system\CodeIgniter.php(410): CodeIgniter\CodeIgniter->runController(Object(App\Controllers\Visiteur))
#7 C:\Users\Proprietaire\Desktop\ppe_chopesgames\system\CodeIgniter.php(318): CodeIgniter\CodeIgniter->handleRequest(NULL, Object(Config\Cache), false)
#8 C:\Users\Proprietaire\Desktop\ppe_chopesgames\public\index.php(37): CodeIgniter\CodeIgniter->run()
#9 C:\Users\Proprietaire\Desktop\ppe_chopesgames\system\Commands\Server\rewrite.php(43): require_once('C:\\Users\\Propri...')
#10 {main}
CRITICAL - 2023-05-22 12:56:17 --> Undefined variable $categories
#0 C:\Users\Proprietaire\Desktop\ppe_chopesgames\app\Views\templates\header.php(37): CodeIgniter\Debug\Exceptions->errorHandler(2, 'Undefined varia...', 'C:\\Users\\Propri...', 37)
#1 C:\Users\Proprietaire\Desktop\ppe_chopesgames\system\View\View.php(214): include('C:\\Users\\Propri...')
#2 C:\Users\Proprietaire\Desktop\ppe_chopesgames\system\View\View.php(217): CodeIgniter\View\View->CodeIgniter\View\{closure}()
#3 C:\Users\Proprietaire\Desktop\ppe_chopesgames\system\Common.php(1097): CodeIgniter\View\View->render('templates/heade...', Array, true)
#4 C:\Users\Proprietaire\Desktop\ppe_chopesgames\app\Controllers\Visiteur.php(495): view('templates/heade...', Array)
#5 C:\Users\Proprietaire\Desktop\ppe_chopesgames\system\CodeIgniter.php(824): App\Controllers\Visiteur->s_enregistrer_Newletter()
#6 C:\Users\Proprietaire\Desktop\ppe_chopesgames\system\CodeIgniter.php(410): CodeIgniter\CodeIgniter->runController(Object(App\Controllers\Visiteur))
#7 C:\Users\Proprietaire\Desktop\ppe_chopesgames\system\CodeIgniter.php(318): CodeIgniter\CodeIgniter->handleRequest(NULL, Object(Config\Cache), false)
#8 C:\Users\Proprietaire\Desktop\ppe_chopesgames\public\index.php(37): CodeIgniter\CodeIgniter->run()
#9 C:\Users\Proprietaire\Desktop\ppe_chopesgames\system\Commands\Server\rewrite.php(43): require_once('C:\\Users\\Propri...')
#10 {main}
