ERROR - 2023-01-13 07:16:34 --> Table 'aspt1556_chopesgames.MARQUE' doesn't exist
CRITICAL - 2023-01-13 07:16:34 --> Table 'aspt1556_chopesgames.MARQUE' doesn't exist
#0 /home/aspt1556/quentin.greta22sio.fr/ChopesGames/system/Database/MySQLi/Connection.php(292): mysqli->query()
#1 /home/aspt1556/quentin.greta22sio.fr/ChopesGames/system/Database/BaseConnection.php(670): CodeIgniter\Database\MySQLi\Connection->execute()
#2 /home/aspt1556/quentin.greta22sio.fr/ChopesGames/system/Database/BaseConnection.php(598): CodeIgniter\Database\BaseConnection->simpleQuery()
#3 /home/aspt1556/quentin.greta22sio.fr/ChopesGames/system/Database/BaseBuilder.php(1443): CodeIgniter\Database\BaseConnection->query()
#4 /home/aspt1556/quentin.greta22sio.fr/ChopesGames/system/Model.php(210): CodeIgniter\Database\BaseBuilder->get()
#5 /home/aspt1556/quentin.greta22sio.fr/ChopesGames/system/BaseModel.php(622): CodeIgniter\Model->doFirst()
#6 /home/aspt1556/quentin.greta22sio.fr/ChopesGames/app/Models/ModeleProduit.php(60): CodeIgniter\BaseModel->first()
#7 /home/aspt1556/quentin.greta22sio.fr/ChopesGames/app/Controllers/Visiteur.php(209): App\Models\ModeleProduit->retournerMarqueSlug()
#8 /home/aspt1556/quentin.greta22sio.fr/ChopesGames/system/CodeIgniter.php(824): App\Controllers\Visiteur->prodByIdBis()
#9 /home/aspt1556/quentin.greta22sio.fr/ChopesGames/system/CodeIgniter.php(410): CodeIgniter\CodeIgniter->runController()
#10 /home/aspt1556/quentin.greta22sio.fr/ChopesGames/system/CodeIgniter.php(318): CodeIgniter\CodeIgniter->handleRequest()
#11 /home/aspt1556/quentin.greta22sio.fr/ChopesGames/public/index.php(37): CodeIgniter\CodeIgniter->run()
#12 {main}
ERROR - 2023-01-13 07:16:39 --> Table 'aspt1556_chopesgames.MARQUE' doesn't exist
CRITICAL - 2023-01-13 07:16:39 --> Table 'aspt1556_chopesgames.MARQUE' doesn't exist
#0 /home/aspt1556/quentin.greta22sio.fr/ChopesGames/system/Database/MySQLi/Connection.php(292): mysqli->query()
#1 /home/aspt1556/quentin.greta22sio.fr/ChopesGames/system/Database/BaseConnection.php(670): CodeIgniter\Database\MySQLi\Connection->execute()
#2 /home/aspt1556/quentin.greta22sio.fr/ChopesGames/system/Database/BaseConnection.php(598): CodeIgniter\Database\BaseConnection->simpleQuery()
#3 /home/aspt1556/quentin.greta22sio.fr/ChopesGames/system/Database/BaseBuilder.php(1443): CodeIgniter\Database\BaseConnection->query()
#4 /home/aspt1556/quentin.greta22sio.fr/ChopesGames/system/Model.php(210): CodeIgniter\Database\BaseBuilder->get()
#5 /home/aspt1556/quentin.greta22sio.fr/ChopesGames/system/BaseModel.php(622): CodeIgniter\Model->doFirst()
#6 /home/aspt1556/quentin.greta22sio.fr/ChopesGames/app/Models/ModeleProduit.php(60): CodeIgniter\BaseModel->first()
#7 /home/aspt1556/quentin.greta22sio.fr/ChopesGames/app/Controllers/Visiteur.php(209): App\Models\ModeleProduit->retournerMarqueSlug()
#8 /home/aspt1556/quentin.greta22sio.fr/ChopesGames/system/CodeIgniter.php(824): App\Controllers\Visiteur->prodByIdBis()
#9 /home/aspt1556/quentin.greta22sio.fr/ChopesGames/system/CodeIgniter.php(410): CodeIgniter\CodeIgniter->runController()
#10 /home/aspt1556/quentin.greta22sio.fr/ChopesGames/system/CodeIgniter.php(318): CodeIgniter\CodeIgniter->handleRequest()
#11 /home/aspt1556/quentin.greta22sio.fr/ChopesGames/public/index.php(37): CodeIgniter\CodeIgniter->run()
#12 {main}
ERROR - 2023-01-13 07:16:49 --> Table 'aspt1556_chopesgames.MARQUE' doesn't exist
CRITICAL - 2023-01-13 07:16:49 --> Table 'aspt1556_chopesgames.MARQUE' doesn't exist
#0 /home/aspt1556/quentin.greta22sio.fr/ChopesGames/system/Database/MySQLi/Connection.php(292): mysqli->query()
#1 /home/aspt1556/quentin.greta22sio.fr/ChopesGames/system/Database/BaseConnection.php(670): CodeIgniter\Database\MySQLi\Connection->execute()
#2 /home/aspt1556/quentin.greta22sio.fr/ChopesGames/system/Database/BaseConnection.php(598): CodeIgniter\Database\BaseConnection->simpleQuery()
#3 /home/aspt1556/quentin.greta22sio.fr/ChopesGames/system/Database/BaseBuilder.php(1443): CodeIgniter\Database\BaseConnection->query()
#4 /home/aspt1556/quentin.greta22sio.fr/ChopesGames/system/Model.php(210): CodeIgniter\Database\BaseBuilder->get()
#5 /home/aspt1556/quentin.greta22sio.fr/ChopesGames/system/BaseModel.php(622): CodeIgniter\Model->doFirst()
#6 /home/aspt1556/quentin.greta22sio.fr/ChopesGames/app/Models/ModeleProduit.php(60): CodeIgniter\BaseModel->first()
#7 /home/aspt1556/quentin.greta22sio.fr/ChopesGames/app/Controllers/Visiteur.php(209): App\Models\ModeleProduit->retournerMarqueSlug()
#8 /home/aspt1556/quentin.greta22sio.fr/ChopesGames/system/CodeIgniter.php(824): App\Controllers\Visiteur->prodByIdBis()
#9 /home/aspt1556/quentin.greta22sio.fr/ChopesGames/system/CodeIgniter.php(410): CodeIgniter\CodeIgniter->runController()
#10 /home/aspt1556/quentin.greta22sio.fr/ChopesGames/system/CodeIgniter.php(318): CodeIgniter\CodeIgniter->handleRequest()
#11 /home/aspt1556/quentin.greta22sio.fr/ChopesGames/public/index.php(37): CodeIgniter\CodeIgniter->run()
#12 {main}
ERROR - 2023-01-13 07:21:55 --> Table 'aspt1556_chopesgames.MARQUE' doesn't exist
CRITICAL - 2023-01-13 07:21:55 --> Table 'aspt1556_chopesgames.MARQUE' doesn't exist
#0 /home/aspt1556/quentin.greta22sio.fr/ChopesGames/system/Database/MySQLi/Connection.php(292): mysqli->query()
#1 /home/aspt1556/quentin.greta22sio.fr/ChopesGames/system/Database/BaseConnection.php(670): CodeIgniter\Database\MySQLi\Connection->execute()
#2 /home/aspt1556/quentin.greta22sio.fr/ChopesGames/system/Database/BaseConnection.php(598): CodeIgniter\Database\BaseConnection->simpleQuery()
#3 /home/aspt1556/quentin.greta22sio.fr/ChopesGames/system/Database/BaseBuilder.php(1443): CodeIgniter\Database\BaseConnection->query()
#4 /home/aspt1556/quentin.greta22sio.fr/ChopesGames/system/Model.php(210): CodeIgniter\Database\BaseBuilder->get()
#5 /home/aspt1556/quentin.greta22sio.fr/ChopesGames/system/BaseModel.php(622): CodeIgniter\Model->doFirst()
#6 /home/aspt1556/quentin.greta22sio.fr/ChopesGames/app/Models/ModeleProduit.php(60): CodeIgniter\BaseModel->first()
#7 /home/aspt1556/quentin.greta22sio.fr/ChopesGames/app/Controllers/Visiteur.php(209): App\Models\ModeleProduit->retournerMarqueSlug()
#8 /home/aspt1556/quentin.greta22sio.fr/ChopesGames/system/CodeIgniter.php(824): App\Controllers\Visiteur->prodByIdBis()
#9 /home/aspt1556/quentin.greta22sio.fr/ChopesGames/system/CodeIgniter.php(410): CodeIgniter\CodeIgniter->runController()
#10 /home/aspt1556/quentin.greta22sio.fr/ChopesGames/system/CodeIgniter.php(318): CodeIgniter\CodeIgniter->handleRequest()
#11 /home/aspt1556/quentin.greta22sio.fr/ChopesGames/public/index.php(37): CodeIgniter\CodeIgniter->run()
#12 {main}
ERROR - 2023-01-13 07:22:05 --> Table 'aspt1556_chopesgames.MARQUE' doesn't exist
CRITICAL - 2023-01-13 07:22:05 --> Table 'aspt1556_chopesgames.MARQUE' doesn't exist
#0 /home/aspt1556/quentin.greta22sio.fr/ChopesGames/system/Database/MySQLi/Connection.php(292): mysqli->query()
#1 /home/aspt1556/quentin.greta22sio.fr/ChopesGames/system/Database/BaseConnection.php(670): CodeIgniter\Database\MySQLi\Connection->execute()
#2 /home/aspt1556/quentin.greta22sio.fr/ChopesGames/system/Database/BaseConnection.php(598): CodeIgniter\Database\BaseConnection->simpleQuery()
#3 /home/aspt1556/quentin.greta22sio.fr/ChopesGames/system/Database/BaseBuilder.php(1443): CodeIgniter\Database\BaseConnection->query()
#4 /home/aspt1556/quentin.greta22sio.fr/ChopesGames/system/Model.php(210): CodeIgniter\Database\BaseBuilder->get()
#5 /home/aspt1556/quentin.greta22sio.fr/ChopesGames/system/BaseModel.php(622): CodeIgniter\Model->doFirst()
#6 /home/aspt1556/quentin.greta22sio.fr/ChopesGames/app/Models/ModeleProduit.php(60): CodeIgniter\BaseModel->first()
#7 /home/aspt1556/quentin.greta22sio.fr/ChopesGames/app/Controllers/Visiteur.php(209): App\Models\ModeleProduit->retournerMarqueSlug()
#8 /home/aspt1556/quentin.greta22sio.fr/ChopesGames/system/CodeIgniter.php(824): App\Controllers\Visiteur->prodByIdBis()
#9 /home/aspt1556/quentin.greta22sio.fr/ChopesGames/system/CodeIgniter.php(410): CodeIgniter\CodeIgniter->runController()
#10 /home/aspt1556/quentin.greta22sio.fr/ChopesGames/system/CodeIgniter.php(318): CodeIgniter\CodeIgniter->handleRequest()
#11 /home/aspt1556/quentin.greta22sio.fr/ChopesGames/public/index.php(37): CodeIgniter\CodeIgniter->run()
#12 {main}
ERROR - 2023-01-13 07:22:08 --> Table 'aspt1556_chopesgames.MARQUE' doesn't exist
CRITICAL - 2023-01-13 07:22:08 --> Table 'aspt1556_chopesgames.MARQUE' doesn't exist
#0 /home/aspt1556/quentin.greta22sio.fr/ChopesGames/system/Database/MySQLi/Connection.php(292): mysqli->query()
#1 /home/aspt1556/quentin.greta22sio.fr/ChopesGames/system/Database/BaseConnection.php(670): CodeIgniter\Database\MySQLi\Connection->execute()
#2 /home/aspt1556/quentin.greta22sio.fr/ChopesGames/system/Database/BaseConnection.php(598): CodeIgniter\Database\BaseConnection->simpleQuery()
#3 /home/aspt1556/quentin.greta22sio.fr/ChopesGames/system/Database/BaseBuilder.php(1443): CodeIgniter\Database\BaseConnection->query()
#4 /home/aspt1556/quentin.greta22sio.fr/ChopesGames/system/Model.php(210): CodeIgniter\Database\BaseBuilder->get()
#5 /home/aspt1556/quentin.greta22sio.fr/ChopesGames/system/BaseModel.php(622): CodeIgniter\Model->doFirst()
#6 /home/aspt1556/quentin.greta22sio.fr/ChopesGames/app/Models/ModeleProduit.php(60): CodeIgniter\BaseModel->first()
#7 /home/aspt1556/quentin.greta22sio.fr/ChopesGames/app/Controllers/Visiteur.php(209): App\Models\ModeleProduit->retournerMarqueSlug()
#8 /home/aspt1556/quentin.greta22sio.fr/ChopesGames/system/CodeIgniter.php(824): App\Controllers\Visiteur->prodByIdBis()
#9 /home/aspt1556/quentin.greta22sio.fr/ChopesGames/system/CodeIgniter.php(410): CodeIgniter\CodeIgniter->runController()
#10 /home/aspt1556/quentin.greta22sio.fr/ChopesGames/system/CodeIgniter.php(318): CodeIgniter\CodeIgniter->handleRequest()
#11 /home/aspt1556/quentin.greta22sio.fr/ChopesGames/public/index.php(37): CodeIgniter\CodeIgniter->run()
#12 {main}
