ERROR - 2023-04-19 14:22:43 --> Error connecting to the database: Accès refusé pour l'utilisateur: '****'@'@localhost' (mot de passe: OUI)
CRITICAL - 2023-04-19 14:22:43 --> Unable to connect to the database.
Main connection [MySQLi]: Accès refusé pour l'utilisateur: '****'@'@localhost' (mot de passe: OUI)
#0 C:\Users\Proprietaire\Desktop\ChopesGames\system\Database\BaseConnection.php(577): CodeIgniter\Database\BaseConnection->initialize()
#1 C:\Users\Proprietaire\Desktop\ChopesGames\system\Database\BaseBuilder.php(1443): CodeIgniter\Database\BaseConnection->query('SELECT *\nFROM `...', Array, false)
#2 C:\Users\Proprietaire\Desktop\ChopesGames\system\Model.php(183): CodeIgniter\Database\BaseBuilder->get()
#3 C:\Users\Proprietaire\Desktop\ChopesGames\system\BaseModel.php(584): CodeIgniter\Model->doFindAll(0, 0)
#4 C:\Users\Proprietaire\Desktop\ChopesGames\app\Models\ModeleProduit.php(27): CodeIgniter\BaseModel->findAll()
#5 C:\Users\Proprietaire\Desktop\ChopesGames\app\Controllers\Visiteur.php(20): App\Models\ModeleProduit->retourner_vitrine()
#6 C:\Users\Proprietaire\Desktop\ChopesGames\system\CodeIgniter.php(824): App\Controllers\Visiteur->accueil()
#7 C:\Users\Proprietaire\Desktop\ChopesGames\system\CodeIgniter.php(410): CodeIgniter\CodeIgniter->runController(Object(App\Controllers\Visiteur))
#8 C:\Users\Proprietaire\Desktop\ChopesGames\system\CodeIgniter.php(318): CodeIgniter\CodeIgniter->handleRequest(NULL, Object(Config\Cache), false)
#9 C:\Users\Proprietaire\Desktop\ChopesGames\public\index.php(37): CodeIgniter\CodeIgniter->run()
#10 C:\Users\Proprietaire\Desktop\ChopesGames\system\Commands\Server\rewrite.php(43): require_once('C:\\Users\\Propri...')
#11 {main}
ERROR - 2023-04-19 14:22:48 --> Error connecting to the database: Accès refusé pour l'utilisateur: '****'@'@localhost' (mot de passe: OUI)
CRITICAL - 2023-04-19 14:22:48 --> Unable to connect to the database.
Main connection [MySQLi]: Accès refusé pour l'utilisateur: '****'@'@localhost' (mot de passe: OUI)
#0 C:\Users\Proprietaire\Desktop\ChopesGames\system\Database\BaseConnection.php(577): CodeIgniter\Database\BaseConnection->initialize()
#1 C:\Users\Proprietaire\Desktop\ChopesGames\system\Database\BaseBuilder.php(1443): CodeIgniter\Database\BaseConnection->query('SELECT *\nFROM `...', Array, false)
#2 C:\Users\Proprietaire\Desktop\ChopesGames\system\Model.php(183): CodeIgniter\Database\BaseBuilder->get()
#3 C:\Users\Proprietaire\Desktop\ChopesGames\system\BaseModel.php(584): CodeIgniter\Model->doFindAll(0, 0)
#4 C:\Users\Proprietaire\Desktop\ChopesGames\app\Models\ModeleProduit.php(27): CodeIgniter\BaseModel->findAll()
#5 C:\Users\Proprietaire\Desktop\ChopesGames\app\Controllers\Visiteur.php(20): App\Models\ModeleProduit->retourner_vitrine()
#6 C:\Users\Proprietaire\Desktop\ChopesGames\system\CodeIgniter.php(824): App\Controllers\Visiteur->accueil()
#7 C:\Users\Proprietaire\Desktop\ChopesGames\system\CodeIgniter.php(410): CodeIgniter\CodeIgniter->runController(Object(App\Controllers\Visiteur))
#8 C:\Users\Proprietaire\Desktop\ChopesGames\system\CodeIgniter.php(318): CodeIgniter\CodeIgniter->handleRequest(NULL, Object(Config\Cache), false)
#9 C:\Users\Proprietaire\Desktop\ChopesGames\public\index.php(37): CodeIgniter\CodeIgniter->run()
#10 C:\Users\Proprietaire\Desktop\ChopesGames\system\Commands\Server\rewrite.php(43): require_once('C:\\Users\\Propri...')
#11 {main}
