ERROR - 2023-04-20 02:13:39 --> Error connecting to the database: Aucune connexion n’a pu être établie car l’ordinateur cible l’a expressément refusée
CRITICAL - 2023-04-20 02:13:39 --> Unable to connect to the database.
Main connection [MySQLi]: Aucune connexion n’a pu être établie car l’ordinateur cible l’a expressément refusée
#0 C:\Users\Proprietaire\Desktop\ChopesGames\system\Database\BaseConnection.php(577): CodeIgniter\Database\BaseConnection->initialize()
#1 C:\Users\Proprietaire\Desktop\ChopesGames\system\Database\BaseBuilder.php(1443): CodeIgniter\Database\BaseConnection->query('SELECT *\nFROM `...', Array, false)
#2 C:\Users\Proprietaire\Desktop\ChopesGames\system\Model.php(183): CodeIgniter\Database\BaseBuilder->get()
#3 C:\Users\Proprietaire\Desktop\ChopesGames\system\BaseModel.php(584): CodeIgniter\Model->doFindAll(0, 0)
#4 C:\Users\Proprietaire\Desktop\ChopesGames\app\Models\ModeleProduit.php(27): CodeIgniter\BaseModel->findAll()
#5 C:\Users\Proprietaire\Desktop\ChopesGames\app\Controllers\Visiteur.php(20): App\Models\ModeleProduit->retourner_vitrine()
#6 C:\Users\Proprietaire\Desktop\ChopesGames\system\CodeIgniter.php(824): App\Controllers\Visiteur->accueil()
#7 C:\Users\Proprietaire\Desktop\ChopesGames\system\CodeIgniter.php(410): CodeIgniter\CodeIgniter->runController(Object(App\Controllers\Visiteur))
#8 C:\Users\Proprietaire\Desktop\ChopesGames\system\CodeIgniter.php(318): CodeIgniter\CodeIgniter->handleRequest(NULL, Object(Config\Cache), false)
#9 C:\Users\Proprietaire\Desktop\ChopesGames\public\index.php(37): CodeIgniter\CodeIgniter->run()
#10 C:\Users\Proprietaire\Desktop\ChopesGames\system\Commands\Server\rewrite.php(43): require_once('C:\\Users\\Propri...')
#11 {main}
ERROR - 2023-04-20 02:13:43 --> Error connecting to the database: Aucune connexion n’a pu être établie car l’ordinateur cible l’a expressément refusée
CRITICAL - 2023-04-20 02:13:43 --> Unable to connect to the database.
Main connection [MySQLi]: Aucune connexion n’a pu être établie car l’ordinateur cible l’a expressément refusée
#0 C:\Users\Proprietaire\Desktop\ChopesGames\system\Database\BaseConnection.php(577): CodeIgniter\Database\BaseConnection->initialize()
#1 C:\Users\Proprietaire\Desktop\ChopesGames\system\Database\BaseBuilder.php(1443): CodeIgniter\Database\BaseConnection->query('SELECT *\nFROM `...', Array, false)
#2 C:\Users\Proprietaire\Desktop\ChopesGames\system\Model.php(183): CodeIgniter\Database\BaseBuilder->get()
#3 C:\Users\Proprietaire\Desktop\ChopesGames\system\BaseModel.php(584): CodeIgniter\Model->doFindAll(0, 0)
#4 C:\Users\Proprietaire\Desktop\ChopesGames\app\Models\ModeleProduit.php(27): CodeIgniter\BaseModel->findAll()
#5 C:\Users\Proprietaire\Desktop\ChopesGames\app\Controllers\Visiteur.php(20): App\Models\ModeleProduit->retourner_vitrine()
#6 C:\Users\Proprietaire\Desktop\ChopesGames\system\CodeIgniter.php(824): App\Controllers\Visiteur->accueil()
#7 C:\Users\Proprietaire\Desktop\ChopesGames\system\CodeIgniter.php(410): CodeIgniter\CodeIgniter->runController(Object(App\Controllers\Visiteur))
#8 C:\Users\Proprietaire\Desktop\ChopesGames\system\CodeIgniter.php(318): CodeIgniter\CodeIgniter->handleRequest(NULL, Object(Config\Cache), false)
#9 C:\Users\Proprietaire\Desktop\ChopesGames\public\index.php(37): CodeIgniter\CodeIgniter->run()
#10 C:\Users\Proprietaire\Desktop\ChopesGames\system\Commands\Server\rewrite.php(43): require_once('C:\\Users\\Propri...')
#11 {main}
CRITICAL - 2023-04-20 02:56:47 --> Object of class CodeIgniter\Session\Session could not be converted to string
#0 C:\Users\Proprietaire\Desktop\ChopesGames\system\View\View.php(214): include()
#1 C:\Users\Proprietaire\Desktop\ChopesGames\system\View\View.php(217): CodeIgniter\View\View->CodeIgniter\View\{closure}()
#2 C:\Users\Proprietaire\Desktop\ChopesGames\system\Common.php(1097): CodeIgniter\View\View->render('templates/heade...', Array, true)
#3 C:\Users\Proprietaire\Desktop\ChopesGames\app\Controllers\Visiteur.php(26): view('templates/heade...', Array)
#4 C:\Users\Proprietaire\Desktop\ChopesGames\system\CodeIgniter.php(824): App\Controllers\Visiteur->accueil()
#5 C:\Users\Proprietaire\Desktop\ChopesGames\system\CodeIgniter.php(410): CodeIgniter\CodeIgniter->runController(Object(App\Controllers\Visiteur))
#6 C:\Users\Proprietaire\Desktop\ChopesGames\system\CodeIgniter.php(318): CodeIgniter\CodeIgniter->handleRequest(NULL, Object(Config\Cache), false)
#7 C:\Users\Proprietaire\Desktop\ChopesGames\public\index.php(37): CodeIgniter\CodeIgniter->run()
#8 C:\Users\Proprietaire\Desktop\ChopesGames\system\Commands\Server\rewrite.php(43): require_once('C:\\Users\\Propri...')
#9 {main}
CRITICAL - 2023-04-20 02:57:04 --> Object of class CodeIgniter\Session\Session could not be converted to string
#0 C:\Users\Proprietaire\Desktop\ChopesGames\system\View\View.php(214): include()
#1 C:\Users\Proprietaire\Desktop\ChopesGames\system\View\View.php(217): CodeIgniter\View\View->CodeIgniter\View\{closure}()
#2 C:\Users\Proprietaire\Desktop\ChopesGames\system\Common.php(1097): CodeIgniter\View\View->render('templates/heade...', Array, true)
#3 C:\Users\Proprietaire\Desktop\ChopesGames\app\Controllers\Visiteur.php(26): view('templates/heade...', Array)
#4 C:\Users\Proprietaire\Desktop\ChopesGames\system\CodeIgniter.php(824): App\Controllers\Visiteur->accueil()
#5 C:\Users\Proprietaire\Desktop\ChopesGames\system\CodeIgniter.php(410): CodeIgniter\CodeIgniter->runController(Object(App\Controllers\Visiteur))
#6 C:\Users\Proprietaire\Desktop\ChopesGames\system\CodeIgniter.php(318): CodeIgniter\CodeIgniter->handleRequest(NULL, Object(Config\Cache), false)
#7 C:\Users\Proprietaire\Desktop\ChopesGames\public\index.php(37): CodeIgniter\CodeIgniter->run()
#8 C:\Users\Proprietaire\Desktop\ChopesGames\system\Commands\Server\rewrite.php(43): require_once('C:\\Users\\Propri...')
#9 {main}
CRITICAL - 2023-04-20 02:57:05 --> Object of class CodeIgniter\Session\Session could not be converted to string
#0 C:\Users\Proprietaire\Desktop\ChopesGames\system\View\View.php(214): include()
#1 C:\Users\Proprietaire\Desktop\ChopesGames\system\View\View.php(217): CodeIgniter\View\View->CodeIgniter\View\{closure}()
#2 C:\Users\Proprietaire\Desktop\ChopesGames\system\Common.php(1097): CodeIgniter\View\View->render('templates/heade...', Array, true)
#3 C:\Users\Proprietaire\Desktop\ChopesGames\app\Controllers\Visiteur.php(26): view('templates/heade...', Array)
#4 C:\Users\Proprietaire\Desktop\ChopesGames\system\CodeIgniter.php(824): App\Controllers\Visiteur->accueil()
#5 C:\Users\Proprietaire\Desktop\ChopesGames\system\CodeIgniter.php(410): CodeIgniter\CodeIgniter->runController(Object(App\Controllers\Visiteur))
#6 C:\Users\Proprietaire\Desktop\ChopesGames\system\CodeIgniter.php(318): CodeIgniter\CodeIgniter->handleRequest(NULL, Object(Config\Cache), false)
#7 C:\Users\Proprietaire\Desktop\ChopesGames\public\index.php(37): CodeIgniter\CodeIgniter->run()
#8 C:\Users\Proprietaire\Desktop\ChopesGames\system\Commands\Server\rewrite.php(43): require_once('C:\\Users\\Propri...')
#9 {main}
CRITICAL - 2023-04-20 02:57:06 --> Object of class CodeIgniter\Session\Session could not be converted to string
#0 C:\Users\Proprietaire\Desktop\ChopesGames\system\View\View.php(214): include()
#1 C:\Users\Proprietaire\Desktop\ChopesGames\system\View\View.php(217): CodeIgniter\View\View->CodeIgniter\View\{closure}()
#2 C:\Users\Proprietaire\Desktop\ChopesGames\system\Common.php(1097): CodeIgniter\View\View->render('templates/heade...', Array, true)
#3 C:\Users\Proprietaire\Desktop\ChopesGames\app\Controllers\Visiteur.php(26): view('templates/heade...', Array)
#4 C:\Users\Proprietaire\Desktop\ChopesGames\system\CodeIgniter.php(824): App\Controllers\Visiteur->accueil()
#5 C:\Users\Proprietaire\Desktop\ChopesGames\system\CodeIgniter.php(410): CodeIgniter\CodeIgniter->runController(Object(App\Controllers\Visiteur))
#6 C:\Users\Proprietaire\Desktop\ChopesGames\system\CodeIgniter.php(318): CodeIgniter\CodeIgniter->handleRequest(NULL, Object(Config\Cache), false)
#7 C:\Users\Proprietaire\Desktop\ChopesGames\public\index.php(37): CodeIgniter\CodeIgniter->run()
#8 C:\Users\Proprietaire\Desktop\ChopesGames\system\Commands\Server\rewrite.php(43): require_once('C:\\Users\\Propri...')
#9 {main}
CRITICAL - 2023-04-20 02:57:15 --> Object of class CodeIgniter\Session\Session could not be converted to string
#0 C:\Users\Proprietaire\Desktop\ChopesGames\system\View\View.php(214): include()
#1 C:\Users\Proprietaire\Desktop\ChopesGames\system\View\View.php(217): CodeIgniter\View\View->CodeIgniter\View\{closure}()
#2 C:\Users\Proprietaire\Desktop\ChopesGames\system\Common.php(1097): CodeIgniter\View\View->render('templates/heade...', Array, true)
#3 C:\Users\Proprietaire\Desktop\ChopesGames\app\Controllers\Visiteur.php(26): view('templates/heade...', Array)
#4 C:\Users\Proprietaire\Desktop\ChopesGames\system\CodeIgniter.php(824): App\Controllers\Visiteur->accueil()
#5 C:\Users\Proprietaire\Desktop\ChopesGames\system\CodeIgniter.php(410): CodeIgniter\CodeIgniter->runController(Object(App\Controllers\Visiteur))
#6 C:\Users\Proprietaire\Desktop\ChopesGames\system\CodeIgniter.php(318): CodeIgniter\CodeIgniter->handleRequest(NULL, Object(Config\Cache), false)
#7 C:\Users\Proprietaire\Desktop\ChopesGames\public\index.php(37): CodeIgniter\CodeIgniter->run()
#8 C:\Users\Proprietaire\Desktop\ChopesGames\system\Commands\Server\rewrite.php(43): require_once('C:\\Users\\Propri...')
#9 {main}
CRITICAL - 2023-04-20 02:57:16 --> Object of class CodeIgniter\Session\Session could not be converted to string
#0 C:\Users\Proprietaire\Desktop\ChopesGames\system\View\View.php(214): include()
#1 C:\Users\Proprietaire\Desktop\ChopesGames\system\View\View.php(217): CodeIgniter\View\View->CodeIgniter\View\{closure}()
#2 C:\Users\Proprietaire\Desktop\ChopesGames\system\Common.php(1097): CodeIgniter\View\View->render('templates/heade...', Array, true)
#3 C:\Users\Proprietaire\Desktop\ChopesGames\app\Controllers\Visiteur.php(26): view('templates/heade...', Array)
#4 C:\Users\Proprietaire\Desktop\ChopesGames\system\CodeIgniter.php(824): App\Controllers\Visiteur->accueil()
#5 C:\Users\Proprietaire\Desktop\ChopesGames\system\CodeIgniter.php(410): CodeIgniter\CodeIgniter->runController(Object(App\Controllers\Visiteur))
#6 C:\Users\Proprietaire\Desktop\ChopesGames\system\CodeIgniter.php(318): CodeIgniter\CodeIgniter->handleRequest(NULL, Object(Config\Cache), false)
#7 C:\Users\Proprietaire\Desktop\ChopesGames\public\index.php(37): CodeIgniter\CodeIgniter->run()
#8 C:\Users\Proprietaire\Desktop\ChopesGames\system\Commands\Server\rewrite.php(43): require_once('C:\\Users\\Propri...')
#9 {main}
CRITICAL - 2023-04-20 02:57:16 --> Object of class CodeIgniter\Session\Session could not be converted to string
#0 C:\Users\Proprietaire\Desktop\ChopesGames\system\View\View.php(214): include()
#1 C:\Users\Proprietaire\Desktop\ChopesGames\system\View\View.php(217): CodeIgniter\View\View->CodeIgniter\View\{closure}()
#2 C:\Users\Proprietaire\Desktop\ChopesGames\system\Common.php(1097): CodeIgniter\View\View->render('templates/heade...', Array, true)
#3 C:\Users\Proprietaire\Desktop\ChopesGames\app\Controllers\Visiteur.php(26): view('templates/heade...', Array)
#4 C:\Users\Proprietaire\Desktop\ChopesGames\system\CodeIgniter.php(824): App\Controllers\Visiteur->accueil()
#5 C:\Users\Proprietaire\Desktop\ChopesGames\system\CodeIgniter.php(410): CodeIgniter\CodeIgniter->runController(Object(App\Controllers\Visiteur))
#6 C:\Users\Proprietaire\Desktop\ChopesGames\system\CodeIgniter.php(318): CodeIgniter\CodeIgniter->handleRequest(NULL, Object(Config\Cache), false)
#7 C:\Users\Proprietaire\Desktop\ChopesGames\public\index.php(37): CodeIgniter\CodeIgniter->run()
#8 C:\Users\Proprietaire\Desktop\ChopesGames\system\Commands\Server\rewrite.php(43): require_once('C:\\Users\\Propri...')
#9 {main}
CRITICAL - 2023-04-20 02:57:20 --> Object of class CodeIgniter\Session\Session could not be converted to string
#0 C:\Users\Proprietaire\Desktop\ChopesGames\system\View\View.php(214): include()
#1 C:\Users\Proprietaire\Desktop\ChopesGames\system\View\View.php(217): CodeIgniter\View\View->CodeIgniter\View\{closure}()
#2 C:\Users\Proprietaire\Desktop\ChopesGames\system\Common.php(1097): CodeIgniter\View\View->render('templates/heade...', Array, true)
#3 C:\Users\Proprietaire\Desktop\ChopesGames\app\Controllers\Visiteur.php(26): view('templates/heade...', Array)
#4 C:\Users\Proprietaire\Desktop\ChopesGames\system\CodeIgniter.php(824): App\Controllers\Visiteur->accueil()
#5 C:\Users\Proprietaire\Desktop\ChopesGames\system\CodeIgniter.php(410): CodeIgniter\CodeIgniter->runController(Object(App\Controllers\Visiteur))
#6 C:\Users\Proprietaire\Desktop\ChopesGames\system\CodeIgniter.php(318): CodeIgniter\CodeIgniter->handleRequest(NULL, Object(Config\Cache), false)
#7 C:\Users\Proprietaire\Desktop\ChopesGames\public\index.php(37): CodeIgniter\CodeIgniter->run()
#8 C:\Users\Proprietaire\Desktop\ChopesGames\system\Commands\Server\rewrite.php(43): require_once('C:\\Users\\Propri...')
#9 {main}
CRITICAL - 2023-04-20 02:58:29 --> Undefined property: CodeIgniter\View\View::$cart
#0 C:\Users\Proprietaire\Desktop\ChopesGames\app\Views\templates\header.php(128): CodeIgniter\Debug\Exceptions->errorHandler(2, 'Undefined prope...', 'C:\\Users\\Propri...', 128)
#1 C:\Users\Proprietaire\Desktop\ChopesGames\system\View\View.php(214): include('C:\\Users\\Propri...')
#2 C:\Users\Proprietaire\Desktop\ChopesGames\system\View\View.php(217): CodeIgniter\View\View->CodeIgniter\View\{closure}()
#3 C:\Users\Proprietaire\Desktop\ChopesGames\system\Common.php(1097): CodeIgniter\View\View->render('templates/heade...', Array, true)
#4 C:\Users\Proprietaire\Desktop\ChopesGames\app\Controllers\Visiteur.php(26): view('templates/heade...', Array)
#5 C:\Users\Proprietaire\Desktop\ChopesGames\system\CodeIgniter.php(824): App\Controllers\Visiteur->accueil()
#6 C:\Users\Proprietaire\Desktop\ChopesGames\system\CodeIgniter.php(410): CodeIgniter\CodeIgniter->runController(Object(App\Controllers\Visiteur))
#7 C:\Users\Proprietaire\Desktop\ChopesGames\system\CodeIgniter.php(318): CodeIgniter\CodeIgniter->handleRequest(NULL, Object(Config\Cache), false)
#8 C:\Users\Proprietaire\Desktop\ChopesGames\public\index.php(37): CodeIgniter\CodeIgniter->run()
#9 C:\Users\Proprietaire\Desktop\ChopesGames\system\Commands\Server\rewrite.php(43): require_once('C:\\Users\\Propri...')
#10 {main}
CRITICAL - 2023-04-20 02:58:30 --> Undefined property: CodeIgniter\View\View::$cart
#0 C:\Users\Proprietaire\Desktop\ChopesGames\app\Views\templates\header.php(128): CodeIgniter\Debug\Exceptions->errorHandler(2, 'Undefined prope...', 'C:\\Users\\Propri...', 128)
#1 C:\Users\Proprietaire\Desktop\ChopesGames\system\View\View.php(214): include('C:\\Users\\Propri...')
#2 C:\Users\Proprietaire\Desktop\ChopesGames\system\View\View.php(217): CodeIgniter\View\View->CodeIgniter\View\{closure}()
#3 C:\Users\Proprietaire\Desktop\ChopesGames\system\Common.php(1097): CodeIgniter\View\View->render('templates/heade...', Array, true)
#4 C:\Users\Proprietaire\Desktop\ChopesGames\app\Controllers\Visiteur.php(26): view('templates/heade...', Array)
#5 C:\Users\Proprietaire\Desktop\ChopesGames\system\CodeIgniter.php(824): App\Controllers\Visiteur->accueil()
#6 C:\Users\Proprietaire\Desktop\ChopesGames\system\CodeIgniter.php(410): CodeIgniter\CodeIgniter->runController(Object(App\Controllers\Visiteur))
#7 C:\Users\Proprietaire\Desktop\ChopesGames\system\CodeIgniter.php(318): CodeIgniter\CodeIgniter->handleRequest(NULL, Object(Config\Cache), false)
#8 C:\Users\Proprietaire\Desktop\ChopesGames\public\index.php(37): CodeIgniter\CodeIgniter->run()
#9 C:\Users\Proprietaire\Desktop\ChopesGames\system\Commands\Server\rewrite.php(43): require_once('C:\\Users\\Propri...')
#10 {main}
CRITICAL - 2023-04-20 02:58:31 --> Undefined property: CodeIgniter\View\View::$cart
#0 C:\Users\Proprietaire\Desktop\ChopesGames\app\Views\templates\header.php(128): CodeIgniter\Debug\Exceptions->errorHandler(2, 'Undefined prope...', 'C:\\Users\\Propri...', 128)
#1 C:\Users\Proprietaire\Desktop\ChopesGames\system\View\View.php(214): include('C:\\Users\\Propri...')
#2 C:\Users\Proprietaire\Desktop\ChopesGames\system\View\View.php(217): CodeIgniter\View\View->CodeIgniter\View\{closure}()
#3 C:\Users\Proprietaire\Desktop\ChopesGames\system\Common.php(1097): CodeIgniter\View\View->render('templates/heade...', Array, true)
#4 C:\Users\Proprietaire\Desktop\ChopesGames\app\Controllers\Visiteur.php(26): view('templates/heade...', Array)
#5 C:\Users\Proprietaire\Desktop\ChopesGames\system\CodeIgniter.php(824): App\Controllers\Visiteur->accueil()
#6 C:\Users\Proprietaire\Desktop\ChopesGames\system\CodeIgniter.php(410): CodeIgniter\CodeIgniter->runController(Object(App\Controllers\Visiteur))
#7 C:\Users\Proprietaire\Desktop\ChopesGames\system\CodeIgniter.php(318): CodeIgniter\CodeIgniter->handleRequest(NULL, Object(Config\Cache), false)
#8 C:\Users\Proprietaire\Desktop\ChopesGames\public\index.php(37): CodeIgniter\CodeIgniter->run()
#9 C:\Users\Proprietaire\Desktop\ChopesGames\system\Commands\Server\rewrite.php(43): require_once('C:\\Users\\Propri...')
#10 {main}
CRITICAL - 2023-04-20 02:58:35 --> Undefined property: CodeIgniter\View\View::$cart
#0 C:\Users\Proprietaire\Desktop\ChopesGames\app\Views\templates\header.php(128): CodeIgniter\Debug\Exceptions->errorHandler(2, 'Undefined prope...', 'C:\\Users\\Propri...', 128)
#1 C:\Users\Proprietaire\Desktop\ChopesGames\system\View\View.php(214): include('C:\\Users\\Propri...')
#2 C:\Users\Proprietaire\Desktop\ChopesGames\system\View\View.php(217): CodeIgniter\View\View->CodeIgniter\View\{closure}()
#3 C:\Users\Proprietaire\Desktop\ChopesGames\system\Common.php(1097): CodeIgniter\View\View->render('templates/heade...', Array, true)
#4 C:\Users\Proprietaire\Desktop\ChopesGames\app\Controllers\Visiteur.php(26): view('templates/heade...', Array)
#5 C:\Users\Proprietaire\Desktop\ChopesGames\system\CodeIgniter.php(824): App\Controllers\Visiteur->accueil()
#6 C:\Users\Proprietaire\Desktop\ChopesGames\system\CodeIgniter.php(410): CodeIgniter\CodeIgniter->runController(Object(App\Controllers\Visiteur))
#7 C:\Users\Proprietaire\Desktop\ChopesGames\system\CodeIgniter.php(318): CodeIgniter\CodeIgniter->handleRequest(NULL, Object(Config\Cache), false)
#8 C:\Users\Proprietaire\Desktop\ChopesGames\public\index.php(37): CodeIgniter\CodeIgniter->run()
#9 C:\Users\Proprietaire\Desktop\ChopesGames\system\Commands\Server\rewrite.php(43): require_once('C:\\Users\\Propri...')
#10 {main}
CRITICAL - 2023-04-20 02:59:18 --> Undefined variable $cart
#0 C:\Users\Proprietaire\Desktop\ChopesGames\app\Views\templates\header.php(128): CodeIgniter\Debug\Exceptions->errorHandler(2, 'Undefined varia...', 'C:\\Users\\Propri...', 128)
#1 C:\Users\Proprietaire\Desktop\ChopesGames\system\View\View.php(214): include('C:\\Users\\Propri...')
#2 C:\Users\Proprietaire\Desktop\ChopesGames\system\View\View.php(217): CodeIgniter\View\View->CodeIgniter\View\{closure}()
#3 C:\Users\Proprietaire\Desktop\ChopesGames\system\Common.php(1097): CodeIgniter\View\View->render('templates/heade...', Array, true)
#4 C:\Users\Proprietaire\Desktop\ChopesGames\app\Controllers\Visiteur.php(26): view('templates/heade...', Array)
#5 C:\Users\Proprietaire\Desktop\ChopesGames\system\CodeIgniter.php(824): App\Controllers\Visiteur->accueil()
#6 C:\Users\Proprietaire\Desktop\ChopesGames\system\CodeIgniter.php(410): CodeIgniter\CodeIgniter->runController(Object(App\Controllers\Visiteur))
#7 C:\Users\Proprietaire\Desktop\ChopesGames\system\CodeIgniter.php(318): CodeIgniter\CodeIgniter->handleRequest(NULL, Object(Config\Cache), false)
#8 C:\Users\Proprietaire\Desktop\ChopesGames\public\index.php(37): CodeIgniter\CodeIgniter->run()
#9 C:\Users\Proprietaire\Desktop\ChopesGames\system\Commands\Server\rewrite.php(43): require_once('C:\\Users\\Propri...')
#10 {main}
CRITICAL - 2023-04-20 06:20:35 --> Undefined variable $Identifiant
#0 C:\Users\Proprietaire\Desktop\ChopesGames\app\Controllers\Visiteur.php(376): CodeIgniter\Debug\Exceptions->errorHandler(2, 'Undefined varia...', 'C:\\Users\\Propri...', 376)
#1 C:\Users\Proprietaire\Desktop\ChopesGames\system\CodeIgniter.php(824): App\Controllers\Visiteur->se_connecter()
#2 C:\Users\Proprietaire\Desktop\ChopesGames\system\CodeIgniter.php(410): CodeIgniter\CodeIgniter->runController(Object(App\Controllers\Visiteur))
#3 C:\Users\Proprietaire\Desktop\ChopesGames\system\CodeIgniter.php(318): CodeIgniter\CodeIgniter->handleRequest(NULL, Object(Config\Cache), false)
#4 C:\Users\Proprietaire\Desktop\ChopesGames\public\index.php(37): CodeIgniter\CodeIgniter->run()
#5 C:\Users\Proprietaire\Desktop\ChopesGames\system\Commands\Server\rewrite.php(43): require_once('C:\\Users\\Propri...')
#6 {main}
CRITICAL - 2023-04-20 06:22:16 --> Undefined variable $Identifiant
#0 C:\Users\Proprietaire\Desktop\ChopesGames\app\Controllers\Visiteur.php(376): CodeIgniter\Debug\Exceptions->errorHandler(2, 'Undefined varia...', 'C:\\Users\\Propri...', 376)
#1 C:\Users\Proprietaire\Desktop\ChopesGames\system\CodeIgniter.php(824): App\Controllers\Visiteur->se_connecter()
#2 C:\Users\Proprietaire\Desktop\ChopesGames\system\CodeIgniter.php(410): CodeIgniter\CodeIgniter->runController(Object(App\Controllers\Visiteur))
#3 C:\Users\Proprietaire\Desktop\ChopesGames\system\CodeIgniter.php(318): CodeIgniter\CodeIgniter->handleRequest(NULL, Object(Config\Cache), false)
#4 C:\Users\Proprietaire\Desktop\ChopesGames\public\index.php(37): CodeIgniter\CodeIgniter->run()
#5 C:\Users\Proprietaire\Desktop\ChopesGames\system\Commands\Server\rewrite.php(43): require_once('C:\\Users\\Propri...')
#6 {main}
CRITICAL - 2023-04-20 07:31:31 --> Undefined variable $ProchaineTent
#0 C:\Users\Proprietaire\Desktop\ChopesGames\app\Views\visiteur\se_connecter.php(9): CodeIgniter\Debug\Exceptions->errorHandler(2, 'Undefined varia...', 'C:\\Users\\Propri...', 9)
#1 C:\Users\Proprietaire\Desktop\ChopesGames\system\View\View.php(214): include('C:\\Users\\Propri...')
#2 C:\Users\Proprietaire\Desktop\ChopesGames\system\View\View.php(217): CodeIgniter\View\View->CodeIgniter\View\{closure}()
#3 C:\Users\Proprietaire\Desktop\ChopesGames\system\Common.php(1097): CodeIgniter\View\View->render('visiteur/se_con...', Array, true)
#4 C:\Users\Proprietaire\Desktop\ChopesGames\app\Controllers\Visiteur.php(405): view('visiteur/se_con...', Array)
#5 C:\Users\Proprietaire\Desktop\ChopesGames\system\CodeIgniter.php(824): App\Controllers\Visiteur->se_connecter()
#6 C:\Users\Proprietaire\Desktop\ChopesGames\system\CodeIgniter.php(410): CodeIgniter\CodeIgniter->runController(Object(App\Controllers\Visiteur))
#7 C:\Users\Proprietaire\Desktop\ChopesGames\system\CodeIgniter.php(318): CodeIgniter\CodeIgniter->handleRequest(NULL, Object(Config\Cache), false)
#8 C:\Users\Proprietaire\Desktop\ChopesGames\public\index.php(37): CodeIgniter\CodeIgniter->run()
#9 C:\Users\Proprietaire\Desktop\ChopesGames\system\Commands\Server\rewrite.php(43): require_once('C:\\Users\\Propri...')
#10 {main}
CRITICAL - 2023-04-20 07:33:56 --> Undefined variable $ProchaineTent
#0 C:\Users\Proprietaire\Desktop\ChopesGames\app\Views\visiteur\se_connecter.php(9): CodeIgniter\Debug\Exceptions->errorHandler(2, 'Undefined varia...', 'C:\\Users\\Propri...', 9)
#1 C:\Users\Proprietaire\Desktop\ChopesGames\system\View\View.php(214): include('C:\\Users\\Propri...')
#2 C:\Users\Proprietaire\Desktop\ChopesGames\system\View\View.php(217): CodeIgniter\View\View->CodeIgniter\View\{closure}()
#3 C:\Users\Proprietaire\Desktop\ChopesGames\system\Common.php(1097): CodeIgniter\View\View->render('visiteur/se_con...', Array, true)
#4 C:\Users\Proprietaire\Desktop\ChopesGames\app\Controllers\Visiteur.php(405): view('visiteur/se_con...', Array)
#5 C:\Users\Proprietaire\Desktop\ChopesGames\system\CodeIgniter.php(824): App\Controllers\Visiteur->se_connecter()
#6 C:\Users\Proprietaire\Desktop\ChopesGames\system\CodeIgniter.php(410): CodeIgniter\CodeIgniter->runController(Object(App\Controllers\Visiteur))
#7 C:\Users\Proprietaire\Desktop\ChopesGames\system\CodeIgniter.php(318): CodeIgniter\CodeIgniter->handleRequest(NULL, Object(Config\Cache), false)
#8 C:\Users\Proprietaire\Desktop\ChopesGames\public\index.php(37): CodeIgniter\CodeIgniter->run()
#9 C:\Users\Proprietaire\Desktop\ChopesGames\system\Commands\Server\rewrite.php(43): require_once('C:\\Users\\Propri...')
#10 {main}
CRITICAL - 2023-04-20 07:34:35 --> Undefined variable $ProchaineTent
#0 C:\Users\Proprietaire\Desktop\ChopesGames\app\Views\visiteur\se_connecter.php(9): CodeIgniter\Debug\Exceptions->errorHandler(2, 'Undefined varia...', 'C:\\Users\\Propri...', 9)
#1 C:\Users\Proprietaire\Desktop\ChopesGames\system\View\View.php(214): include('C:\\Users\\Propri...')
#2 C:\Users\Proprietaire\Desktop\ChopesGames\system\View\View.php(217): CodeIgniter\View\View->CodeIgniter\View\{closure}()
#3 C:\Users\Proprietaire\Desktop\ChopesGames\system\Common.php(1097): CodeIgniter\View\View->render('visiteur/se_con...', Array, true)
#4 C:\Users\Proprietaire\Desktop\ChopesGames\app\Controllers\Visiteur.php(405): view('visiteur/se_con...', Array)
#5 C:\Users\Proprietaire\Desktop\ChopesGames\system\CodeIgniter.php(824): App\Controllers\Visiteur->se_connecter()
#6 C:\Users\Proprietaire\Desktop\ChopesGames\system\CodeIgniter.php(410): CodeIgniter\CodeIgniter->runController(Object(App\Controllers\Visiteur))
#7 C:\Users\Proprietaire\Desktop\ChopesGames\system\CodeIgniter.php(318): CodeIgniter\CodeIgniter->handleRequest(NULL, Object(Config\Cache), false)
#8 C:\Users\Proprietaire\Desktop\ChopesGames\public\index.php(37): CodeIgniter\CodeIgniter->run()
#9 C:\Users\Proprietaire\Desktop\ChopesGames\system\Commands\Server\rewrite.php(43): require_once('C:\\Users\\Propri...')
#10 {main}
CRITICAL - 2023-04-20 07:34:35 --> Undefined variable $ProchaineTent
#0 C:\Users\Proprietaire\Desktop\ChopesGames\app\Views\visiteur\se_connecter.php(9): CodeIgniter\Debug\Exceptions->errorHandler(2, 'Undefined varia...', 'C:\\Users\\Propri...', 9)
#1 C:\Users\Proprietaire\Desktop\ChopesGames\system\View\View.php(214): include('C:\\Users\\Propri...')
#2 C:\Users\Proprietaire\Desktop\ChopesGames\system\View\View.php(217): CodeIgniter\View\View->CodeIgniter\View\{closure}()
#3 C:\Users\Proprietaire\Desktop\ChopesGames\system\Common.php(1097): CodeIgniter\View\View->render('visiteur/se_con...', Array, true)
#4 C:\Users\Proprietaire\Desktop\ChopesGames\app\Controllers\Visiteur.php(405): view('visiteur/se_con...', Array)
#5 C:\Users\Proprietaire\Desktop\ChopesGames\system\CodeIgniter.php(824): App\Controllers\Visiteur->se_connecter()
#6 C:\Users\Proprietaire\Desktop\ChopesGames\system\CodeIgniter.php(410): CodeIgniter\CodeIgniter->runController(Object(App\Controllers\Visiteur))
#7 C:\Users\Proprietaire\Desktop\ChopesGames\system\CodeIgniter.php(318): CodeIgniter\CodeIgniter->handleRequest(NULL, Object(Config\Cache), false)
#8 C:\Users\Proprietaire\Desktop\ChopesGames\public\index.php(37): CodeIgniter\CodeIgniter->run()
#9 C:\Users\Proprietaire\Desktop\ChopesGames\system\Commands\Server\rewrite.php(43): require_once('C:\\Users\\Propri...')
#10 {main}
CRITICAL - 2023-04-20 07:34:36 --> Undefined variable $ProchaineTent
#0 C:\Users\Proprietaire\Desktop\ChopesGames\app\Views\visiteur\se_connecter.php(9): CodeIgniter\Debug\Exceptions->errorHandler(2, 'Undefined varia...', 'C:\\Users\\Propri...', 9)
#1 C:\Users\Proprietaire\Desktop\ChopesGames\system\View\View.php(214): include('C:\\Users\\Propri...')
#2 C:\Users\Proprietaire\Desktop\ChopesGames\system\View\View.php(217): CodeIgniter\View\View->CodeIgniter\View\{closure}()
#3 C:\Users\Proprietaire\Desktop\ChopesGames\system\Common.php(1097): CodeIgniter\View\View->render('visiteur/se_con...', Array, true)
#4 C:\Users\Proprietaire\Desktop\ChopesGames\app\Controllers\Visiteur.php(405): view('visiteur/se_con...', Array)
#5 C:\Users\Proprietaire\Desktop\ChopesGames\system\CodeIgniter.php(824): App\Controllers\Visiteur->se_connecter()
#6 C:\Users\Proprietaire\Desktop\ChopesGames\system\CodeIgniter.php(410): CodeIgniter\CodeIgniter->runController(Object(App\Controllers\Visiteur))
#7 C:\Users\Proprietaire\Desktop\ChopesGames\system\CodeIgniter.php(318): CodeIgniter\CodeIgniter->handleRequest(NULL, Object(Config\Cache), false)
#8 C:\Users\Proprietaire\Desktop\ChopesGames\public\index.php(37): CodeIgniter\CodeIgniter->run()
#9 C:\Users\Proprietaire\Desktop\ChopesGames\system\Commands\Server\rewrite.php(43): require_once('C:\\Users\\Propri...')
#10 {main}
CRITICAL - 2023-04-20 07:34:36 --> Undefined variable $ProchaineTent
#0 C:\Users\Proprietaire\Desktop\ChopesGames\app\Views\visiteur\se_connecter.php(9): CodeIgniter\Debug\Exceptions->errorHandler(2, 'Undefined varia...', 'C:\\Users\\Propri...', 9)
#1 C:\Users\Proprietaire\Desktop\ChopesGames\system\View\View.php(214): include('C:\\Users\\Propri...')
#2 C:\Users\Proprietaire\Desktop\ChopesGames\system\View\View.php(217): CodeIgniter\View\View->CodeIgniter\View\{closure}()
#3 C:\Users\Proprietaire\Desktop\ChopesGames\system\Common.php(1097): CodeIgniter\View\View->render('visiteur/se_con...', Array, true)
#4 C:\Users\Proprietaire\Desktop\ChopesGames\app\Controllers\Visiteur.php(405): view('visiteur/se_con...', Array)
#5 C:\Users\Proprietaire\Desktop\ChopesGames\system\CodeIgniter.php(824): App\Controllers\Visiteur->se_connecter()
#6 C:\Users\Proprietaire\Desktop\ChopesGames\system\CodeIgniter.php(410): CodeIgniter\CodeIgniter->runController(Object(App\Controllers\Visiteur))
#7 C:\Users\Proprietaire\Desktop\ChopesGames\system\CodeIgniter.php(318): CodeIgniter\CodeIgniter->handleRequest(NULL, Object(Config\Cache), false)
#8 C:\Users\Proprietaire\Desktop\ChopesGames\public\index.php(37): CodeIgniter\CodeIgniter->run()
#9 C:\Users\Proprietaire\Desktop\ChopesGames\system\Commands\Server\rewrite.php(43): require_once('C:\\Users\\Propri...')
#10 {main}
CRITICAL - 2023-04-20 07:34:36 --> Undefined variable $ProchaineTent
#0 C:\Users\Proprietaire\Desktop\ChopesGames\app\Views\visiteur\se_connecter.php(9): CodeIgniter\Debug\Exceptions->errorHandler(2, 'Undefined varia...', 'C:\\Users\\Propri...', 9)
#1 C:\Users\Proprietaire\Desktop\ChopesGames\system\View\View.php(214): include('C:\\Users\\Propri...')
#2 C:\Users\Proprietaire\Desktop\ChopesGames\system\View\View.php(217): CodeIgniter\View\View->CodeIgniter\View\{closure}()
#3 C:\Users\Proprietaire\Desktop\ChopesGames\system\Common.php(1097): CodeIgniter\View\View->render('visiteur/se_con...', Array, true)
#4 C:\Users\Proprietaire\Desktop\ChopesGames\app\Controllers\Visiteur.php(405): view('visiteur/se_con...', Array)
#5 C:\Users\Proprietaire\Desktop\ChopesGames\system\CodeIgniter.php(824): App\Controllers\Visiteur->se_connecter()
#6 C:\Users\Proprietaire\Desktop\ChopesGames\system\CodeIgniter.php(410): CodeIgniter\CodeIgniter->runController(Object(App\Controllers\Visiteur))
#7 C:\Users\Proprietaire\Desktop\ChopesGames\system\CodeIgniter.php(318): CodeIgniter\CodeIgniter->handleRequest(NULL, Object(Config\Cache), false)
#8 C:\Users\Proprietaire\Desktop\ChopesGames\public\index.php(37): CodeIgniter\CodeIgniter->run()
#9 C:\Users\Proprietaire\Desktop\ChopesGames\system\Commands\Server\rewrite.php(43): require_once('C:\\Users\\Propri...')
#10 {main}
CRITICAL - 2023-04-20 07:34:36 --> Undefined variable $ProchaineTent
#0 C:\Users\Proprietaire\Desktop\ChopesGames\app\Views\visiteur\se_connecter.php(9): CodeIgniter\Debug\Exceptions->errorHandler(2, 'Undefined varia...', 'C:\\Users\\Propri...', 9)
#1 C:\Users\Proprietaire\Desktop\ChopesGames\system\View\View.php(214): include('C:\\Users\\Propri...')
#2 C:\Users\Proprietaire\Desktop\ChopesGames\system\View\View.php(217): CodeIgniter\View\View->CodeIgniter\View\{closure}()
#3 C:\Users\Proprietaire\Desktop\ChopesGames\system\Common.php(1097): CodeIgniter\View\View->render('visiteur/se_con...', Array, true)
#4 C:\Users\Proprietaire\Desktop\ChopesGames\app\Controllers\Visiteur.php(405): view('visiteur/se_con...', Array)
#5 C:\Users\Proprietaire\Desktop\ChopesGames\system\CodeIgniter.php(824): App\Controllers\Visiteur->se_connecter()
#6 C:\Users\Proprietaire\Desktop\ChopesGames\system\CodeIgniter.php(410): CodeIgniter\CodeIgniter->runController(Object(App\Controllers\Visiteur))
#7 C:\Users\Proprietaire\Desktop\ChopesGames\system\CodeIgniter.php(318): CodeIgniter\CodeIgniter->handleRequest(NULL, Object(Config\Cache), false)
#8 C:\Users\Proprietaire\Desktop\ChopesGames\public\index.php(37): CodeIgniter\CodeIgniter->run()
#9 C:\Users\Proprietaire\Desktop\ChopesGames\system\Commands\Server\rewrite.php(43): require_once('C:\\Users\\Propri...')
#10 {main}
CRITICAL - 2023-04-20 07:35:29 --> Undefined variable $Time
#0 C:\Users\Proprietaire\Desktop\ChopesGames\app\Views\visiteur\se_connecter.php(9): CodeIgniter\Debug\Exceptions->errorHandler(2, 'Undefined varia...', 'C:\\Users\\Propri...', 9)
#1 C:\Users\Proprietaire\Desktop\ChopesGames\system\View\View.php(214): include('C:\\Users\\Propri...')
#2 C:\Users\Proprietaire\Desktop\ChopesGames\system\View\View.php(217): CodeIgniter\View\View->CodeIgniter\View\{closure}()
#3 C:\Users\Proprietaire\Desktop\ChopesGames\system\Common.php(1097): CodeIgniter\View\View->render('visiteur/se_con...', Array, true)
#4 C:\Users\Proprietaire\Desktop\ChopesGames\app\Controllers\Visiteur.php(405): view('visiteur/se_con...', Array)
#5 C:\Users\Proprietaire\Desktop\ChopesGames\system\CodeIgniter.php(824): App\Controllers\Visiteur->se_connecter()
#6 C:\Users\Proprietaire\Desktop\ChopesGames\system\CodeIgniter.php(410): CodeIgniter\CodeIgniter->runController(Object(App\Controllers\Visiteur))
#7 C:\Users\Proprietaire\Desktop\ChopesGames\system\CodeIgniter.php(318): CodeIgniter\CodeIgniter->handleRequest(NULL, Object(Config\Cache), false)
#8 C:\Users\Proprietaire\Desktop\ChopesGames\public\index.php(37): CodeIgniter\CodeIgniter->run()
#9 C:\Users\Proprietaire\Desktop\ChopesGames\system\Commands\Server\rewrite.php(43): require_once('C:\\Users\\Propri...')
#10 {main}
CRITICAL - 2023-04-20 07:35:29 --> Undefined variable $Time
#0 C:\Users\Proprietaire\Desktop\ChopesGames\app\Views\visiteur\se_connecter.php(9): CodeIgniter\Debug\Exceptions->errorHandler(2, 'Undefined varia...', 'C:\\Users\\Propri...', 9)
#1 C:\Users\Proprietaire\Desktop\ChopesGames\system\View\View.php(214): include('C:\\Users\\Propri...')
#2 C:\Users\Proprietaire\Desktop\ChopesGames\system\View\View.php(217): CodeIgniter\View\View->CodeIgniter\View\{closure}()
#3 C:\Users\Proprietaire\Desktop\ChopesGames\system\Common.php(1097): CodeIgniter\View\View->render('visiteur/se_con...', Array, true)
#4 C:\Users\Proprietaire\Desktop\ChopesGames\app\Controllers\Visiteur.php(405): view('visiteur/se_con...', Array)
#5 C:\Users\Proprietaire\Desktop\ChopesGames\system\CodeIgniter.php(824): App\Controllers\Visiteur->se_connecter()
#6 C:\Users\Proprietaire\Desktop\ChopesGames\system\CodeIgniter.php(410): CodeIgniter\CodeIgniter->runController(Object(App\Controllers\Visiteur))
#7 C:\Users\Proprietaire\Desktop\ChopesGames\system\CodeIgniter.php(318): CodeIgniter\CodeIgniter->handleRequest(NULL, Object(Config\Cache), false)
#8 C:\Users\Proprietaire\Desktop\ChopesGames\public\index.php(37): CodeIgniter\CodeIgniter->run()
#9 C:\Users\Proprietaire\Desktop\ChopesGames\system\Commands\Server\rewrite.php(43): require_once('C:\\Users\\Propri...')
#10 {main}
CRITICAL - 2023-04-20 07:35:29 --> Undefined variable $Time
#0 C:\Users\Proprietaire\Desktop\ChopesGames\app\Views\visiteur\se_connecter.php(9): CodeIgniter\Debug\Exceptions->errorHandler(2, 'Undefined varia...', 'C:\\Users\\Propri...', 9)
#1 C:\Users\Proprietaire\Desktop\ChopesGames\system\View\View.php(214): include('C:\\Users\\Propri...')
#2 C:\Users\Proprietaire\Desktop\ChopesGames\system\View\View.php(217): CodeIgniter\View\View->CodeIgniter\View\{closure}()
#3 C:\Users\Proprietaire\Desktop\ChopesGames\system\Common.php(1097): CodeIgniter\View\View->render('visiteur/se_con...', Array, true)
#4 C:\Users\Proprietaire\Desktop\ChopesGames\app\Controllers\Visiteur.php(405): view('visiteur/se_con...', Array)
#5 C:\Users\Proprietaire\Desktop\ChopesGames\system\CodeIgniter.php(824): App\Controllers\Visiteur->se_connecter()
#6 C:\Users\Proprietaire\Desktop\ChopesGames\system\CodeIgniter.php(410): CodeIgniter\CodeIgniter->runController(Object(App\Controllers\Visiteur))
#7 C:\Users\Proprietaire\Desktop\ChopesGames\system\CodeIgniter.php(318): CodeIgniter\CodeIgniter->handleRequest(NULL, Object(Config\Cache), false)
#8 C:\Users\Proprietaire\Desktop\ChopesGames\public\index.php(37): CodeIgniter\CodeIgniter->run()
#9 C:\Users\Proprietaire\Desktop\ChopesGames\system\Commands\Server\rewrite.php(43): require_once('C:\\Users\\Propri...')
#10 {main}
CRITICAL - 2023-04-20 07:40:33 --> Undefined variable $data
#0 C:\Users\Proprietaire\Desktop\ChopesGames\app\Views\visiteur\se_connecter.php(9): CodeIgniter\Debug\Exceptions->errorHandler(2, 'Undefined varia...', 'C:\\Users\\Propri...', 9)
#1 C:\Users\Proprietaire\Desktop\ChopesGames\system\View\View.php(214): include('C:\\Users\\Propri...')
#2 C:\Users\Proprietaire\Desktop\ChopesGames\system\View\View.php(217): CodeIgniter\View\View->CodeIgniter\View\{closure}()
#3 C:\Users\Proprietaire\Desktop\ChopesGames\system\Common.php(1097): CodeIgniter\View\View->render('visiteur/se_con...', Array, true)
#4 C:\Users\Proprietaire\Desktop\ChopesGames\app\Controllers\Visiteur.php(405): view('visiteur/se_con...', Array)
#5 C:\Users\Proprietaire\Desktop\ChopesGames\system\CodeIgniter.php(824): App\Controllers\Visiteur->se_connecter()
#6 C:\Users\Proprietaire\Desktop\ChopesGames\system\CodeIgniter.php(410): CodeIgniter\CodeIgniter->runController(Object(App\Controllers\Visiteur))
#7 C:\Users\Proprietaire\Desktop\ChopesGames\system\CodeIgniter.php(318): CodeIgniter\CodeIgniter->handleRequest(NULL, Object(Config\Cache), false)
#8 C:\Users\Proprietaire\Desktop\ChopesGames\public\index.php(37): CodeIgniter\CodeIgniter->run()
#9 C:\Users\Proprietaire\Desktop\ChopesGames\system\Commands\Server\rewrite.php(43): require_once('C:\\Users\\Propri...')
#10 {main}
CRITICAL - 2023-04-20 07:40:34 --> Undefined variable $data
#0 C:\Users\Proprietaire\Desktop\ChopesGames\app\Views\visiteur\se_connecter.php(9): CodeIgniter\Debug\Exceptions->errorHandler(2, 'Undefined varia...', 'C:\\Users\\Propri...', 9)
#1 C:\Users\Proprietaire\Desktop\ChopesGames\system\View\View.php(214): include('C:\\Users\\Propri...')
#2 C:\Users\Proprietaire\Desktop\ChopesGames\system\View\View.php(217): CodeIgniter\View\View->CodeIgniter\View\{closure}()
#3 C:\Users\Proprietaire\Desktop\ChopesGames\system\Common.php(1097): CodeIgniter\View\View->render('visiteur/se_con...', Array, true)
#4 C:\Users\Proprietaire\Desktop\ChopesGames\app\Controllers\Visiteur.php(405): view('visiteur/se_con...', Array)
#5 C:\Users\Proprietaire\Desktop\ChopesGames\system\CodeIgniter.php(824): App\Controllers\Visiteur->se_connecter()
#6 C:\Users\Proprietaire\Desktop\ChopesGames\system\CodeIgniter.php(410): CodeIgniter\CodeIgniter->runController(Object(App\Controllers\Visiteur))
#7 C:\Users\Proprietaire\Desktop\ChopesGames\system\CodeIgniter.php(318): CodeIgniter\CodeIgniter->handleRequest(NULL, Object(Config\Cache), false)
#8 C:\Users\Proprietaire\Desktop\ChopesGames\public\index.php(37): CodeIgniter\CodeIgniter->run()
#9 C:\Users\Proprietaire\Desktop\ChopesGames\system\Commands\Server\rewrite.php(43): require_once('C:\\Users\\Propri...')
#10 {main}
CRITICAL - 2023-04-20 07:40:34 --> Undefined variable $data
#0 C:\Users\Proprietaire\Desktop\ChopesGames\app\Views\visiteur\se_connecter.php(9): CodeIgniter\Debug\Exceptions->errorHandler(2, 'Undefined varia...', 'C:\\Users\\Propri...', 9)
#1 C:\Users\Proprietaire\Desktop\ChopesGames\system\View\View.php(214): include('C:\\Users\\Propri...')
#2 C:\Users\Proprietaire\Desktop\ChopesGames\system\View\View.php(217): CodeIgniter\View\View->CodeIgniter\View\{closure}()
#3 C:\Users\Proprietaire\Desktop\ChopesGames\system\Common.php(1097): CodeIgniter\View\View->render('visiteur/se_con...', Array, true)
#4 C:\Users\Proprietaire\Desktop\ChopesGames\app\Controllers\Visiteur.php(405): view('visiteur/se_con...', Array)
#5 C:\Users\Proprietaire\Desktop\ChopesGames\system\CodeIgniter.php(824): App\Controllers\Visiteur->se_connecter()
#6 C:\Users\Proprietaire\Desktop\ChopesGames\system\CodeIgniter.php(410): CodeIgniter\CodeIgniter->runController(Object(App\Controllers\Visiteur))
#7 C:\Users\Proprietaire\Desktop\ChopesGames\system\CodeIgniter.php(318): CodeIgniter\CodeIgniter->handleRequest(NULL, Object(Config\Cache), false)
#8 C:\Users\Proprietaire\Desktop\ChopesGames\public\index.php(37): CodeIgniter\CodeIgniter->run()
#9 C:\Users\Proprietaire\Desktop\ChopesGames\system\Commands\Server\rewrite.php(43): require_once('C:\\Users\\Propri...')
#10 {main}
CRITICAL - 2023-04-20 07:40:34 --> Undefined variable $data
#0 C:\Users\Proprietaire\Desktop\ChopesGames\app\Views\visiteur\se_connecter.php(9): CodeIgniter\Debug\Exceptions->errorHandler(2, 'Undefined varia...', 'C:\\Users\\Propri...', 9)
#1 C:\Users\Proprietaire\Desktop\ChopesGames\system\View\View.php(214): include('C:\\Users\\Propri...')
#2 C:\Users\Proprietaire\Desktop\ChopesGames\system\View\View.php(217): CodeIgniter\View\View->CodeIgniter\View\{closure}()
#3 C:\Users\Proprietaire\Desktop\ChopesGames\system\Common.php(1097): CodeIgniter\View\View->render('visiteur/se_con...', Array, true)
#4 C:\Users\Proprietaire\Desktop\ChopesGames\app\Controllers\Visiteur.php(405): view('visiteur/se_con...', Array)
#5 C:\Users\Proprietaire\Desktop\ChopesGames\system\CodeIgniter.php(824): App\Controllers\Visiteur->se_connecter()
#6 C:\Users\Proprietaire\Desktop\ChopesGames\system\CodeIgniter.php(410): CodeIgniter\CodeIgniter->runController(Object(App\Controllers\Visiteur))
#7 C:\Users\Proprietaire\Desktop\ChopesGames\system\CodeIgniter.php(318): CodeIgniter\CodeIgniter->handleRequest(NULL, Object(Config\Cache), false)
#8 C:\Users\Proprietaire\Desktop\ChopesGames\public\index.php(37): CodeIgniter\CodeIgniter->run()
#9 C:\Users\Proprietaire\Desktop\ChopesGames\system\Commands\Server\rewrite.php(43): require_once('C:\\Users\\Propri...')
#10 {main}
CRITICAL - 2023-04-20 07:40:34 --> Undefined variable $data
#0 C:\Users\Proprietaire\Desktop\ChopesGames\app\Views\visiteur\se_connecter.php(9): CodeIgniter\Debug\Exceptions->errorHandler(2, 'Undefined varia...', 'C:\\Users\\Propri...', 9)
#1 C:\Users\Proprietaire\Desktop\ChopesGames\system\View\View.php(214): include('C:\\Users\\Propri...')
#2 C:\Users\Proprietaire\Desktop\ChopesGames\system\View\View.php(217): CodeIgniter\View\View->CodeIgniter\View\{closure}()
#3 C:\Users\Proprietaire\Desktop\ChopesGames\system\Common.php(1097): CodeIgniter\View\View->render('visiteur/se_con...', Array, true)
#4 C:\Users\Proprietaire\Desktop\ChopesGames\app\Controllers\Visiteur.php(405): view('visiteur/se_con...', Array)
#5 C:\Users\Proprietaire\Desktop\ChopesGames\system\CodeIgniter.php(824): App\Controllers\Visiteur->se_connecter()
#6 C:\Users\Proprietaire\Desktop\ChopesGames\system\CodeIgniter.php(410): CodeIgniter\CodeIgniter->runController(Object(App\Controllers\Visiteur))
#7 C:\Users\Proprietaire\Desktop\ChopesGames\system\CodeIgniter.php(318): CodeIgniter\CodeIgniter->handleRequest(NULL, Object(Config\Cache), false)
#8 C:\Users\Proprietaire\Desktop\ChopesGames\public\index.php(37): CodeIgniter\CodeIgniter->run()
#9 C:\Users\Proprietaire\Desktop\ChopesGames\system\Commands\Server\rewrite.php(43): require_once('C:\\Users\\Propri...')
#10 {main}
CRITICAL - 2023-04-20 07:40:35 --> Undefined variable $data
#0 C:\Users\Proprietaire\Desktop\ChopesGames\app\Views\visiteur\se_connecter.php(9): CodeIgniter\Debug\Exceptions->errorHandler(2, 'Undefined varia...', 'C:\\Users\\Propri...', 9)
#1 C:\Users\Proprietaire\Desktop\ChopesGames\system\View\View.php(214): include('C:\\Users\\Propri...')
#2 C:\Users\Proprietaire\Desktop\ChopesGames\system\View\View.php(217): CodeIgniter\View\View->CodeIgniter\View\{closure}()
#3 C:\Users\Proprietaire\Desktop\ChopesGames\system\Common.php(1097): CodeIgniter\View\View->render('visiteur/se_con...', Array, true)
#4 C:\Users\Proprietaire\Desktop\ChopesGames\app\Controllers\Visiteur.php(405): view('visiteur/se_con...', Array)
#5 C:\Users\Proprietaire\Desktop\ChopesGames\system\CodeIgniter.php(824): App\Controllers\Visiteur->se_connecter()
#6 C:\Users\Proprietaire\Desktop\ChopesGames\system\CodeIgniter.php(410): CodeIgniter\CodeIgniter->runController(Object(App\Controllers\Visiteur))
#7 C:\Users\Proprietaire\Desktop\ChopesGames\system\CodeIgniter.php(318): CodeIgniter\CodeIgniter->handleRequest(NULL, Object(Config\Cache), false)
#8 C:\Users\Proprietaire\Desktop\ChopesGames\public\index.php(37): CodeIgniter\CodeIgniter->run()
#9 C:\Users\Proprietaire\Desktop\ChopesGames\system\Commands\Server\rewrite.php(43): require_once('C:\\Users\\Propri...')
#10 {main}
CRITICAL - 2023-04-20 07:40:35 --> Undefined variable $data
#0 C:\Users\Proprietaire\Desktop\ChopesGames\app\Views\visiteur\se_connecter.php(9): CodeIgniter\Debug\Exceptions->errorHandler(2, 'Undefined varia...', 'C:\\Users\\Propri...', 9)
#1 C:\Users\Proprietaire\Desktop\ChopesGames\system\View\View.php(214): include('C:\\Users\\Propri...')
#2 C:\Users\Proprietaire\Desktop\ChopesGames\system\View\View.php(217): CodeIgniter\View\View->CodeIgniter\View\{closure}()
#3 C:\Users\Proprietaire\Desktop\ChopesGames\system\Common.php(1097): CodeIgniter\View\View->render('visiteur/se_con...', Array, true)
#4 C:\Users\Proprietaire\Desktop\ChopesGames\app\Controllers\Visiteur.php(405): view('visiteur/se_con...', Array)
#5 C:\Users\Proprietaire\Desktop\ChopesGames\system\CodeIgniter.php(824): App\Controllers\Visiteur->se_connecter()
#6 C:\Users\Proprietaire\Desktop\ChopesGames\system\CodeIgniter.php(410): CodeIgniter\CodeIgniter->runController(Object(App\Controllers\Visiteur))
#7 C:\Users\Proprietaire\Desktop\ChopesGames\system\CodeIgniter.php(318): CodeIgniter\CodeIgniter->handleRequest(NULL, Object(Config\Cache), false)
#8 C:\Users\Proprietaire\Desktop\ChopesGames\public\index.php(37): CodeIgniter\CodeIgniter->run()
#9 C:\Users\Proprietaire\Desktop\ChopesGames\system\Commands\Server\rewrite.php(43): require_once('C:\\Users\\Propri...')
#10 {main}
CRITICAL - 2023-04-20 07:40:35 --> Undefined variable $data
#0 C:\Users\Proprietaire\Desktop\ChopesGames\app\Views\visiteur\se_connecter.php(9): CodeIgniter\Debug\Exceptions->errorHandler(2, 'Undefined varia...', 'C:\\Users\\Propri...', 9)
#1 C:\Users\Proprietaire\Desktop\ChopesGames\system\View\View.php(214): include('C:\\Users\\Propri...')
#2 C:\Users\Proprietaire\Desktop\ChopesGames\system\View\View.php(217): CodeIgniter\View\View->CodeIgniter\View\{closure}()
#3 C:\Users\Proprietaire\Desktop\ChopesGames\system\Common.php(1097): CodeIgniter\View\View->render('visiteur/se_con...', Array, true)
#4 C:\Users\Proprietaire\Desktop\ChopesGames\app\Controllers\Visiteur.php(405): view('visiteur/se_con...', Array)
#5 C:\Users\Proprietaire\Desktop\ChopesGames\system\CodeIgniter.php(824): App\Controllers\Visiteur->se_connecter()
#6 C:\Users\Proprietaire\Desktop\ChopesGames\system\CodeIgniter.php(410): CodeIgniter\CodeIgniter->runController(Object(App\Controllers\Visiteur))
#7 C:\Users\Proprietaire\Desktop\ChopesGames\system\CodeIgniter.php(318): CodeIgniter\CodeIgniter->handleRequest(NULL, Object(Config\Cache), false)
#8 C:\Users\Proprietaire\Desktop\ChopesGames\public\index.php(37): CodeIgniter\CodeIgniter->run()
#9 C:\Users\Proprietaire\Desktop\ChopesGames\system\Commands\Server\rewrite.php(43): require_once('C:\\Users\\Propri...')
#10 {main}
CRITICAL - 2023-04-20 07:40:35 --> Undefined variable $data
#0 C:\Users\Proprietaire\Desktop\ChopesGames\app\Views\visiteur\se_connecter.php(9): CodeIgniter\Debug\Exceptions->errorHandler(2, 'Undefined varia...', 'C:\\Users\\Propri...', 9)
#1 C:\Users\Proprietaire\Desktop\ChopesGames\system\View\View.php(214): include('C:\\Users\\Propri...')
#2 C:\Users\Proprietaire\Desktop\ChopesGames\system\View\View.php(217): CodeIgniter\View\View->CodeIgniter\View\{closure}()
#3 C:\Users\Proprietaire\Desktop\ChopesGames\system\Common.php(1097): CodeIgniter\View\View->render('visiteur/se_con...', Array, true)
#4 C:\Users\Proprietaire\Desktop\ChopesGames\app\Controllers\Visiteur.php(405): view('visiteur/se_con...', Array)
#5 C:\Users\Proprietaire\Desktop\ChopesGames\system\CodeIgniter.php(824): App\Controllers\Visiteur->se_connecter()
#6 C:\Users\Proprietaire\Desktop\ChopesGames\system\CodeIgniter.php(410): CodeIgniter\CodeIgniter->runController(Object(App\Controllers\Visiteur))
#7 C:\Users\Proprietaire\Desktop\ChopesGames\system\CodeIgniter.php(318): CodeIgniter\CodeIgniter->handleRequest(NULL, Object(Config\Cache), false)
#8 C:\Users\Proprietaire\Desktop\ChopesGames\public\index.php(37): CodeIgniter\CodeIgniter->run()
#9 C:\Users\Proprietaire\Desktop\ChopesGames\system\Commands\Server\rewrite.php(43): require_once('C:\\Users\\Propri...')
#10 {main}
CRITICAL - 2023-04-20 07:43:45 --> Undefined array key "Time"
#0 C:\Users\Proprietaire\Desktop\ChopesGames\app\Controllers\Visiteur.php(355): CodeIgniter\Debug\Exceptions->errorHandler(2, 'Undefined array...', 'C:\\Users\\Propri...', 355)
#1 C:\Users\Proprietaire\Desktop\ChopesGames\system\CodeIgniter.php(824): App\Controllers\Visiteur->se_connecter()
#2 C:\Users\Proprietaire\Desktop\ChopesGames\system\CodeIgniter.php(410): CodeIgniter\CodeIgniter->runController(Object(App\Controllers\Visiteur))
#3 C:\Users\Proprietaire\Desktop\ChopesGames\system\CodeIgniter.php(318): CodeIgniter\CodeIgniter->handleRequest(NULL, Object(Config\Cache), false)
#4 C:\Users\Proprietaire\Desktop\ChopesGames\public\index.php(37): CodeIgniter\CodeIgniter->run()
#5 C:\Users\Proprietaire\Desktop\ChopesGames\system\Commands\Server\rewrite.php(43): require_once('C:\\Users\\Propri...')
#6 {main}
CRITICAL - 2023-04-20 07:45:44 --> Class "App\Filters\Throttle" not found
#0 C:\Users\Proprietaire\Desktop\ChopesGames\system\CodeIgniter.php(384): CodeIgniter\Filters\Filters->run('Visiteur/se_con...', 'before')
#1 C:\Users\Proprietaire\Desktop\ChopesGames\system\CodeIgniter.php(318): CodeIgniter\CodeIgniter->handleRequest(NULL, Object(Config\Cache), false)
#2 C:\Users\Proprietaire\Desktop\ChopesGames\public\index.php(37): CodeIgniter\CodeIgniter->run()
#3 C:\Users\Proprietaire\Desktop\ChopesGames\system\Commands\Server\rewrite.php(43): require_once('C:\\Users\\Propri...')
#4 {main}
CRITICAL - 2023-04-20 07:46:26 --> syntax error, unexpected token ">"
#0 C:\Users\Proprietaire\Desktop\ChopesGames\system\Autoloader\Autoloader.php(241): CodeIgniter\Autoloader\Autoloader->includeFile('C:\\Users\\Propri...')
#1 C:\Users\Proprietaire\Desktop\ChopesGames\system\Autoloader\Autoloader.php(219): CodeIgniter\Autoloader\Autoloader->loadInNamespace('App\\Filters\\Thr...')
#2 C:\Users\Proprietaire\Desktop\ChopesGames\system\Filters\Filters.php(166): CodeIgniter\Autoloader\Autoloader->loadClass('App\\Filters\\Thr...')
#3 C:\Users\Proprietaire\Desktop\ChopesGames\system\CodeIgniter.php(384): CodeIgniter\Filters\Filters->run('Visiteur/se_con...', 'before')
#4 C:\Users\Proprietaire\Desktop\ChopesGames\system\CodeIgniter.php(318): CodeIgniter\CodeIgniter->handleRequest(NULL, Object(Config\Cache), false)
#5 C:\Users\Proprietaire\Desktop\ChopesGames\public\index.php(37): CodeIgniter\CodeIgniter->run()
#6 C:\Users\Proprietaire\Desktop\ChopesGames\system\Commands\Server\rewrite.php(43): require_once('C:\\Users\\Propri...')
#7 {main}
CRITICAL - 2023-04-20 07:46:34 --> syntax error, unexpected token ">"
#0 C:\Users\Proprietaire\Desktop\ChopesGames\system\Autoloader\Autoloader.php(241): CodeIgniter\Autoloader\Autoloader->includeFile('C:\\Users\\Propri...')
#1 C:\Users\Proprietaire\Desktop\ChopesGames\system\Autoloader\Autoloader.php(219): CodeIgniter\Autoloader\Autoloader->loadInNamespace('App\\Filters\\Thr...')
#2 C:\Users\Proprietaire\Desktop\ChopesGames\system\Filters\Filters.php(166): CodeIgniter\Autoloader\Autoloader->loadClass('App\\Filters\\Thr...')
#3 C:\Users\Proprietaire\Desktop\ChopesGames\system\CodeIgniter.php(384): CodeIgniter\Filters\Filters->run('Visiteur/se_con...', 'before')
#4 C:\Users\Proprietaire\Desktop\ChopesGames\system\CodeIgniter.php(318): CodeIgniter\CodeIgniter->handleRequest(NULL, Object(Config\Cache), false)
#5 C:\Users\Proprietaire\Desktop\ChopesGames\public\index.php(37): CodeIgniter\CodeIgniter->run()
#6 C:\Users\Proprietaire\Desktop\ChopesGames\system\Commands\Server\rewrite.php(43): require_once('C:\\Users\\Propri...')
#7 {main}
CRITICAL - 2023-04-20 09:10:32 --> Honeypot.theClientIsABot
#0 C:\Users\Proprietaire\Desktop\ChopesGames\system\Filters\Honeypot.php(35): CodeIgniter\Honeypot\Exceptions\HoneypotException::isBot()
#1 C:\Users\Proprietaire\Desktop\ChopesGames\system\Filters\Filters.php(173): CodeIgniter\Filters\Honeypot->before(Object(CodeIgniter\HTTP\IncomingRequest), NULL)
#2 C:\Users\Proprietaire\Desktop\ChopesGames\system\CodeIgniter.php(384): CodeIgniter\Filters\Filters->run('Visiteur/se_con...', 'before')
#3 C:\Users\Proprietaire\Desktop\ChopesGames\system\CodeIgniter.php(318): CodeIgniter\CodeIgniter->handleRequest(NULL, Object(Config\Cache), false)
#4 C:\Users\Proprietaire\Desktop\ChopesGames\public\index.php(37): CodeIgniter\CodeIgniter->run()
#5 C:\Users\Proprietaire\Desktop\ChopesGames\system\Commands\Server\rewrite.php(43): require_once('C:\\Users\\Propri...')
#6 {main}
