CRITICAL - 2023-04-27 07:40:49 --> Undefined variable $categories
#0 C:\Users\Proprietaire\Desktop\PPEShopGame\ChopesGames\app\Views\templates\header.php(36): CodeIgniter\Debug\Exceptions->errorHandler(2, 'Undefined varia...', 'C:\\Users\\Propri...', 36)
#1 C:\Users\Proprietaire\Desktop\PPEShopGame\ChopesGames\system\View\View.php(214): include('C:\\Users\\Propri...')
#2 C:\Users\Proprietaire\Desktop\PPEShopGame\ChopesGames\system\View\View.php(217): CodeIgniter\View\View->CodeIgniter\View\{closure}()
#3 C:\Users\Proprietaire\Desktop\PPEShopGame\ChopesGames\system\Common.php(1097): CodeIgniter\View\View->render('templates/heade...', Array, true)
#4 C:\Users\Proprietaire\Desktop\PPEShopGame\ChopesGames\app\Controllers\Visiteur.php(344): view('templates/heade...', Array)
#5 C:\Users\Proprietaire\Desktop\PPEShopGame\ChopesGames\system\CodeIgniter.php(824): App\Controllers\Visiteur->s_enregistrer()
#6 C:\Users\Proprietaire\Desktop\PPEShopGame\ChopesGames\system\CodeIgniter.php(410): CodeIgniter\CodeIgniter->runController(Object(App\Controllers\Visiteur))
#7 C:\Users\Proprietaire\Desktop\PPEShopGame\ChopesGames\system\CodeIgniter.php(318): CodeIgniter\CodeIgniter->handleRequest(NULL, Object(Config\Cache), false)
#8 C:\Users\Proprietaire\Desktop\PPEShopGame\ChopesGames\public\index.php(37): CodeIgniter\CodeIgniter->run()
#9 C:\Users\Proprietaire\Desktop\PPEShopGame\ChopesGames\system\Commands\Server\rewrite.php(43): require_once('C:\\Users\\Propri...')
#10 {main}
CRITICAL - 2023-04-27 07:40:57 --> Undefined variable $categories
#0 C:\Users\Proprietaire\Desktop\PPEShopGame\ChopesGames\app\Views\templates\header.php(36): CodeIgniter\Debug\Exceptions->errorHandler(2, 'Undefined varia...', 'C:\\Users\\Propri...', 36)
#1 C:\Users\Proprietaire\Desktop\PPEShopGame\ChopesGames\system\View\View.php(214): include('C:\\Users\\Propri...')
#2 C:\Users\Proprietaire\Desktop\PPEShopGame\ChopesGames\system\View\View.php(217): CodeIgniter\View\View->CodeIgniter\View\{closure}()
#3 C:\Users\Proprietaire\Desktop\PPEShopGame\ChopesGames\system\Common.php(1097): CodeIgniter\View\View->render('templates/heade...', Array, true)
#4 C:\Users\Proprietaire\Desktop\PPEShopGame\ChopesGames\app\Controllers\Visiteur.php(344): view('templates/heade...', Array)
#5 C:\Users\Proprietaire\Desktop\PPEShopGame\ChopesGames\system\CodeIgniter.php(824): App\Controllers\Visiteur->s_enregistrer()
#6 C:\Users\Proprietaire\Desktop\PPEShopGame\ChopesGames\system\CodeIgniter.php(410): CodeIgniter\CodeIgniter->runController(Object(App\Controllers\Visiteur))
#7 C:\Users\Proprietaire\Desktop\PPEShopGame\ChopesGames\system\CodeIgniter.php(318): CodeIgniter\CodeIgniter->handleRequest(NULL, Object(Config\Cache), false)
#8 C:\Users\Proprietaire\Desktop\PPEShopGame\ChopesGames\public\index.php(37): CodeIgniter\CodeIgniter->run()
#9 C:\Users\Proprietaire\Desktop\PPEShopGame\ChopesGames\system\Commands\Server\rewrite.php(43): require_once('C:\\Users\\Propri...')
#10 {main}
