CRITICAL - 2023-04-24 15:01:01 --> Call to a member function anonymiser_client() on array
#0 C:\Users\Proprietaire\Desktop\PPEShopGame\ChopesGames\system\CodeIgniter.php(824): App\Controllers\Visiteur->RGPD()
#1 C:\Users\Proprietaire\Desktop\PPEShopGame\ChopesGames\system\CodeIgniter.php(410): CodeIgniter\CodeIgniter->runController(Object(App\Controllers\Visiteur))
#2 C:\Users\Proprietaire\Desktop\PPEShopGame\ChopesGames\system\CodeIgniter.php(318): CodeIgniter\CodeIgniter->handleRequest(NULL, Object(Config\Cache), false)
#3 C:\Users\Proprietaire\Desktop\PPEShopGame\ChopesGames\public\index.php(37): CodeIgniter\CodeIgniter->run()
#4 C:\Users\Proprietaire\Desktop\PPEShopGame\ChopesGames\system\Commands\Server\rewrite.php(43): require_once('C:\\Users\\Propri...')
#5 {main}
CRITICAL - 2023-04-24 15:03:11 --> Call to a member function anonymiser_client() on array
#0 C:\Users\Proprietaire\Desktop\PPEShopGame\ChopesGames\system\CodeIgniter.php(824): App\Controllers\Visiteur->RGPD()
#1 C:\Users\Proprietaire\Desktop\PPEShopGame\ChopesGames\system\CodeIgniter.php(410): CodeIgniter\CodeIgniter->runController(Object(App\Controllers\Visiteur))
#2 C:\Users\Proprietaire\Desktop\PPEShopGame\ChopesGames\system\CodeIgniter.php(318): CodeIgniter\CodeIgniter->handleRequest(NULL, Object(Config\Cache), false)
#3 C:\Users\Proprietaire\Desktop\PPEShopGame\ChopesGames\public\index.php(37): CodeIgniter\CodeIgniter->run()
#4 C:\Users\Proprietaire\Desktop\PPEShopGame\ChopesGames\system\Commands\Server\rewrite.php(43): require_once('C:\\Users\\Propri...')
#5 {main}
CRITICAL - 2023-04-24 15:04:56 --> Call to a member function anonymiser_client() on array
#0 C:\Users\Proprietaire\Desktop\PPEShopGame\ChopesGames\system\CodeIgniter.php(824): App\Controllers\Visiteur->RGPD()
#1 C:\Users\Proprietaire\Desktop\PPEShopGame\ChopesGames\system\CodeIgniter.php(410): CodeIgniter\CodeIgniter->runController(Object(App\Controllers\Visiteur))
#2 C:\Users\Proprietaire\Desktop\PPEShopGame\ChopesGames\system\CodeIgniter.php(318): CodeIgniter\CodeIgniter->handleRequest(NULL, Object(Config\Cache), false)
#3 C:\Users\Proprietaire\Desktop\PPEShopGame\ChopesGames\public\index.php(37): CodeIgniter\CodeIgniter->run()
#4 C:\Users\Proprietaire\Desktop\PPEShopGame\ChopesGames\system\Commands\Server\rewrite.php(43): require_once('C:\\Users\\Propri...')
#5 {main}
