CRITICAL - 2023-05-06 05:25:33 --> Undefined variable $categories
#0 C:\Users\Proprietaire\Desktop\ppe_chopesgames\app\Views\templates\header.php(37): CodeIgniter\Debug\Exceptions->errorHandler(2, 'Undefined varia...', 'C:\\Users\\Propri...', 37)
#1 C:\Users\Proprietaire\Desktop\ppe_chopesgames\system\View\View.php(214): include('C:\\Users\\Propri...')
#2 C:\Users\Proprietaire\Desktop\ppe_chopesgames\system\View\View.php(217): CodeIgniter\View\View->CodeIgniter\View\{closure}()
#3 C:\Users\Proprietaire\Desktop\ppe_chopesgames\system\Common.php(1097): CodeIgniter\View\View->render('templates/heade...', Array, true)
#4 C:\Users\Proprietaire\Desktop\ppe_chopesgames\app\Controllers\AdministrateurSuper.php(107): view('templates/heade...', Array)
#5 C:\Users\Proprietaire\Desktop\ppe_chopesgames\system\CodeIgniter.php(824): App\Controllers\AdministrateurSuper->ajouter_une_categorie()
#6 C:\Users\Proprietaire\Desktop\ppe_chopesgames\system\CodeIgniter.php(410): CodeIgniter\CodeIgniter->runController(Object(App\Controllers\AdministrateurSuper))
#7 C:\Users\Proprietaire\Desktop\ppe_chopesgames\system\CodeIgniter.php(318): CodeIgniter\CodeIgniter->handleRequest(NULL, Object(Config\Cache), false)
#8 C:\Users\Proprietaire\Desktop\ppe_chopesgames\public\index.php(37): CodeIgniter\CodeIgniter->run()
#9 C:\Users\Proprietaire\Desktop\ppe_chopesgames\system\Commands\Server\rewrite.php(43): require_once('C:\\Users\\Propri...')
#10 {main}
CRITICAL - 2023-05-06 05:27:53 --> Undefined variable $categories
#0 C:\Users\Proprietaire\Desktop\ppe_chopesgames\app\Views\templates\header.php(37): CodeIgniter\Debug\Exceptions->errorHandler(2, 'Undefined varia...', 'C:\\Users\\Propri...', 37)
#1 C:\Users\Proprietaire\Desktop\ppe_chopesgames\system\View\View.php(214): include('C:\\Users\\Propri...')
#2 C:\Users\Proprietaire\Desktop\ppe_chopesgames\system\View\View.php(217): CodeIgniter\View\View->CodeIgniter\View\{closure}()
#3 C:\Users\Proprietaire\Desktop\ppe_chopesgames\system\Common.php(1097): CodeIgniter\View\View->render('templates/heade...', Array, true)
#4 C:\Users\Proprietaire\Desktop\ppe_chopesgames\app\Controllers\AdministrateurSuper.php(107): view('templates/heade...', Array)
#5 C:\Users\Proprietaire\Desktop\ppe_chopesgames\system\CodeIgniter.php(824): App\Controllers\AdministrateurSuper->ajouter_une_categorie()
#6 C:\Users\Proprietaire\Desktop\ppe_chopesgames\system\CodeIgniter.php(410): CodeIgniter\CodeIgniter->runController(Object(App\Controllers\AdministrateurSuper))
#7 C:\Users\Proprietaire\Desktop\ppe_chopesgames\system\CodeIgniter.php(318): CodeIgniter\CodeIgniter->handleRequest(NULL, Object(Config\Cache), false)
#8 C:\Users\Proprietaire\Desktop\ppe_chopesgames\public\index.php(37): CodeIgniter\CodeIgniter->run()
#9 C:\Users\Proprietaire\Desktop\ppe_chopesgames\system\Commands\Server\rewrite.php(43): require_once('C:\\Users\\Propri...')
#10 {main}
CRITICAL - 2023-05-06 05:29:11 --> Undefined variable $txtCategorie
#0 C:\Users\Proprietaire\Desktop\ppe_chopesgames\app\Views\AdministrateurSuper\ajouter_une_categorie.php(15): CodeIgniter\Debug\Exceptions->errorHandler(2, 'Undefined varia...', 'C:\\Users\\Propri...', 15)
#1 C:\Users\Proprietaire\Desktop\ppe_chopesgames\system\View\View.php(214): include('C:\\Users\\Propri...')
#2 C:\Users\Proprietaire\Desktop\ppe_chopesgames\system\View\View.php(217): CodeIgniter\View\View->CodeIgniter\View\{closure}()
#3 C:\Users\Proprietaire\Desktop\ppe_chopesgames\system\Common.php(1097): CodeIgniter\View\View->render('AdministrateurS...', Array, true)
#4 C:\Users\Proprietaire\Desktop\ppe_chopesgames\app\Controllers\AdministrateurSuper.php(109): view('AdministrateurS...')
#5 C:\Users\Proprietaire\Desktop\ppe_chopesgames\system\CodeIgniter.php(824): App\Controllers\AdministrateurSuper->ajouter_une_categorie()
#6 C:\Users\Proprietaire\Desktop\ppe_chopesgames\system\CodeIgniter.php(410): CodeIgniter\CodeIgniter->runController(Object(App\Controllers\AdministrateurSuper))
#7 C:\Users\Proprietaire\Desktop\ppe_chopesgames\system\CodeIgniter.php(318): CodeIgniter\CodeIgniter->handleRequest(NULL, Object(Config\Cache), false)
#8 C:\Users\Proprietaire\Desktop\ppe_chopesgames\public\index.php(37): CodeIgniter\CodeIgniter->run()
#9 C:\Users\Proprietaire\Desktop\ppe_chopesgames\system\Commands\Server\rewrite.php(43): require_once('C:\\Users\\Propri...')
#10 {main}
CRITICAL - 2023-05-06 05:29:17 --> Undefined variable $txtCategorie
#0 C:\Users\Proprietaire\Desktop\ppe_chopesgames\app\Views\AdministrateurSuper\ajouter_une_categorie.php(15): CodeIgniter\Debug\Exceptions->errorHandler(2, 'Undefined varia...', 'C:\\Users\\Propri...', 15)
#1 C:\Users\Proprietaire\Desktop\ppe_chopesgames\system\View\View.php(214): include('C:\\Users\\Propri...')
#2 C:\Users\Proprietaire\Desktop\ppe_chopesgames\system\View\View.php(217): CodeIgniter\View\View->CodeIgniter\View\{closure}()
#3 C:\Users\Proprietaire\Desktop\ppe_chopesgames\system\Common.php(1097): CodeIgniter\View\View->render('AdministrateurS...', Array, true)
#4 C:\Users\Proprietaire\Desktop\ppe_chopesgames\app\Controllers\AdministrateurSuper.php(109): view('AdministrateurS...')
#5 C:\Users\Proprietaire\Desktop\ppe_chopesgames\system\CodeIgniter.php(824): App\Controllers\AdministrateurSuper->ajouter_une_categorie()
#6 C:\Users\Proprietaire\Desktop\ppe_chopesgames\system\CodeIgniter.php(410): CodeIgniter\CodeIgniter->runController(Object(App\Controllers\AdministrateurSuper))
#7 C:\Users\Proprietaire\Desktop\ppe_chopesgames\system\CodeIgniter.php(318): CodeIgniter\CodeIgniter->handleRequest(NULL, Object(Config\Cache), false)
#8 C:\Users\Proprietaire\Desktop\ppe_chopesgames\public\index.php(37): CodeIgniter\CodeIgniter->run()
#9 C:\Users\Proprietaire\Desktop\ppe_chopesgames\system\Commands\Server\rewrite.php(43): require_once('C:\\Users\\Propri...')
#10 {main}
ERROR - 2023-05-06 05:32:39 --> Champ 'id' inconnu dans where clause
CRITICAL - 2023-05-06 05:32:39 --> Champ 'id' inconnu dans where clause
#0 C:\Users\Proprietaire\Desktop\ppe_chopesgames\system\Database\MySQLi\Connection.php(292): mysqli->query('SELECT COUNT(*)...', 0)
#1 C:\Users\Proprietaire\Desktop\ppe_chopesgames\system\Database\BaseConnection.php(670): CodeIgniter\Database\MySQLi\Connection->execute('SELECT COUNT(*)...')
#2 C:\Users\Proprietaire\Desktop\ppe_chopesgames\system\Database\BaseConnection.php(598): CodeIgniter\Database\BaseConnection->simpleQuery('SELECT COUNT(*)...')
#3 C:\Users\Proprietaire\Desktop\ppe_chopesgames\system\Database\BaseBuilder.php(1527): CodeIgniter\Database\BaseConnection->query('SELECT COUNT(*)...', Array, false)
#4 C:\Users\Proprietaire\Desktop\ppe_chopesgames\system\Model.php(509): CodeIgniter\Database\BaseBuilder->countAllResults(true)
#5 C:\Users\Proprietaire\Desktop\ppe_chopesgames\system\Model.php(592): CodeIgniter\Model->countAllResults()
#6 C:\Users\Proprietaire\Desktop\ppe_chopesgames\system\BaseModel.php(655): CodeIgniter\Model->shouldUpdate(Array)
#7 C:\Users\Proprietaire\Desktop\ppe_chopesgames\app\Controllers\AdministrateurSuper.php(116): CodeIgniter\BaseModel->save(Array)
#8 C:\Users\Proprietaire\Desktop\ppe_chopesgames\system\CodeIgniter.php(824): App\Controllers\AdministrateurSuper->ajouter_une_categorie()
#9 C:\Users\Proprietaire\Desktop\ppe_chopesgames\system\CodeIgniter.php(410): CodeIgniter\CodeIgniter->runController(Object(App\Controllers\AdministrateurSuper))
#10 C:\Users\Proprietaire\Desktop\ppe_chopesgames\system\CodeIgniter.php(318): CodeIgniter\CodeIgniter->handleRequest(NULL, Object(Config\Cache), false)
#11 C:\Users\Proprietaire\Desktop\ppe_chopesgames\public\index.php(37): CodeIgniter\CodeIgniter->run()
#12 C:\Users\Proprietaire\Desktop\ppe_chopesgames\system\Commands\Server\rewrite.php(43): require_once('C:\\Users\\Propri...')
#13 {main}
ERROR - 2023-05-06 05:34:31 --> Champ 'id' inconnu dans where clause
CRITICAL - 2023-05-06 05:34:31 --> Champ 'id' inconnu dans where clause
#0 C:\Users\Proprietaire\Desktop\ppe_chopesgames\system\Database\MySQLi\Connection.php(292): mysqli->query('SELECT COUNT(*)...', 0)
#1 C:\Users\Proprietaire\Desktop\ppe_chopesgames\system\Database\BaseConnection.php(670): CodeIgniter\Database\MySQLi\Connection->execute('SELECT COUNT(*)...')
#2 C:\Users\Proprietaire\Desktop\ppe_chopesgames\system\Database\BaseConnection.php(598): CodeIgniter\Database\BaseConnection->simpleQuery('SELECT COUNT(*)...')
#3 C:\Users\Proprietaire\Desktop\ppe_chopesgames\system\Database\BaseBuilder.php(1527): CodeIgniter\Database\BaseConnection->query('SELECT COUNT(*)...', Array, false)
#4 C:\Users\Proprietaire\Desktop\ppe_chopesgames\system\Model.php(509): CodeIgniter\Database\BaseBuilder->countAllResults(true)
#5 C:\Users\Proprietaire\Desktop\ppe_chopesgames\system\Model.php(592): CodeIgniter\Model->countAllResults()
#6 C:\Users\Proprietaire\Desktop\ppe_chopesgames\system\BaseModel.php(655): CodeIgniter\Model->shouldUpdate(Array)
#7 C:\Users\Proprietaire\Desktop\ppe_chopesgames\app\Controllers\AdministrateurSuper.php(117): CodeIgniter\BaseModel->save(Array)
#8 C:\Users\Proprietaire\Desktop\ppe_chopesgames\system\CodeIgniter.php(824): App\Controllers\AdministrateurSuper->ajouter_une_categorie()
#9 C:\Users\Proprietaire\Desktop\ppe_chopesgames\system\CodeIgniter.php(410): CodeIgniter\CodeIgniter->runController(Object(App\Controllers\AdministrateurSuper))
#10 C:\Users\Proprietaire\Desktop\ppe_chopesgames\system\CodeIgniter.php(318): CodeIgniter\CodeIgniter->handleRequest(NULL, Object(Config\Cache), false)
#11 C:\Users\Proprietaire\Desktop\ppe_chopesgames\public\index.php(37): CodeIgniter\CodeIgniter->run()
#12 C:\Users\Proprietaire\Desktop\ppe_chopesgames\system\Commands\Server\rewrite.php(43): require_once('C:\\Users\\Propri...')
#13 {main}
ERROR - 2023-05-06 05:34:43 --> Champ 'id' inconnu dans where clause
CRITICAL - 2023-05-06 05:34:43 --> Champ 'id' inconnu dans where clause
#0 C:\Users\Proprietaire\Desktop\ppe_chopesgames\system\Database\MySQLi\Connection.php(292): mysqli->query('SELECT COUNT(*)...', 0)
#1 C:\Users\Proprietaire\Desktop\ppe_chopesgames\system\Database\BaseConnection.php(670): CodeIgniter\Database\MySQLi\Connection->execute('SELECT COUNT(*)...')
#2 C:\Users\Proprietaire\Desktop\ppe_chopesgames\system\Database\BaseConnection.php(598): CodeIgniter\Database\BaseConnection->simpleQuery('SELECT COUNT(*)...')
#3 C:\Users\Proprietaire\Desktop\ppe_chopesgames\system\Database\BaseBuilder.php(1527): CodeIgniter\Database\BaseConnection->query('SELECT COUNT(*)...', Array, false)
#4 C:\Users\Proprietaire\Desktop\ppe_chopesgames\system\Model.php(509): CodeIgniter\Database\BaseBuilder->countAllResults(true)
#5 C:\Users\Proprietaire\Desktop\ppe_chopesgames\system\Model.php(592): CodeIgniter\Model->countAllResults()
#6 C:\Users\Proprietaire\Desktop\ppe_chopesgames\system\BaseModel.php(655): CodeIgniter\Model->shouldUpdate(Array)
#7 C:\Users\Proprietaire\Desktop\ppe_chopesgames\app\Controllers\AdministrateurSuper.php(117): CodeIgniter\BaseModel->save(Array)
#8 C:\Users\Proprietaire\Desktop\ppe_chopesgames\system\CodeIgniter.php(824): App\Controllers\AdministrateurSuper->ajouter_une_categorie()
#9 C:\Users\Proprietaire\Desktop\ppe_chopesgames\system\CodeIgniter.php(410): CodeIgniter\CodeIgniter->runController(Object(App\Controllers\AdministrateurSuper))
#10 C:\Users\Proprietaire\Desktop\ppe_chopesgames\system\CodeIgniter.php(318): CodeIgniter\CodeIgniter->handleRequest(NULL, Object(Config\Cache), false)
#11 C:\Users\Proprietaire\Desktop\ppe_chopesgames\public\index.php(37): CodeIgniter\CodeIgniter->run()
#12 C:\Users\Proprietaire\Desktop\ppe_chopesgames\system\Commands\Server\rewrite.php(43): require_once('C:\\Users\\Propri...')
#13 {main}
CRITICAL - 2023-05-06 05:35:09 --> Allowed fields must be specified for model: App\Models\ModeleCategorie
#0 C:\Users\Proprietaire\Desktop\ppe_chopesgames\system\BaseModel.php(1138): CodeIgniter\Database\Exceptions\DataException::forInvalidAllowedFields('App\\Models\\Mode...')
#1 C:\Users\Proprietaire\Desktop\ppe_chopesgames\system\BaseModel.php(841): CodeIgniter\BaseModel->doProtectFields(Array)
#2 C:\Users\Proprietaire\Desktop\ppe_chopesgames\system\Model.php(646): CodeIgniter\BaseModel->update(Array, Array)
#3 C:\Users\Proprietaire\Desktop\ppe_chopesgames\system\BaseModel.php(656): CodeIgniter\Model->update('23', Array)
#4 C:\Users\Proprietaire\Desktop\ppe_chopesgames\app\Controllers\AdministrateurSuper.php(117): CodeIgniter\BaseModel->save(Array)
#5 C:\Users\Proprietaire\Desktop\ppe_chopesgames\system\CodeIgniter.php(824): App\Controllers\AdministrateurSuper->ajouter_une_categorie()
#6 C:\Users\Proprietaire\Desktop\ppe_chopesgames\system\CodeIgniter.php(410): CodeIgniter\CodeIgniter->runController(Object(App\Controllers\AdministrateurSuper))
#7 C:\Users\Proprietaire\Desktop\ppe_chopesgames\system\CodeIgniter.php(318): CodeIgniter\CodeIgniter->handleRequest(NULL, Object(Config\Cache), false)
#8 C:\Users\Proprietaire\Desktop\ppe_chopesgames\public\index.php(37): CodeIgniter\CodeIgniter->run()
#9 C:\Users\Proprietaire\Desktop\ppe_chopesgames\system\Commands\Server\rewrite.php(43): require_once('C:\\Users\\Propri...')
#10 {main}
CRITICAL - 2023-05-06 05:35:54 --> Allowed fields must be specified for model: App\Models\ModeleCategorie
#0 C:\Users\Proprietaire\Desktop\ppe_chopesgames\system\BaseModel.php(1138): CodeIgniter\Database\Exceptions\DataException::forInvalidAllowedFields('App\\Models\\Mode...')
#1 C:\Users\Proprietaire\Desktop\ppe_chopesgames\system\BaseModel.php(841): CodeIgniter\BaseModel->doProtectFields(Array)
#2 C:\Users\Proprietaire\Desktop\ppe_chopesgames\system\Model.php(646): CodeIgniter\BaseModel->update(Array, Array)
#3 C:\Users\Proprietaire\Desktop\ppe_chopesgames\system\BaseModel.php(656): CodeIgniter\Model->update(23, Array)
#4 C:\Users\Proprietaire\Desktop\ppe_chopesgames\app\Controllers\AdministrateurSuper.php(117): CodeIgniter\BaseModel->save(Array)
#5 C:\Users\Proprietaire\Desktop\ppe_chopesgames\system\CodeIgniter.php(824): App\Controllers\AdministrateurSuper->ajouter_une_categorie()
#6 C:\Users\Proprietaire\Desktop\ppe_chopesgames\system\CodeIgniter.php(410): CodeIgniter\CodeIgniter->runController(Object(App\Controllers\AdministrateurSuper))
#7 C:\Users\Proprietaire\Desktop\ppe_chopesgames\system\CodeIgniter.php(318): CodeIgniter\CodeIgniter->handleRequest(NULL, Object(Config\Cache), false)
#8 C:\Users\Proprietaire\Desktop\ppe_chopesgames\public\index.php(37): CodeIgniter\CodeIgniter->run()
#9 C:\Users\Proprietaire\Desktop\ppe_chopesgames\system\Commands\Server\rewrite.php(43): require_once('C:\\Users\\Propri...')
#10 {main}
ERROR - 2023-05-06 05:36:32 --> Champ 'id' inconnu dans where clause
CRITICAL - 2023-05-06 05:36:32 --> Champ 'id' inconnu dans where clause
#0 C:\Users\Proprietaire\Desktop\ppe_chopesgames\system\Database\MySQLi\Connection.php(292): mysqli->query('SELECT COUNT(*)...', 0)
#1 C:\Users\Proprietaire\Desktop\ppe_chopesgames\system\Database\BaseConnection.php(670): CodeIgniter\Database\MySQLi\Connection->execute('SELECT COUNT(*)...')
#2 C:\Users\Proprietaire\Desktop\ppe_chopesgames\system\Database\BaseConnection.php(598): CodeIgniter\Database\BaseConnection->simpleQuery('SELECT COUNT(*)...')
#3 C:\Users\Proprietaire\Desktop\ppe_chopesgames\system\Database\BaseBuilder.php(1527): CodeIgniter\Database\BaseConnection->query('SELECT COUNT(*)...', Array, false)
#4 C:\Users\Proprietaire\Desktop\ppe_chopesgames\system\Model.php(509): CodeIgniter\Database\BaseBuilder->countAllResults(true)
#5 C:\Users\Proprietaire\Desktop\ppe_chopesgames\system\Model.php(592): CodeIgniter\Model->countAllResults()
#6 C:\Users\Proprietaire\Desktop\ppe_chopesgames\system\BaseModel.php(655): CodeIgniter\Model->shouldUpdate(Array)
#7 C:\Users\Proprietaire\Desktop\ppe_chopesgames\app\Controllers\AdministrateurSuper.php(117): CodeIgniter\BaseModel->save(Array)
#8 C:\Users\Proprietaire\Desktop\ppe_chopesgames\system\CodeIgniter.php(824): App\Controllers\AdministrateurSuper->ajouter_une_categorie()
#9 C:\Users\Proprietaire\Desktop\ppe_chopesgames\system\CodeIgniter.php(410): CodeIgniter\CodeIgniter->runController(Object(App\Controllers\AdministrateurSuper))
#10 C:\Users\Proprietaire\Desktop\ppe_chopesgames\system\CodeIgniter.php(318): CodeIgniter\CodeIgniter->handleRequest(NULL, Object(Config\Cache), false)
#11 C:\Users\Proprietaire\Desktop\ppe_chopesgames\public\index.php(37): CodeIgniter\CodeIgniter->run()
#12 C:\Users\Proprietaire\Desktop\ppe_chopesgames\system\Commands\Server\rewrite.php(43): require_once('C:\\Users\\Propri...')
#13 {main}
CRITICAL - 2023-05-06 05:38:11 --> Allowed fields must be specified for model: App\Models\ModeleCategorie
#0 C:\Users\Proprietaire\Desktop\ppe_chopesgames\system\BaseModel.php(1138): CodeIgniter\Database\Exceptions\DataException::forInvalidAllowedFields('App\\Models\\Mode...')
#1 C:\Users\Proprietaire\Desktop\ppe_chopesgames\system\BaseModel.php(713): CodeIgniter\BaseModel->doProtectFields(Array)
#2 C:\Users\Proprietaire\Desktop\ppe_chopesgames\system\Model.php(620): CodeIgniter\BaseModel->insert(Array, true)
#3 C:\Users\Proprietaire\Desktop\ppe_chopesgames\app\Controllers\AdministrateurSuper.php(117): CodeIgniter\Model->insert(Array)
#4 C:\Users\Proprietaire\Desktop\ppe_chopesgames\system\CodeIgniter.php(824): App\Controllers\AdministrateurSuper->ajouter_une_categorie()
#5 C:\Users\Proprietaire\Desktop\ppe_chopesgames\system\CodeIgniter.php(410): CodeIgniter\CodeIgniter->runController(Object(App\Controllers\AdministrateurSuper))
#6 C:\Users\Proprietaire\Desktop\ppe_chopesgames\system\CodeIgniter.php(318): CodeIgniter\CodeIgniter->handleRequest(NULL, Object(Config\Cache), false)
#7 C:\Users\Proprietaire\Desktop\ppe_chopesgames\public\index.php(37): CodeIgniter\CodeIgniter->run()
#8 C:\Users\Proprietaire\Desktop\ppe_chopesgames\system\Commands\Server\rewrite.php(43): require_once('C:\\Users\\Propri...')
#9 {main}
CRITICAL - 2023-05-06 05:38:18 --> Allowed fields must be specified for model: App\Models\ModeleCategorie
#0 C:\Users\Proprietaire\Desktop\ppe_chopesgames\system\BaseModel.php(1138): CodeIgniter\Database\Exceptions\DataException::forInvalidAllowedFields('App\\Models\\Mode...')
#1 C:\Users\Proprietaire\Desktop\ppe_chopesgames\system\BaseModel.php(713): CodeIgniter\BaseModel->doProtectFields(Array)
#2 C:\Users\Proprietaire\Desktop\ppe_chopesgames\system\Model.php(620): CodeIgniter\BaseModel->insert(Array, true)
#3 C:\Users\Proprietaire\Desktop\ppe_chopesgames\app\Controllers\AdministrateurSuper.php(117): CodeIgniter\Model->insert(Array)
#4 C:\Users\Proprietaire\Desktop\ppe_chopesgames\system\CodeIgniter.php(824): App\Controllers\AdministrateurSuper->ajouter_une_categorie()
#5 C:\Users\Proprietaire\Desktop\ppe_chopesgames\system\CodeIgniter.php(410): CodeIgniter\CodeIgniter->runController(Object(App\Controllers\AdministrateurSuper))
#6 C:\Users\Proprietaire\Desktop\ppe_chopesgames\system\CodeIgniter.php(318): CodeIgniter\CodeIgniter->handleRequest(NULL, Object(Config\Cache), false)
#7 C:\Users\Proprietaire\Desktop\ppe_chopesgames\public\index.php(37): CodeIgniter\CodeIgniter->run()
#8 C:\Users\Proprietaire\Desktop\ppe_chopesgames\system\Commands\Server\rewrite.php(43): require_once('C:\\Users\\Propri...')
#9 {main}
CRITICAL - 2023-05-06 05:41:30 --> Allowed fields must be specified for model: App\Models\ModeleCategorie
#0 C:\Users\Proprietaire\Desktop\ppe_chopesgames\system\BaseModel.php(1138): CodeIgniter\Database\Exceptions\DataException::forInvalidAllowedFields('App\\Models\\Mode...')
#1 C:\Users\Proprietaire\Desktop\ppe_chopesgames\system\BaseModel.php(713): CodeIgniter\BaseModel->doProtectFields(Array)
#2 C:\Users\Proprietaire\Desktop\ppe_chopesgames\system\Model.php(620): CodeIgniter\BaseModel->insert(Array, true)
#3 C:\Users\Proprietaire\Desktop\ppe_chopesgames\app\Controllers\AdministrateurSuper.php(119): CodeIgniter\Model->insert(Array)
#4 C:\Users\Proprietaire\Desktop\ppe_chopesgames\system\CodeIgniter.php(824): App\Controllers\AdministrateurSuper->ajouter_une_categorie()
#5 C:\Users\Proprietaire\Desktop\ppe_chopesgames\system\CodeIgniter.php(410): CodeIgniter\CodeIgniter->runController(Object(App\Controllers\AdministrateurSuper))
#6 C:\Users\Proprietaire\Desktop\ppe_chopesgames\system\CodeIgniter.php(318): CodeIgniter\CodeIgniter->handleRequest(NULL, Object(Config\Cache), false)
#7 C:\Users\Proprietaire\Desktop\ppe_chopesgames\public\index.php(37): CodeIgniter\CodeIgniter->run()
#8 C:\Users\Proprietaire\Desktop\ppe_chopesgames\system\Commands\Server\rewrite.php(43): require_once('C:\\Users\\Propri...')
#9 {main}
CRITICAL - 2023-05-06 09:35:33 --> Allowed fields must be specified for model: App\Models\ModeleAdministrateur
#0 C:\Users\Proprietaire\Desktop\ppe_chopesgames\system\BaseModel.php(1138): CodeIgniter\Database\Exceptions\DataException::forInvalidAllowedFields('App\\Models\\Mode...')
#1 C:\Users\Proprietaire\Desktop\ppe_chopesgames\system\BaseModel.php(713): CodeIgniter\BaseModel->doProtectFields(Array)
#2 C:\Users\Proprietaire\Desktop\ppe_chopesgames\system\Model.php(620): CodeIgniter\BaseModel->insert(Array, true)
#3 C:\Users\Proprietaire\Desktop\ppe_chopesgames\app\Controllers\AdministrateurSuper.php(181): CodeIgniter\Model->insert(Array)
#4 C:\Users\Proprietaire\Desktop\ppe_chopesgames\system\CodeIgniter.php(824): App\Controllers\AdministrateurSuper->ajouter_un_administrateur()
#5 C:\Users\Proprietaire\Desktop\ppe_chopesgames\system\CodeIgniter.php(410): CodeIgniter\CodeIgniter->runController(Object(App\Controllers\AdministrateurSuper))
#6 C:\Users\Proprietaire\Desktop\ppe_chopesgames\system\CodeIgniter.php(318): CodeIgniter\CodeIgniter->handleRequest(NULL, Object(Config\Cache), false)
#7 C:\Users\Proprietaire\Desktop\ppe_chopesgames\public\index.php(37): CodeIgniter\CodeIgniter->run()
#8 C:\Users\Proprietaire\Desktop\ppe_chopesgames\system\Commands\Server\rewrite.php(43): require_once('C:\\Users\\Propri...')
#9 {main}
ERROR - 2023-05-06 09:40:37 --> Duplicata du champ '' pour la clef 'administrateur.PRIMARY'
CRITICAL - 2023-05-06 09:40:37 --> Duplicata du champ '' pour la clef 'administrateur.PRIMARY'
#0 C:\Users\Proprietaire\Desktop\ppe_chopesgames\system\Database\MySQLi\Connection.php(292): mysqli->query('INSERT INTO `ad...', 0)
#1 C:\Users\Proprietaire\Desktop\ppe_chopesgames\system\Database\BaseConnection.php(670): CodeIgniter\Database\MySQLi\Connection->execute('INSERT INTO `ad...')
#2 C:\Users\Proprietaire\Desktop\ppe_chopesgames\system\Database\BaseConnection.php(598): CodeIgniter\Database\BaseConnection->simpleQuery('INSERT INTO `ad...')
#3 C:\Users\Proprietaire\Desktop\ppe_chopesgames\system\Database\BaseBuilder.php(1759): CodeIgniter\Database\BaseConnection->query('INSERT INTO `ad...', Array, false)
#4 C:\Users\Proprietaire\Desktop\ppe_chopesgames\system\Model.php(239): CodeIgniter\Database\BaseBuilder->insert()
#5 C:\Users\Proprietaire\Desktop\ppe_chopesgames\system\BaseModel.php(738): CodeIgniter\Model->doInsert(Array)
#6 C:\Users\Proprietaire\Desktop\ppe_chopesgames\system\Model.php(620): CodeIgniter\BaseModel->insert(Array, true)
#7 C:\Users\Proprietaire\Desktop\ppe_chopesgames\app\Controllers\AdministrateurSuper.php(181): CodeIgniter\Model->insert(Array)
#8 C:\Users\Proprietaire\Desktop\ppe_chopesgames\system\CodeIgniter.php(824): App\Controllers\AdministrateurSuper->ajouter_un_administrateur()
#9 C:\Users\Proprietaire\Desktop\ppe_chopesgames\system\CodeIgniter.php(410): CodeIgniter\CodeIgniter->runController(Object(App\Controllers\AdministrateurSuper))
#10 C:\Users\Proprietaire\Desktop\ppe_chopesgames\system\CodeIgniter.php(318): CodeIgniter\CodeIgniter->handleRequest(NULL, Object(Config\Cache), false)
#11 C:\Users\Proprietaire\Desktop\ppe_chopesgames\public\index.php(37): CodeIgniter\CodeIgniter->run()
#12 C:\Users\Proprietaire\Desktop\ppe_chopesgames\system\Commands\Server\rewrite.php(43): require_once('C:\\Users\\Propri...')
#13 {main}
CRITICAL - 2023-05-06 10:05:20 --> syntax error, unexpected end of file
#0 C:\Users\Proprietaire\Desktop\ppe_chopesgames\system\View\View.php(217): CodeIgniter\View\View->CodeIgniter\View\{closure}()
#1 C:\Users\Proprietaire\Desktop\ppe_chopesgames\system\Common.php(1097): CodeIgniter\View\View->render('AdministrateurS...', Array, true)
#2 C:\Users\Proprietaire\Desktop\ppe_chopesgames\app\Controllers\AdministrateurSuper.php(172): view('AdministrateurS...')
#3 C:\Users\Proprietaire\Desktop\ppe_chopesgames\system\CodeIgniter.php(824): App\Controllers\AdministrateurSuper->ajouter_un_administrateur()
#4 C:\Users\Proprietaire\Desktop\ppe_chopesgames\system\CodeIgniter.php(410): CodeIgniter\CodeIgniter->runController(Object(App\Controllers\AdministrateurSuper))
#5 C:\Users\Proprietaire\Desktop\ppe_chopesgames\system\CodeIgniter.php(318): CodeIgniter\CodeIgniter->handleRequest(NULL, Object(Config\Cache), false)
#6 C:\Users\Proprietaire\Desktop\ppe_chopesgames\public\index.php(37): CodeIgniter\CodeIgniter->run()
#7 C:\Users\Proprietaire\Desktop\ppe_chopesgames\system\Commands\Server\rewrite.php(43): require_once('C:\\Users\\Propri...')
#8 {main}
CRITICAL - 2023-05-06 10:06:12 --> Array to string conversion
#0 C:\Users\Proprietaire\Desktop\ppe_chopesgames\app\Views\AdministrateurSuper\ajouter_un_administrateur.php(35): CodeIgniter\Debug\Exceptions->errorHandler(2, 'Array to string...', 'C:\\Users\\Propri...', 35)
#1 C:\Users\Proprietaire\Desktop\ppe_chopesgames\system\View\View.php(214): include('C:\\Users\\Propri...')
#2 C:\Users\Proprietaire\Desktop\ppe_chopesgames\system\View\View.php(217): CodeIgniter\View\View->CodeIgniter\View\{closure}()
#3 C:\Users\Proprietaire\Desktop\ppe_chopesgames\system\Common.php(1097): CodeIgniter\View\View->render('AdministrateurS...', Array, true)
#4 C:\Users\Proprietaire\Desktop\ppe_chopesgames\app\Controllers\AdministrateurSuper.php(172): view('AdministrateurS...')
#5 C:\Users\Proprietaire\Desktop\ppe_chopesgames\system\CodeIgniter.php(824): App\Controllers\AdministrateurSuper->ajouter_un_administrateur()
#6 C:\Users\Proprietaire\Desktop\ppe_chopesgames\system\CodeIgniter.php(410): CodeIgniter\CodeIgniter->runController(Object(App\Controllers\AdministrateurSuper))
#7 C:\Users\Proprietaire\Desktop\ppe_chopesgames\system\CodeIgniter.php(318): CodeIgniter\CodeIgniter->handleRequest(NULL, Object(Config\Cache), false)
#8 C:\Users\Proprietaire\Desktop\ppe_chopesgames\public\index.php(37): CodeIgniter\CodeIgniter->run()
#9 C:\Users\Proprietaire\Desktop\ppe_chopesgames\system\Commands\Server\rewrite.php(43): require_once('C:\\Users\\Propri...')
#10 {main}
CRITICAL - 2023-05-06 10:06:13 --> Array to string conversion
#0 C:\Users\Proprietaire\Desktop\ppe_chopesgames\app\Views\AdministrateurSuper\ajouter_un_administrateur.php(35): CodeIgniter\Debug\Exceptions->errorHandler(2, 'Array to string...', 'C:\\Users\\Propri...', 35)
#1 C:\Users\Proprietaire\Desktop\ppe_chopesgames\system\View\View.php(214): include('C:\\Users\\Propri...')
#2 C:\Users\Proprietaire\Desktop\ppe_chopesgames\system\View\View.php(217): CodeIgniter\View\View->CodeIgniter\View\{closure}()
#3 C:\Users\Proprietaire\Desktop\ppe_chopesgames\system\Common.php(1097): CodeIgniter\View\View->render('AdministrateurS...', Array, true)
#4 C:\Users\Proprietaire\Desktop\ppe_chopesgames\app\Controllers\AdministrateurSuper.php(172): view('AdministrateurS...')
#5 C:\Users\Proprietaire\Desktop\ppe_chopesgames\system\CodeIgniter.php(824): App\Controllers\AdministrateurSuper->ajouter_un_administrateur()
#6 C:\Users\Proprietaire\Desktop\ppe_chopesgames\system\CodeIgniter.php(410): CodeIgniter\CodeIgniter->runController(Object(App\Controllers\AdministrateurSuper))
#7 C:\Users\Proprietaire\Desktop\ppe_chopesgames\system\CodeIgniter.php(318): CodeIgniter\CodeIgniter->handleRequest(NULL, Object(Config\Cache), false)
#8 C:\Users\Proprietaire\Desktop\ppe_chopesgames\public\index.php(37): CodeIgniter\CodeIgniter->run()
#9 C:\Users\Proprietaire\Desktop\ppe_chopesgames\system\Commands\Server\rewrite.php(43): require_once('C:\\Users\\Propri...')
#10 {main}
CRITICAL - 2023-05-06 12:10:54 --> Undefined array key "Emp"
#0 C:\Users\Proprietaire\Desktop\ppe_chopesgames\app\Controllers\AdministrateurSuper.php(172): CodeIgniter\Debug\Exceptions->errorHandler(2, 'Undefined array...', 'C:\\Users\\Propri...', 172)
#1 C:\Users\Proprietaire\Desktop\ppe_chopesgames\system\CodeIgniter.php(824): App\Controllers\AdministrateurSuper->ajouter_un_administrateur()
#2 C:\Users\Proprietaire\Desktop\ppe_chopesgames\system\CodeIgniter.php(410): CodeIgniter\CodeIgniter->runController(Object(App\Controllers\AdministrateurSuper))
#3 C:\Users\Proprietaire\Desktop\ppe_chopesgames\system\CodeIgniter.php(318): CodeIgniter\CodeIgniter->handleRequest(NULL, Object(Config\Cache), false)
#4 C:\Users\Proprietaire\Desktop\ppe_chopesgames\public\index.php(37): CodeIgniter\CodeIgniter->run()
#5 C:\Users\Proprietaire\Desktop\ppe_chopesgames\system\Commands\Server\rewrite.php(43): require_once('C:\\Users\\Propri...')
#6 {main}
CRITICAL - 2023-05-06 12:10:58 --> Undefined array key "Emp"
#0 C:\Users\Proprietaire\Desktop\ppe_chopesgames\app\Controllers\AdministrateurSuper.php(172): CodeIgniter\Debug\Exceptions->errorHandler(2, 'Undefined array...', 'C:\\Users\\Propri...', 172)
#1 C:\Users\Proprietaire\Desktop\ppe_chopesgames\system\CodeIgniter.php(824): App\Controllers\AdministrateurSuper->ajouter_un_administrateur()
#2 C:\Users\Proprietaire\Desktop\ppe_chopesgames\system\CodeIgniter.php(410): CodeIgniter\CodeIgniter->runController(Object(App\Controllers\AdministrateurSuper))
#3 C:\Users\Proprietaire\Desktop\ppe_chopesgames\system\CodeIgniter.php(318): CodeIgniter\CodeIgniter->handleRequest(NULL, Object(Config\Cache), false)
#4 C:\Users\Proprietaire\Desktop\ppe_chopesgames\public\index.php(37): CodeIgniter\CodeIgniter->run()
#5 C:\Users\Proprietaire\Desktop\ppe_chopesgames\system\Commands\Server\rewrite.php(43): require_once('C:\\Users\\Propri...')
#6 {main}
CRITICAL - 2023-05-06 12:11:31 --> Undefined array key "Emp"
#0 C:\Users\Proprietaire\Desktop\ppe_chopesgames\app\Controllers\AdministrateurSuper.php(172): CodeIgniter\Debug\Exceptions->errorHandler(2, 'Undefined array...', 'C:\\Users\\Propri...', 172)
#1 C:\Users\Proprietaire\Desktop\ppe_chopesgames\system\CodeIgniter.php(824): App\Controllers\AdministrateurSuper->ajouter_un_administrateur()
#2 C:\Users\Proprietaire\Desktop\ppe_chopesgames\system\CodeIgniter.php(410): CodeIgniter\CodeIgniter->runController(Object(App\Controllers\AdministrateurSuper))
#3 C:\Users\Proprietaire\Desktop\ppe_chopesgames\system\CodeIgniter.php(318): CodeIgniter\CodeIgniter->handleRequest(NULL, Object(Config\Cache), false)
#4 C:\Users\Proprietaire\Desktop\ppe_chopesgames\public\index.php(37): CodeIgniter\CodeIgniter->run()
#5 C:\Users\Proprietaire\Desktop\ppe_chopesgames\system\Commands\Server\rewrite.php(43): require_once('C:\\Users\\Propri...')
#6 {main}
CRITICAL - 2023-05-06 12:11:34 --> Undefined array key "Emp"
#0 C:\Users\Proprietaire\Desktop\ppe_chopesgames\app\Controllers\AdministrateurSuper.php(172): CodeIgniter\Debug\Exceptions->errorHandler(2, 'Undefined array...', 'C:\\Users\\Propri...', 172)
#1 C:\Users\Proprietaire\Desktop\ppe_chopesgames\system\CodeIgniter.php(824): App\Controllers\AdministrateurSuper->ajouter_un_administrateur()
#2 C:\Users\Proprietaire\Desktop\ppe_chopesgames\system\CodeIgniter.php(410): CodeIgniter\CodeIgniter->runController(Object(App\Controllers\AdministrateurSuper))
#3 C:\Users\Proprietaire\Desktop\ppe_chopesgames\system\CodeIgniter.php(318): CodeIgniter\CodeIgniter->handleRequest(NULL, Object(Config\Cache), false)
#4 C:\Users\Proprietaire\Desktop\ppe_chopesgames\public\index.php(37): CodeIgniter\CodeIgniter->run()
#5 C:\Users\Proprietaire\Desktop\ppe_chopesgames\system\Commands\Server\rewrite.php(43): require_once('C:\\Users\\Propri...')
#6 {main}
