ERROR - 2023-05-23 05:27:49 --> Duplicata du champ 'test' pour la clef 'nouvelles.PRIMARY'
CRITICAL - 2023-05-23 05:27:49 --> Duplicata du champ 'test' pour la clef 'nouvelles.PRIMARY'
#0 C:\Users\Proprietaire\Desktop\ppe_chopesgames\system\Database\MySQLi\Connection.php(292): mysqli->query('INSERT INTO `no...', 0)
#1 C:\Users\Proprietaire\Desktop\ppe_chopesgames\system\Database\BaseConnection.php(670): CodeIgniter\Database\MySQLi\Connection->execute('INSERT INTO `no...')
#2 C:\Users\Proprietaire\Desktop\ppe_chopesgames\system\Database\BaseConnection.php(598): CodeIgniter\Database\BaseConnection->simpleQuery('INSERT INTO `no...')
#3 C:\Users\Proprietaire\Desktop\ppe_chopesgames\system\Database\BaseBuilder.php(1759): CodeIgniter\Database\BaseConnection->query('INSERT INTO `no...', Array, false)
#4 C:\Users\Proprietaire\Desktop\ppe_chopesgames\system\Model.php(239): CodeIgniter\Database\BaseBuilder->insert()
#5 C:\Users\Proprietaire\Desktop\ppe_chopesgames\system\BaseModel.php(738): CodeIgniter\Model->doInsert(Array)
#6 C:\Users\Proprietaire\Desktop\ppe_chopesgames\system\Model.php(620): CodeIgniter\BaseModel->insert(Array, true)
#7 C:\Users\Proprietaire\Desktop\ppe_chopesgames\app\Controllers\AdministrateurSuper.php(387): CodeIgniter\Model->insert(Array)
#8 C:\Users\Proprietaire\Desktop\ppe_chopesgames\system\CodeIgniter.php(824): App\Controllers\AdministrateurSuper->envoyer_newsletter()
#9 C:\Users\Proprietaire\Desktop\ppe_chopesgames\system\CodeIgniter.php(410): CodeIgniter\CodeIgniter->runController(Object(App\Controllers\AdministrateurSuper))
#10 C:\Users\Proprietaire\Desktop\ppe_chopesgames\system\CodeIgniter.php(318): CodeIgniter\CodeIgniter->handleRequest(NULL, Object(Config\Cache), false)
#11 C:\Users\Proprietaire\Desktop\ppe_chopesgames\public\index.php(37): CodeIgniter\CodeIgniter->run()
#12 C:\Users\Proprietaire\Desktop\ppe_chopesgames\system\Commands\Server\rewrite.php(43): require_once('C:\\Users\\Propri...')
#13 {main}
CRITICAL - 2023-05-23 05:34:12 --> There is no data to insert.
#0 C:\Users\Proprietaire\Desktop\ppe_chopesgames\system\BaseModel.php(718): CodeIgniter\Database\Exceptions\DataException::forEmptyDataset('insert')
#1 C:\Users\Proprietaire\Desktop\ppe_chopesgames\system\Model.php(620): CodeIgniter\BaseModel->insert(Array, true)
#2 C:\Users\Proprietaire\Desktop\ppe_chopesgames\app\Controllers\AdministrateurSuper.php(392): CodeIgniter\Model->insert(Array)
#3 C:\Users\Proprietaire\Desktop\ppe_chopesgames\system\CodeIgniter.php(824): App\Controllers\AdministrateurSuper->envoyer_newsletter()
#4 C:\Users\Proprietaire\Desktop\ppe_chopesgames\system\CodeIgniter.php(410): CodeIgniter\CodeIgniter->runController(Object(App\Controllers\AdministrateurSuper))
#5 C:\Users\Proprietaire\Desktop\ppe_chopesgames\system\CodeIgniter.php(318): CodeIgniter\CodeIgniter->handleRequest(NULL, Object(Config\Cache), false)
#6 C:\Users\Proprietaire\Desktop\ppe_chopesgames\public\index.php(37): CodeIgniter\CodeIgniter->run()
#7 C:\Users\Proprietaire\Desktop\ppe_chopesgames\system\Commands\Server\rewrite.php(43): require_once('C:\\Users\\Propri...')
#8 {main}
ERROR - 2023-05-23 05:34:58 --> Duplicata du champ 'testfrffrfsdfsdfdsfrwerwesfdfs' pour la clef 'nouvelles.PRIMARY'
CRITICAL - 2023-05-23 05:34:58 --> Duplicata du champ 'testfrffrfsdfsdfdsfrwerwesfdfs' pour la clef 'nouvelles.PRIMARY'
#0 C:\Users\Proprietaire\Desktop\ppe_chopesgames\system\Database\MySQLi\Connection.php(292): mysqli->query('INSERT INTO `no...', 0)
#1 C:\Users\Proprietaire\Desktop\ppe_chopesgames\system\Database\BaseConnection.php(670): CodeIgniter\Database\MySQLi\Connection->execute('INSERT INTO `no...')
#2 C:\Users\Proprietaire\Desktop\ppe_chopesgames\system\Database\BaseConnection.php(598): CodeIgniter\Database\BaseConnection->simpleQuery('INSERT INTO `no...')
#3 C:\Users\Proprietaire\Desktop\ppe_chopesgames\system\Database\BaseBuilder.php(1759): CodeIgniter\Database\BaseConnection->query('INSERT INTO `no...', Array, false)
#4 C:\Users\Proprietaire\Desktop\ppe_chopesgames\system\Model.php(239): CodeIgniter\Database\BaseBuilder->insert()
#5 C:\Users\Proprietaire\Desktop\ppe_chopesgames\system\BaseModel.php(738): CodeIgniter\Model->doInsert(Array)
#6 C:\Users\Proprietaire\Desktop\ppe_chopesgames\system\Model.php(620): CodeIgniter\BaseModel->insert(Array, true)
#7 C:\Users\Proprietaire\Desktop\ppe_chopesgames\app\Controllers\AdministrateurSuper.php(388): CodeIgniter\Model->insert(Array)
#8 C:\Users\Proprietaire\Desktop\ppe_chopesgames\system\CodeIgniter.php(824): App\Controllers\AdministrateurSuper->envoyer_newsletter()
#9 C:\Users\Proprietaire\Desktop\ppe_chopesgames\system\CodeIgniter.php(410): CodeIgniter\CodeIgniter->runController(Object(App\Controllers\AdministrateurSuper))
#10 C:\Users\Proprietaire\Desktop\ppe_chopesgames\system\CodeIgniter.php(318): CodeIgniter\CodeIgniter->handleRequest(NULL, Object(Config\Cache), false)
#11 C:\Users\Proprietaire\Desktop\ppe_chopesgames\public\index.php(37): CodeIgniter\CodeIgniter->run()
#12 C:\Users\Proprietaire\Desktop\ppe_chopesgames\system\Commands\Server\rewrite.php(43): require_once('C:\\Users\\Propri...')
#13 {main}
